train_donor: label=emnist_kt  seed=48  arm=grown_uncapped_dream  epochs/task=8
  tasks   = ['emnist_letters_10_11', 'emnist_letters_12_13', 'emnist_letters_14_15', 'emnist_letters_16_17', 'emnist_letters_18_19']
  classes = [30, 31, 32, 33, 34, 35, 36, 37, 38, 39]  dataset=emnist_letters
[datasets] loading emnist_letters (train) ...
[datasets] loading emnist_letters (test)  ...
[grown_uncapped_dream] L0 factored as R_donor · S  (donor_seed=48, protocol_seed=0xFEEDFACE)

[grown_uncapped_dream] start — arch (128, 32, 2)  params 104674 (trainable 4194)  growth=True dream=True  cap_bytes=2147483648  K=5  passes=1  epochs/task=8  rehearsal=off  lwf=off  brainstem=off  engrams=off  hippocampus=off  differential=off  manifold=on

[grown_uncapped_dream] >>> PASS 1/1  grows_per_task=4  (developmental)

[grown_uncapped_dream] === Pass 1/1 Task 1/5: emnist_letters_10_11 (active [30, 31])  pre-arch=[128, 32, 32] params=105664 (trainable 5184/∞) ===
  [grown_uncapped_dream] task 1/5 (emnist_letters_10_11) epoch 1/8 [settle]  avg_loss 0.3368  last_loss 0.2393  steps 150  arch [128, 32, 32]
  [grown_uncapped_dream] task 1/5 (emnist_letters_10_11) epoch 2/8 [settle]  avg_loss 0.1659  last_loss 0.1590  steps 300  arch [128, 32, 32]
  [grown_uncapped_dream] GROWTH after settle: 4/4 allowed, 0 denied  new arch=[128, 36, 32] params=106308 (trainable 5828)
  [grown_uncapped_dream] task 1/5 (emnist_letters_10_11) epoch 3/8 [post-grow]  avg_loss 0.1323  last_loss 0.1006  steps 150  arch [128, 36, 32]
  [grown_uncapped_dream] task 1/5 (emnist_letters_10_11) epoch 4/8 [post-grow]  avg_loss 0.1149  last_loss 0.1200  steps 300  arch [128, 36, 32]
  [grown_uncapped_dream] task 1/5 (emnist_letters_10_11) epoch 5/8 [post-grow]  avg_loss 0.1017  last_loss 0.0634  steps 450  arch [128, 36, 32]
  [grown_uncapped_dream] task 1/5 (emnist_letters_10_11) epoch 6/8 [post-grow]  avg_loss 0.0919  last_loss 0.0936  steps 600  arch [128, 36, 32]
  [grown_uncapped_dream] task 1/5 (emnist_letters_10_11) epoch 7/8 [post-grow]  avg_loss 0.0826  last_loss 0.0940  steps 750  arch [128, 36, 32]
  [grown_uncapped_dream] task 1/5 (emnist_letters_10_11) epoch 8/8 [post-grow]  avg_loss 0.0769  last_loss 0.0774  steps 900  arch [128, 36, 32]
  [grown_uncapped_dream] post-task DREAM: replay 0.0471→0.0691 on 1p; merges=0 purges=0 latched=0 → arch [128, 36, 32] (106308→106308 params)
[grown_uncapped_dream] After pass 1 task 1: own=0.8612 (domain 0.9638, task 0.9638)  avg=0.8612 (domain 0.9638, task 0.9638)  arch=[128, 36, 32] params=106308 (trainable 5828)  cum_grows=4 cum_denied=0 cum_purges=0 cum_latched=0

[grown_uncapped_dream] === Pass 1/1 Task 2/5: emnist_letters_12_13 (active [32, 33])  pre-arch=[128, 36, 34] params=106382 (trainable 5902/∞) ===
  [grown_uncapped_dream] task 2/5 (emnist_letters_12_13) epoch 1/8 [settle]  avg_loss 0.4955  last_loss 0.4487  steps 150  arch [128, 36, 34]
  [grown_uncapped_dream] task 2/5 (emnist_letters_12_13) epoch 2/8 [settle]  avg_loss 0.3401  last_loss 0.3791  steps 300  arch [128, 36, 34]
  [grown_uncapped_dream] GROWTH after settle: 4/4 allowed, 0 denied  new arch=[128, 40, 34] params=107034 (trainable 6554)
  [grown_uncapped_dream] task 2/5 (emnist_letters_12_13) epoch 3/8 [post-grow]  avg_loss 0.3136  last_loss 0.3264  steps 150  arch [128, 40, 34]
  [grown_uncapped_dream] task 2/5 (emnist_letters_12_13) epoch 4/8 [post-grow]  avg_loss 0.2909  last_loss 0.2933  steps 300  arch [128, 40, 34]
  [grown_uncapped_dream] task 2/5 (emnist_letters_12_13) epoch 5/8 [post-grow]  avg_loss 0.2715  last_loss 0.3023  steps 450  arch [128, 40, 34]
  [grown_uncapped_dream] task 2/5 (emnist_letters_12_13) epoch 6/8 [post-grow]  avg_loss 0.2560  last_loss 0.2347  steps 600  arch [128, 40, 34]
  [grown_uncapped_dream] task 2/5 (emnist_letters_12_13) epoch 7/8 [post-grow]  avg_loss 0.2446  last_loss 0.1872  steps 750  arch [128, 40, 34]
  [grown_uncapped_dream] task 2/5 (emnist_letters_12_13) epoch 8/8 [post-grow]  avg_loss 0.2379  last_loss 0.2734  steps 900  arch [128, 40, 34]
  [grown_uncapped_dream] post-task DREAM: replay 0.2298→0.1869 on 1p; merges=0 purges=0 latched=0 → arch [128, 40, 34] (107034→107034 params)
[grown_uncapped_dream] After pass 1 task 2: own=0.0000 (domain 0.0000, task 0.9081)  avg=0.4753 (domain 0.4753, task 0.9294)  arch=[128, 40, 34] params=107034 (trainable 6554)  cum_grows=8 cum_denied=0 cum_purges=0 cum_latched=0

[grown_uncapped_dream] === Pass 1/1 Task 3/5: emnist_letters_14_15 (active [34, 35])  pre-arch=[128, 40, 36] params=107116 (trainable 6636/∞) ===
  [grown_uncapped_dream] task 3/5 (emnist_letters_14_15) epoch 1/8 [settle]  avg_loss 0.3500  last_loss 0.1782  steps 150  arch [128, 40, 36]
  [grown_uncapped_dream] task 3/5 (emnist_letters_14_15) epoch 2/8 [settle]  avg_loss 0.1611  last_loss 0.1526  steps 300  arch [128, 40, 36]
  [grown_uncapped_dream] GROWTH after settle: 4/4 allowed, 0 denied  new arch=[128, 44, 36] params=107776 (trainable 7296)
  [grown_uncapped_dream] task 3/5 (emnist_letters_14_15) epoch 3/8 [post-grow]  avg_loss 0.1121  last_loss 0.0599  steps 150  arch [128, 44, 36]
  [grown_uncapped_dream] task 3/5 (emnist_letters_14_15) epoch 4/8 [post-grow]  avg_loss 0.0846  last_loss 0.0948  steps 300  arch [128, 44, 36]
  [grown_uncapped_dream] task 3/5 (emnist_letters_14_15) epoch 5/8 [post-grow]  avg_loss 0.0690  last_loss 0.0314  steps 450  arch [128, 44, 36]
  [grown_uncapped_dream] task 3/5 (emnist_letters_14_15) epoch 6/8 [post-grow]  avg_loss 0.0584  last_loss 0.0324  steps 600  arch [128, 44, 36]
  [grown_uncapped_dream] task 3/5 (emnist_letters_14_15) epoch 7/8 [post-grow]  avg_loss 0.0515  last_loss 0.0357  steps 750  arch [128, 44, 36]
  [grown_uncapped_dream] task 3/5 (emnist_letters_14_15) epoch 8/8 [post-grow]  avg_loss 0.0474  last_loss 0.0970  steps 900  arch [128, 44, 36]
  [grown_uncapped_dream] post-task DREAM: replay 0.1790→0.1368 on 1p; merges=0 purges=0 latched=0 → arch [128, 44, 36] (107776→107776 params)
[grown_uncapped_dream] After pass 1 task 3: own=0.0000 (domain 0.0000, task 0.9887)  avg=0.5783 (domain 0.5783, task 0.9498)  arch=[128, 44, 36] params=107776 (trainable 7296)  cum_grows=12 cum_denied=0 cum_purges=0 cum_latched=0

[grown_uncapped_dream] === Pass 1/1 Task 4/5: emnist_letters_16_17 (active [36, 37])  pre-arch=[128, 44, 38] params=107866 (trainable 7386/∞) ===
  [grown_uncapped_dream] task 4/5 (emnist_letters_16_17) epoch 1/8 [settle]  avg_loss 0.4268  last_loss 0.2891  steps 150  arch [128, 44, 38]
  [grown_uncapped_dream] task 4/5 (emnist_letters_16_17) epoch 2/8 [settle]  avg_loss 0.2330  last_loss 0.2268  steps 300  arch [128, 44, 38]
  [grown_uncapped_dream] GROWTH after settle: 4/4 allowed, 0 denied  new arch=[128, 48, 38] params=108534 (trainable 8054)
  [grown_uncapped_dream] task 4/5 (emnist_letters_16_17) epoch 3/8 [post-grow]  avg_loss 0.1949  last_loss 0.2479  steps 150  arch [128, 48, 38]
  [grown_uncapped_dream] task 4/5 (emnist_letters_16_17) epoch 4/8 [post-grow]  avg_loss 0.1674  last_loss 0.1244  steps 300  arch [128, 48, 38]
  [grown_uncapped_dream] task 4/5 (emnist_letters_16_17) epoch 5/8 [post-grow]  avg_loss 0.1511  last_loss 0.1959  steps 450  arch [128, 48, 38]
  [grown_uncapped_dream] task 4/5 (emnist_letters_16_17) epoch 6/8 [post-grow]  avg_loss 0.1415  last_loss 0.1010  steps 600  arch [128, 48, 38]
  [grown_uncapped_dream] task 4/5 (emnist_letters_16_17) epoch 7/8 [post-grow]  avg_loss 0.1358  last_loss 0.3068  steps 750  arch [128, 48, 38]
  [grown_uncapped_dream] task 4/5 (emnist_letters_16_17) epoch 8/8 [post-grow]  avg_loss 0.1316  last_loss 0.1386  steps 900  arch [128, 48, 38]
  [grown_uncapped_dream] post-task DREAM: replay 0.3400→0.1158 on 1p; merges=0 purges=0 latched=0 → arch [128, 48, 38] (108534→108534 params)
[grown_uncapped_dream] After pass 1 task 4: own=0.0012 (domain 0.0012, task 0.9469)  avg=0.6370 (domain 0.6370, task 0.9433)  arch=[128, 48, 38] params=108534 (trainable 8054)  cum_grows=16 cum_denied=0 cum_purges=0 cum_latched=0

[grown_uncapped_dream] === Pass 1/1 Task 5/5: emnist_letters_18_19 (active [38, 39])  pre-arch=[128, 48, 40] params=108632 (trainable 8152/∞) ===
  [grown_uncapped_dream] task 5/5 (emnist_letters_18_19) epoch 1/8 [settle]  avg_loss 0.4260  last_loss 0.2606  steps 150  arch [128, 48, 40]
  [grown_uncapped_dream] task 5/5 (emnist_letters_18_19) epoch 2/8 [settle]  avg_loss 0.2231  last_loss 0.1592  steps 300  arch [128, 48, 40]
  [grown_uncapped_dream] GROWTH after settle: 4/4 allowed, 0 denied  new arch=[128, 52, 40] params=109308 (trainable 8828)
  [grown_uncapped_dream] task 5/5 (emnist_letters_18_19) epoch 3/8 [post-grow]  avg_loss 0.1746  last_loss 0.2269  steps 150  arch [128, 52, 40]
  [grown_uncapped_dream] task 5/5 (emnist_letters_18_19) epoch 4/8 [post-grow]  avg_loss 0.1389  last_loss 0.1148  steps 300  arch [128, 52, 40]
  [grown_uncapped_dream] task 5/5 (emnist_letters_18_19) epoch 5/8 [post-grow]  avg_loss 0.1181  last_loss 0.0812  steps 450  arch [128, 52, 40]
  [grown_uncapped_dream] task 5/5 (emnist_letters_18_19) epoch 6/8 [post-grow]  avg_loss 0.1058  last_loss 0.0615  steps 600  arch [128, 52, 40]
  [grown_uncapped_dream] task 5/5 (emnist_letters_18_19) epoch 7/8 [post-grow]  avg_loss 0.0968  last_loss 0.0644  steps 750  arch [128, 52, 40]
  [grown_uncapped_dream] task 5/5 (emnist_letters_18_19) epoch 8/8 [post-grow]  avg_loss 0.0914  last_loss 0.0291  steps 900  arch [128, 52, 40]
  [grown_uncapped_dream] post-task DREAM: replay 0.0070→0.0166 on 1p; merges=0 purges=0 latched=0 → arch [128, 52, 40] (109308→109308 params)
[grown_uncapped_dream] After pass 1 task 5: own=0.0000 (domain 0.0000, task 0.9675)  avg=0.5989 (domain 0.5989, task 0.9396)  arch=[128, 52, 40] params=109308 (trainable 8828)  cum_grows=20 cum_denied=0 cum_purges=0 cum_latched=0

[grown_uncapped_dream] <<< PASS 1/1 done — full=0.5989  domain=0.5989  task=0.9396

[SCORE] emnist_kt  task-aware 0.9396  full 0.5989  domain 0.5989
[SAVE] outputs/seed_population_emnist_kt/seed_48/poc_donor_emnist_kt.pt  (1318.9 KB)  head=40  arch=[128, 52, 40]  archive_classes=[30, 31, 32, 33, 34, 35, 36, 37, 38, 39]
