train_donor: label=emnist_kt  seed=46  arm=grown_uncapped_dream  epochs/task=8
  tasks   = ['emnist_letters_10_11', 'emnist_letters_12_13', 'emnist_letters_14_15', 'emnist_letters_16_17', 'emnist_letters_18_19']
  classes = [30, 31, 32, 33, 34, 35, 36, 37, 38, 39]  dataset=emnist_letters
[datasets] loading emnist_letters (train) ...
[datasets] loading emnist_letters (test)  ...
[grown_uncapped_dream] L0 factored as R_donor · S  (donor_seed=46, protocol_seed=0xFEEDFACE)

[grown_uncapped_dream] start — arch (128, 32, 2)  params 104674 (trainable 4194)  growth=True dream=True  cap_bytes=2147483648  K=5  passes=1  epochs/task=8  rehearsal=off  lwf=off  brainstem=off  engrams=off  hippocampus=off  differential=off  manifold=on

[grown_uncapped_dream] >>> PASS 1/1  grows_per_task=4  (developmental)

[grown_uncapped_dream] === Pass 1/1 Task 1/5: emnist_letters_10_11 (active [30, 31])  pre-arch=[128, 32, 32] params=105664 (trainable 5184/∞) ===
  [grown_uncapped_dream] task 1/5 (emnist_letters_10_11) epoch 1/8 [settle]  avg_loss 0.3310  last_loss 0.1573  steps 150  arch [128, 32, 32]
  [grown_uncapped_dream] task 1/5 (emnist_letters_10_11) epoch 2/8 [settle]  avg_loss 0.1442  last_loss 0.0845  steps 300  arch [128, 32, 32]
  [grown_uncapped_dream] GROWTH after settle: 4/4 allowed, 0 denied  new arch=[128, 36, 32] params=106308 (trainable 5828)
  [grown_uncapped_dream] task 1/5 (emnist_letters_10_11) epoch 3/8 [post-grow]  avg_loss 0.1148  last_loss 0.0781  steps 150  arch [128, 36, 32]
  [grown_uncapped_dream] task 1/5 (emnist_letters_10_11) epoch 4/8 [post-grow]  avg_loss 0.0991  last_loss 0.1340  steps 300  arch [128, 36, 32]
  [grown_uncapped_dream] task 1/5 (emnist_letters_10_11) epoch 5/8 [post-grow]  avg_loss 0.0868  last_loss 0.0850  steps 450  arch [128, 36, 32]
  [grown_uncapped_dream] task 1/5 (emnist_letters_10_11) epoch 6/8 [post-grow]  avg_loss 0.0770  last_loss 0.0598  steps 600  arch [128, 36, 32]
  [grown_uncapped_dream] task 1/5 (emnist_letters_10_11) epoch 7/8 [post-grow]  avg_loss 0.0681  last_loss 0.0238  steps 750  arch [128, 36, 32]
  [grown_uncapped_dream] task 1/5 (emnist_letters_10_11) epoch 8/8 [post-grow]  avg_loss 0.0619  last_loss 0.0372  steps 900  arch [128, 36, 32]
  [grown_uncapped_dream] post-task DREAM: replay 0.0379→0.0879 on 1p; merges=0 purges=0 latched=0 → arch [128, 36, 32] (106308→106308 params)
[grown_uncapped_dream] After pass 1 task 1: own=0.8650 (domain 0.9731, task 0.9731)  avg=0.8650 (domain 0.9731, task 0.9731)  arch=[128, 36, 32] params=106308 (trainable 5828)  cum_grows=4 cum_denied=0 cum_purges=0 cum_latched=0

[grown_uncapped_dream] === Pass 1/1 Task 2/5: emnist_letters_12_13 (active [32, 33])  pre-arch=[128, 36, 34] params=106382 (trainable 5902/∞) ===
  [grown_uncapped_dream] task 2/5 (emnist_letters_12_13) epoch 1/8 [settle]  avg_loss 0.5031  last_loss 0.3255  steps 150  arch [128, 36, 34]
  [grown_uncapped_dream] task 2/5 (emnist_letters_12_13) epoch 2/8 [settle]  avg_loss 0.3409  last_loss 0.3640  steps 300  arch [128, 36, 34]
  [grown_uncapped_dream] GROWTH after settle: 4/4 allowed, 0 denied  new arch=[128, 40, 34] params=107034 (trainable 6554)
  [grown_uncapped_dream] task 2/5 (emnist_letters_12_13) epoch 3/8 [post-grow]  avg_loss 0.3061  last_loss 0.2729  steps 150  arch [128, 40, 34]
  [grown_uncapped_dream] task 2/5 (emnist_letters_12_13) epoch 4/8 [post-grow]  avg_loss 0.2847  last_loss 0.2860  steps 300  arch [128, 40, 34]
  [grown_uncapped_dream] task 2/5 (emnist_letters_12_13) epoch 5/8 [post-grow]  avg_loss 0.2645  last_loss 0.2715  steps 450  arch [128, 40, 34]
  [grown_uncapped_dream] task 2/5 (emnist_letters_12_13) epoch 6/8 [post-grow]  avg_loss 0.2506  last_loss 0.2840  steps 600  arch [128, 40, 34]
  [grown_uncapped_dream] task 2/5 (emnist_letters_12_13) epoch 7/8 [post-grow]  avg_loss 0.2420  last_loss 0.1934  steps 750  arch [128, 40, 34]
  [grown_uncapped_dream] task 2/5 (emnist_letters_12_13) epoch 8/8 [post-grow]  avg_loss 0.2302  last_loss 0.2227  steps 900  arch [128, 40, 34]
  [grown_uncapped_dream] post-task DREAM: replay 0.1996→0.2330 on 1p; merges=0 purges=0 latched=0 → arch [128, 40, 34] (107034→107034 params)
[grown_uncapped_dream] After pass 1 task 2: own=0.0000 (domain 0.0000, task 0.9094)  avg=0.4800 (domain 0.4800, task 0.9347)  arch=[128, 40, 34] params=107034 (trainable 6554)  cum_grows=8 cum_denied=0 cum_purges=0 cum_latched=0

[grown_uncapped_dream] === Pass 1/1 Task 3/5: emnist_letters_14_15 (active [34, 35])  pre-arch=[128, 40, 36] params=107116 (trainable 6636/∞) ===
  [grown_uncapped_dream] task 3/5 (emnist_letters_14_15) epoch 1/8 [settle]  avg_loss 0.3813  last_loss 0.1409  steps 150  arch [128, 40, 36]
  [grown_uncapped_dream] task 3/5 (emnist_letters_14_15) epoch 2/8 [settle]  avg_loss 0.1429  last_loss 0.1464  steps 300  arch [128, 40, 36]
  [grown_uncapped_dream] GROWTH after settle: 4/4 allowed, 0 denied  new arch=[128, 44, 36] params=107776 (trainable 7296)
  [grown_uncapped_dream] task 3/5 (emnist_letters_14_15) epoch 3/8 [post-grow]  avg_loss 0.1051  last_loss 0.0671  steps 150  arch [128, 44, 36]
  [grown_uncapped_dream] task 3/5 (emnist_letters_14_15) epoch 4/8 [post-grow]  avg_loss 0.0788  last_loss 0.0924  steps 300  arch [128, 44, 36]
  [grown_uncapped_dream] task 3/5 (emnist_letters_14_15) epoch 5/8 [post-grow]  avg_loss 0.0646  last_loss 0.0294  steps 450  arch [128, 44, 36]
  [grown_uncapped_dream] task 3/5 (emnist_letters_14_15) epoch 6/8 [post-grow]  avg_loss 0.0564  last_loss 0.0163  steps 600  arch [128, 44, 36]
  [grown_uncapped_dream] task 3/5 (emnist_letters_14_15) epoch 7/8 [post-grow]  avg_loss 0.0512  last_loss 0.1123  steps 750  arch [128, 44, 36]
  [grown_uncapped_dream] task 3/5 (emnist_letters_14_15) epoch 8/8 [post-grow]  avg_loss 0.0483  last_loss 0.0599  steps 900  arch [128, 44, 36]
  [grown_uncapped_dream] post-task DREAM: replay 0.1995→0.1294 on 1p; merges=0 purges=0 latched=0 → arch [128, 44, 36] (107776→107776 params)
[grown_uncapped_dream] After pass 1 task 3: own=0.0000 (domain 0.0000, task 0.9850)  avg=0.5748 (domain 0.5748, task 0.9500)  arch=[128, 44, 36] params=107776 (trainable 7296)  cum_grows=12 cum_denied=0 cum_purges=0 cum_latched=0

[grown_uncapped_dream] === Pass 1/1 Task 4/5: emnist_letters_16_17 (active [36, 37])  pre-arch=[128, 44, 38] params=107866 (trainable 7386/∞) ===
  [grown_uncapped_dream] task 4/5 (emnist_letters_16_17) epoch 1/8 [settle]  avg_loss 0.5095  last_loss 0.2882  steps 150  arch [128, 44, 38]
  [grown_uncapped_dream] task 4/5 (emnist_letters_16_17) epoch 2/8 [settle]  avg_loss 0.2098  last_loss 0.1969  steps 300  arch [128, 44, 38]
  [grown_uncapped_dream] GROWTH after settle: 4/4 allowed, 0 denied  new arch=[128, 48, 38] params=108534 (trainable 8054)
  [grown_uncapped_dream] task 4/5 (emnist_letters_16_17) epoch 3/8 [post-grow]  avg_loss 0.1782  last_loss 0.0946  steps 150  arch [128, 48, 38]
  [grown_uncapped_dream] task 4/5 (emnist_letters_16_17) epoch 4/8 [post-grow]  avg_loss 0.1586  last_loss 0.1652  steps 300  arch [128, 48, 38]
  [grown_uncapped_dream] task 4/5 (emnist_letters_16_17) epoch 5/8 [post-grow]  avg_loss 0.1455  last_loss 0.1152  steps 450  arch [128, 48, 38]
  [grown_uncapped_dream] task 4/5 (emnist_letters_16_17) epoch 6/8 [post-grow]  avg_loss 0.1385  last_loss 0.1236  steps 600  arch [128, 48, 38]
  [grown_uncapped_dream] task 4/5 (emnist_letters_16_17) epoch 7/8 [post-grow]  avg_loss 0.1285  last_loss 0.0620  steps 750  arch [128, 48, 38]
  [grown_uncapped_dream] task 4/5 (emnist_letters_16_17) epoch 8/8 [post-grow]  avg_loss 0.1239  last_loss 0.1682  steps 900  arch [128, 48, 38]
  [grown_uncapped_dream] post-task DREAM: replay 0.0216→0.0412 on 1p; merges=0 purges=0 latched=0 → arch [128, 48, 38] (108534→108534 params)
[grown_uncapped_dream] After pass 1 task 4: own=0.0000 (domain 0.0000, task 0.9481)  avg=0.6394 (domain 0.6394, task 0.9447)  arch=[128, 48, 38] params=108534 (trainable 8054)  cum_grows=16 cum_denied=0 cum_purges=0 cum_latched=0

[grown_uncapped_dream] === Pass 1/1 Task 5/5: emnist_letters_18_19 (active [38, 39])  pre-arch=[128, 48, 40] params=108632 (trainable 8152/∞) ===
  [grown_uncapped_dream] task 5/5 (emnist_letters_18_19) epoch 1/8 [settle]  avg_loss 0.6602  last_loss 0.3684  steps 150  arch [128, 48, 40]
  [grown_uncapped_dream] task 5/5 (emnist_letters_18_19) epoch 2/8 [settle]  avg_loss 0.2804  last_loss 0.2037  steps 300  arch [128, 48, 40]
  [grown_uncapped_dream] GROWTH after settle: 4/4 allowed, 0 denied  new arch=[128, 52, 40] params=109308 (trainable 8828)
  [grown_uncapped_dream] task 5/5 (emnist_letters_18_19) epoch 3/8 [post-grow]  avg_loss 0.1857  last_loss 0.1901  steps 150  arch [128, 52, 40]
  [grown_uncapped_dream] task 5/5 (emnist_letters_18_19) epoch 4/8 [post-grow]  avg_loss 0.1357  last_loss 0.2042  steps 300  arch [128, 52, 40]
  [grown_uncapped_dream] task 5/5 (emnist_letters_18_19) epoch 5/8 [post-grow]  avg_loss 0.1105  last_loss 0.0809  steps 450  arch [128, 52, 40]
  [grown_uncapped_dream] task 5/5 (emnist_letters_18_19) epoch 6/8 [post-grow]  avg_loss 0.0979  last_loss 0.1203  steps 600  arch [128, 52, 40]
  [grown_uncapped_dream] task 5/5 (emnist_letters_18_19) epoch 7/8 [post-grow]  avg_loss 0.0900  last_loss 0.0476  steps 750  arch [128, 52, 40]
  [grown_uncapped_dream] task 5/5 (emnist_letters_18_19) epoch 8/8 [post-grow]  avg_loss 0.0852  last_loss 0.0646  steps 900  arch [128, 52, 40]
  [grown_uncapped_dream] post-task DREAM: replay 0.0317→0.0817 on 1p; merges=0 purges=0 latched=0 → arch [128, 52, 40] (109308→109308 params)
[grown_uncapped_dream] After pass 1 task 5: own=0.0000 (domain 0.0000, task 0.9725)  avg=0.5944 (domain 0.5944, task 0.9440)  arch=[128, 52, 40] params=109308 (trainable 8828)  cum_grows=20 cum_denied=0 cum_purges=0 cum_latched=0

[grown_uncapped_dream] <<< PASS 1/1 done — full=0.5944  domain=0.5944  task=0.9440

[SCORE] emnist_kt  task-aware 0.9440  full 0.5944  domain 0.5944
[SAVE] outputs/seed_population_emnist_kt/seed_46/poc_donor_emnist_kt.pt  (1318.9 KB)  head=40  arch=[128, 52, 40]  archive_classes=[30, 31, 32, 33, 34, 35, 36, 37, 38, 39]
