Loaded 10 donors. Train-time task-aware ranking:
  rank   seed   task-aware
     1     42       0.9495
     2     45       0.9475
     3     43       0.9469
     4     47       0.9454
     5     44       0.9449
     6     49       0.9449
     7     46       0.9440
     8     51       0.9433
     9     48       0.9396
    10     50       0.9390

[datasets] loading emnist_letters (train) ...
[datasets] loading emnist_letters (test)  ...
Eval set: 5 views, 8000 total examples (label=emnist_kt)

rule              K                 seeds   task-aware      full    domain
--------------------------------------------------------------------------------
mean-logit        1                  [42]       0.9495    0.6123    0.6123
mean-logit        3          [42, 45, 43]       0.9539    0.6228    0.6228
mean-logit        5  [42, 45, 43, 47, 44]       0.9536    0.6254    0.6254
mean-logit       10  [42, 45, 43, 47, 44, 49, 46, 51, 48, 50]       0.9510    0.6215    0.6215

mean-softmax      1                  [42]       0.9495    0.6123    0.6123
mean-softmax      3          [42, 45, 43]       0.9558    0.6214    0.6214
mean-softmax      5  [42, 45, 43, 47, 44]       0.9531    0.6246    0.6246
mean-softmax     10  [42, 45, 43, 47, 44, 49, 46, 51, 48, 50]       0.9506    0.6202    0.6202

hard-vote         1                  [42]       0.9495    0.6123    0.6123
hard-vote         3          [42, 45, 43]       0.9541    0.6199    0.6199
hard-vote         5  [42, 45, 43, 47, 44]       0.9521    0.6210    0.6210
hard-vote        10  [42, 45, 43, 47, 44, 49, 46, 51, 48, 50]       0.9496    0.6162    0.6162

================================================================================
HEADLINE — selection vs committee  (rule = mean-logit)
================================================================================
  Population (train-time):  mean = 0.9445  max = 0.9495
  K=1   (top-1 selection)    eval task-aware = 0.9495
  K=3   (top-3 committee)    eval task-aware = 0.9539  (Δ vs K=1 = +0.0044)
  K=10  (full committee)     eval task-aware = 0.9510  (Δ vs K=1 = +0.0015)

