[datasets] loading emnist_letters (train) ...
[datasets] loading emnist_letters (test)  ...
Probe batch: 320 images (64/task × 5 tasks)

 seed  L1_pre  L1_post     Δ  events    TA pre   TA post        ΔTA
--------------------------------------------------------------------------------
   42      52       47    -5       5    0.9493    0.9388    -0.0105
   43      52       46    -6       6    0.9466    0.9341    -0.0125
   44      52       48    -4       4    0.9450    0.9425    -0.0025
   45      52       39   -13      13    0.9474    0.9409    -0.0065
   46      52       47    -5       5    0.9440    0.9439    -0.0001
   47      52       44    -8       8    0.9450    0.9374    -0.0076
   48      52       48    -4       4    0.9394    0.9419    +0.0025
   49      52       44    -8       8    0.9450    0.9434    -0.0016
   50      52       47    -5       5    0.9390    0.9394    +0.0004
   51      52       49    -3       3    0.9433    0.9408    -0.0025

================================================================================
Committee on dreamed+pruned donors
================================================================================
rule              K   task-aware      full    domain
------------------------------------------------------------
mean-logit        1       0.9388    0.5970    0.5970
mean-logit        3       0.9439    0.6075    0.6075
mean-logit        5       0.9480    0.6179    0.6179
mean-logit       10       0.9503    0.6190    0.6190

mean-softmax      1       0.9388    0.5970    0.5970
mean-softmax      3       0.9431    0.6071    0.6071
mean-softmax      5       0.9456    0.6164    0.6164
mean-softmax     10       0.9483    0.6164    0.6164

hard-vote         1       0.9388    0.5970    0.5970
hard-vote         3       0.9447    0.6022    0.6022
hard-vote         5       0.9474    0.6136    0.6136
hard-vote        10       0.9491    0.6149    0.6149

================================================================================
DEPLOYMENT BYTES — dreamed + L1-pruned (bf16 active + int8 archived)
================================================================================
  L0 (avg, shared)  =  196.25 KiB
  L1+head (avg)     =   15.23 KiB
  archive (avg)     =   10.00 KiB
  per-donor total   =  221.48 KiB

    K     naive (KiB)     smart (KiB)    smart/naive
    1          221.48          221.48           1.00
    3          664.44          271.95           0.41
    5         1107.39          322.41           0.29
   10         2214.79          448.58           0.20
