train_donor: label=emnist_kt  seed=45  arm=grown_uncapped_dream  epochs/task=8
  tasks   = ['emnist_letters_10_11', 'emnist_letters_12_13', 'emnist_letters_14_15', 'emnist_letters_16_17', 'emnist_letters_18_19']
  classes = [30, 31, 32, 33, 34, 35, 36, 37, 38, 39]  dataset=emnist_letters
[datasets] loading emnist_letters (train) ...
[datasets] loading emnist_letters (test)  ...
[grown_uncapped_dream] L0 factored as R_donor · S  (donor_seed=45, protocol_seed=0xFEEDFACE)

[grown_uncapped_dream] start — arch (128, 32, 2)  params 104674 (trainable 4194)  growth=True dream=True  cap_bytes=2147483648  K=5  passes=1  epochs/task=8  rehearsal=off  lwf=off  brainstem=off  engrams=off  hippocampus=off  differential=off  manifold=on

[grown_uncapped_dream] >>> PASS 1/1  grows_per_task=4  (developmental)

[grown_uncapped_dream] === Pass 1/1 Task 1/5: emnist_letters_10_11 (active [30, 31])  pre-arch=[128, 32, 32] params=105664 (trainable 5184/∞) ===
  [grown_uncapped_dream] task 1/5 (emnist_letters_10_11) epoch 1/8 [settle]  avg_loss 0.3154  last_loss 0.1093  steps 150  arch [128, 32, 32]
  [grown_uncapped_dream] task 1/5 (emnist_letters_10_11) epoch 2/8 [settle]  avg_loss 0.1384  last_loss 0.1426  steps 300  arch [128, 32, 32]
  [grown_uncapped_dream] GROWTH after settle: 4/4 allowed, 0 denied  new arch=[128, 36, 32] params=106308 (trainable 5828)
  [grown_uncapped_dream] task 1/5 (emnist_letters_10_11) epoch 3/8 [post-grow]  avg_loss 0.1057  last_loss 0.1436  steps 150  arch [128, 36, 32]
  [grown_uncapped_dream] task 1/5 (emnist_letters_10_11) epoch 4/8 [post-grow]  avg_loss 0.0917  last_loss 0.1199  steps 300  arch [128, 36, 32]
  [grown_uncapped_dream] task 1/5 (emnist_letters_10_11) epoch 5/8 [post-grow]  avg_loss 0.0805  last_loss 0.1310  steps 450  arch [128, 36, 32]
  [grown_uncapped_dream] task 1/5 (emnist_letters_10_11) epoch 6/8 [post-grow]  avg_loss 0.0727  last_loss 0.0347  steps 600  arch [128, 36, 32]
  [grown_uncapped_dream] task 1/5 (emnist_letters_10_11) epoch 7/8 [post-grow]  avg_loss 0.0668  last_loss 0.0261  steps 750  arch [128, 36, 32]
  [grown_uncapped_dream] task 1/5 (emnist_letters_10_11) epoch 8/8 [post-grow]  avg_loss 0.0606  last_loss 0.0189  steps 900  arch [128, 36, 32]
  [grown_uncapped_dream] post-task DREAM: replay 0.0324→0.0232 on 1p; merges=0 purges=0 latched=0 → arch [128, 36, 32] (106308→106308 params)
[grown_uncapped_dream] After pass 1 task 1: own=0.8194 (domain 0.9725, task 0.9725)  avg=0.8194 (domain 0.9725, task 0.9725)  arch=[128, 36, 32] params=106308 (trainable 5828)  cum_grows=4 cum_denied=0 cum_purges=0 cum_latched=0

[grown_uncapped_dream] === Pass 1/1 Task 2/5: emnist_letters_12_13 (active [32, 33])  pre-arch=[128, 36, 34] params=106382 (trainable 5902/∞) ===
  [grown_uncapped_dream] task 2/5 (emnist_letters_12_13) epoch 1/8 [settle]  avg_loss 0.4658  last_loss 0.3168  steps 150  arch [128, 36, 34]
  [grown_uncapped_dream] task 2/5 (emnist_letters_12_13) epoch 2/8 [settle]  avg_loss 0.3192  last_loss 0.3561  steps 300  arch [128, 36, 34]
  [grown_uncapped_dream] GROWTH after settle: 4/4 allowed, 0 denied  new arch=[128, 40, 34] params=107034 (trainable 6554)
  [grown_uncapped_dream] task 2/5 (emnist_letters_12_13) epoch 3/8 [post-grow]  avg_loss 0.2876  last_loss 0.3192  steps 150  arch [128, 40, 34]
  [grown_uncapped_dream] task 2/5 (emnist_letters_12_13) epoch 4/8 [post-grow]  avg_loss 0.2694  last_loss 0.2589  steps 300  arch [128, 40, 34]
  [grown_uncapped_dream] task 2/5 (emnist_letters_12_13) epoch 5/8 [post-grow]  avg_loss 0.2554  last_loss 0.2903  steps 450  arch [128, 40, 34]
  [grown_uncapped_dream] task 2/5 (emnist_letters_12_13) epoch 6/8 [post-grow]  avg_loss 0.2436  last_loss 0.3750  steps 600  arch [128, 40, 34]
  [grown_uncapped_dream] task 2/5 (emnist_letters_12_13) epoch 7/8 [post-grow]  avg_loss 0.2346  last_loss 0.2406  steps 750  arch [128, 40, 34]
  [grown_uncapped_dream] task 2/5 (emnist_letters_12_13) epoch 8/8 [post-grow]  avg_loss 0.2269  last_loss 0.2789  steps 900  arch [128, 40, 34]
  [grown_uncapped_dream] post-task DREAM: replay 0.2463→0.2194 on 1p; merges=0 purges=0 latched=0 → arch [128, 40, 34] (107034→107034 params)
[grown_uncapped_dream] After pass 1 task 2: own=0.0000 (domain 0.0000, task 0.9106)  avg=0.4756 (domain 0.4756, task 0.9309)  arch=[128, 40, 34] params=107034 (trainable 6554)  cum_grows=8 cum_denied=0 cum_purges=0 cum_latched=0

[grown_uncapped_dream] === Pass 1/1 Task 3/5: emnist_letters_14_15 (active [34, 35])  pre-arch=[128, 40, 36] params=107116 (trainable 6636/∞) ===
  [grown_uncapped_dream] task 3/5 (emnist_letters_14_15) epoch 1/8 [settle]  avg_loss 0.7720  last_loss 0.2550  steps 150  arch [128, 40, 36]
  [grown_uncapped_dream] task 3/5 (emnist_letters_14_15) epoch 2/8 [settle]  avg_loss 0.2084  last_loss 0.1870  steps 300  arch [128, 40, 36]
  [grown_uncapped_dream] GROWTH after settle: 4/4 allowed, 0 denied  new arch=[128, 44, 36] params=107776 (trainable 7296)
  [grown_uncapped_dream] task 3/5 (emnist_letters_14_15) epoch 3/8 [post-grow]  avg_loss 0.1255  last_loss 0.0854  steps 150  arch [128, 44, 36]
  [grown_uncapped_dream] task 3/5 (emnist_letters_14_15) epoch 4/8 [post-grow]  avg_loss 0.0826  last_loss 0.0751  steps 300  arch [128, 44, 36]
  [grown_uncapped_dream] task 3/5 (emnist_letters_14_15) epoch 5/8 [post-grow]  avg_loss 0.0695  last_loss 0.0375  steps 450  arch [128, 44, 36]
  [grown_uncapped_dream] task 3/5 (emnist_letters_14_15) epoch 6/8 [post-grow]  avg_loss 0.0641  last_loss 0.0415  steps 600  arch [128, 44, 36]
  [grown_uncapped_dream] task 3/5 (emnist_letters_14_15) epoch 7/8 [post-grow]  avg_loss 0.0610  last_loss 0.0527  steps 750  arch [128, 44, 36]
  [grown_uncapped_dream] task 3/5 (emnist_letters_14_15) epoch 8/8 [post-grow]  avg_loss 0.0580  last_loss 0.0416  steps 900  arch [128, 44, 36]
  [grown_uncapped_dream] post-task DREAM: replay 0.0992→0.0480 on 1p; merges=0 purges=0 latched=0 → arch [128, 44, 36] (107776→107776 params)
[grown_uncapped_dream] After pass 1 task 3: own=0.0000 (domain 0.0000, task 0.9856)  avg=0.5698 (domain 0.5698, task 0.9521)  arch=[128, 44, 36] params=107776 (trainable 7296)  cum_grows=12 cum_denied=0 cum_purges=0 cum_latched=0

[grown_uncapped_dream] === Pass 1/1 Task 4/5: emnist_letters_16_17 (active [36, 37])  pre-arch=[128, 44, 38] params=107866 (trainable 7386/∞) ===
  [grown_uncapped_dream] task 4/5 (emnist_letters_16_17) epoch 1/8 [settle]  avg_loss 0.4751  last_loss 0.2505  steps 150  arch [128, 44, 38]
  [grown_uncapped_dream] task 4/5 (emnist_letters_16_17) epoch 2/8 [settle]  avg_loss 0.2517  last_loss 0.2163  steps 300  arch [128, 44, 38]
  [grown_uncapped_dream] GROWTH after settle: 4/4 allowed, 0 denied  new arch=[128, 48, 38] params=108534 (trainable 8054)
  [grown_uncapped_dream] task 4/5 (emnist_letters_16_17) epoch 3/8 [post-grow]  avg_loss 0.1879  last_loss 0.1145  steps 150  arch [128, 48, 38]
  [grown_uncapped_dream] task 4/5 (emnist_letters_16_17) epoch 4/8 [post-grow]  avg_loss 0.1479  last_loss 0.0433  steps 300  arch [128, 48, 38]
  [grown_uncapped_dream] task 4/5 (emnist_letters_16_17) epoch 5/8 [post-grow]  avg_loss 0.1292  last_loss 0.1054  steps 450  arch [128, 48, 38]
  [grown_uncapped_dream] task 4/5 (emnist_letters_16_17) epoch 6/8 [post-grow]  avg_loss 0.1194  last_loss 0.0601  steps 600  arch [128, 48, 38]
  [grown_uncapped_dream] task 4/5 (emnist_letters_16_17) epoch 7/8 [post-grow]  avg_loss 0.1131  last_loss 0.0279  steps 750  arch [128, 48, 38]
  [grown_uncapped_dream] task 4/5 (emnist_letters_16_17) epoch 8/8 [post-grow]  avg_loss 0.1105  last_loss 0.0271  steps 900  arch [128, 48, 38]
  [grown_uncapped_dream] post-task DREAM: replay 0.2212→0.1885 on 1p; merges=0 purges=0 latched=0 → arch [128, 48, 38] (108534→108534 params)
[grown_uncapped_dream] After pass 1 task 4: own=0.0000 (domain 0.0000, task 0.9581)  avg=0.6267 (domain 0.6267, task 0.9461)  arch=[128, 48, 38] params=108534 (trainable 8054)  cum_grows=16 cum_denied=0 cum_purges=0 cum_latched=0

[grown_uncapped_dream] === Pass 1/1 Task 5/5: emnist_letters_18_19 (active [38, 39])  pre-arch=[128, 48, 40] params=108632 (trainable 8152/∞) ===
  [grown_uncapped_dream] task 5/5 (emnist_letters_18_19) epoch 1/8 [settle]  avg_loss 0.4564  last_loss 0.3147  steps 150  arch [128, 48, 40]
  [grown_uncapped_dream] task 5/5 (emnist_letters_18_19) epoch 2/8 [settle]  avg_loss 0.2783  last_loss 0.1857  steps 300  arch [128, 48, 40]
  [grown_uncapped_dream] GROWTH after settle: 4/4 allowed, 0 denied  new arch=[128, 52, 40] params=109308 (trainable 8828)
  [grown_uncapped_dream] task 5/5 (emnist_letters_18_19) epoch 3/8 [post-grow]  avg_loss 0.2032  last_loss 0.1042  steps 150  arch [128, 52, 40]
  [grown_uncapped_dream] task 5/5 (emnist_letters_18_19) epoch 4/8 [post-grow]  avg_loss 0.1511  last_loss 0.0878  steps 300  arch [128, 52, 40]
  [grown_uncapped_dream] task 5/5 (emnist_letters_18_19) epoch 5/8 [post-grow]  avg_loss 0.1219  last_loss 0.1882  steps 450  arch [128, 52, 40]
  [grown_uncapped_dream] task 5/5 (emnist_letters_18_19) epoch 6/8 [post-grow]  avg_loss 0.1076  last_loss 0.1172  steps 600  arch [128, 52, 40]
  [grown_uncapped_dream] task 5/5 (emnist_letters_18_19) epoch 7/8 [post-grow]  avg_loss 0.0974  last_loss 0.0663  steps 750  arch [128, 52, 40]
  [grown_uncapped_dream] task 5/5 (emnist_letters_18_19) epoch 8/8 [post-grow]  avg_loss 0.0924  last_loss 0.1503  steps 900  arch [128, 52, 40]
  [grown_uncapped_dream] post-task DREAM: replay 0.2893→0.2107 on 1p; merges=0 purges=0 latched=0 → arch [128, 52, 40] (109308→109308 params)
[grown_uncapped_dream] After pass 1 task 5: own=0.0000 (domain 0.0000, task 0.9644)  avg=0.6014 (domain 0.6014, task 0.9475)  arch=[128, 52, 40] params=109308 (trainable 8828)  cum_grows=20 cum_denied=0 cum_purges=0 cum_latched=0

[grown_uncapped_dream] <<< PASS 1/1 done — full=0.6014  domain=0.6014  task=0.9475

[SCORE] emnist_kt  task-aware 0.9475  full 0.6014  domain 0.6014
[SAVE] outputs/seed_population_emnist_kt/seed_45/poc_donor_emnist_kt.pt  (1318.9 KB)  head=40  arch=[128, 52, 40]  archive_classes=[30, 31, 32, 33, 34, 35, 36, 37, 38, 39]
