=== contrastive: compact-object ===
  baseline acc:       0.6300
  contrastive acc:    0.6633
  Δ:                  +0.0333

  per-class accuracy (baseline → contrastive):
    chair           0.6600 → 0.6900  ↑
    bottle          0.5900 → 0.6500  ↑
    cup             0.6400 → 0.6500  ↑

[L2-c] [SAVE] /home/marcrockhat/trioron-project/outputs/cifar_taxonomy/donor_l2_compact_object_3way_seed42_contrastive.pt
=== contrastive: central-object ===
  contrastive acc:    0.4589
  Δ:                  +0.0200

  per-class accuracy (baseline → contrastive):
    wolf            0.3600 → 0.3800  ↑
    man             0.5000 → 0.5000
    clock           0.2100 → 0.3100  ↑
    motorcycle      0.5500 → 0.5500
    pickup_truck    0.3900 → 0.3300  ↓
    rose            0.6500 → 0.6500
    spider          0.5400 → 0.5900  ↑
    butterfly       0.3100 → 0.3800  ↑
    mushroom        0.4400 → 0.4400

[L2-c] [SAVE] /home/marcrockhat/trioron-project/outputs/cifar_taxonomy/donor_l2_central_object_9way_seed42_contrastive.pt
=== contrastive: horizontal-landscape ===
[L2-c] === results ===
  baseline acc:       0.8100
  contrastive acc:    0.8600
  Δ:                  +0.0500

  per-class accuracy (baseline → contrastive):
    dolphin         0.8500 → 0.8700  ↑
    mountain        0.7700 → 0.8500  ↑

[L2-c] [SAVE] /home/marcrockhat/trioron-project/outputs/cifar_taxonomy/donor_l2_horizontal_landscape_2way_seed42_contrastive.pt
=== contrastive: vertical-landscape ===
[L2-c] === results ===
  baseline acc:       0.8400
  contrastive acc:    0.8450
  Δ:                  +0.0050

  per-class accuracy (baseline → contrastive):
    oak_tree        0.9000 → 0.8800  ↓
    castle          0.7800 → 0.8100  ↑

[L2-c] [SAVE] /home/marcrockhat/trioron-project/outputs/cifar_taxonomy/donor_l2_vertical_landscape_2way_seed42_contrastive.pt
=== ALL DONE ===
