[full100-c-all] k=20  seed=42
  c00 (3-way): ['dolphin', 'shark', 'whale']
    baseline acc:       0.5067
    contrastive acc:    0.5267
    Δ:                  +0.0200
  c01 (2-way): ['ray', 'turtle']
    baseline acc:       0.7000
    contrastive acc:    0.6850
    Δ:                  -0.0150
  c02 (5-way): ['cloud', 'mountain', 'rocket']…
    baseline acc:       0.5020
    contrastive acc:    0.5360
    Δ:                  +0.0340
  c03 (2-way): ['plain', 'road']
    baseline acc:       0.8500
    contrastive acc:    0.8900
    Δ:                  +0.0400
  c04: singleton (['castle']) — skip
  c05 (2-way): ['orange', 'pear']
    baseline acc:       0.7700
    contrastive acc:    0.8350
    Δ:                  +0.0650
  c06: singleton (['apple']) — skip
  c07 (15-way): ['baby', 'bed', 'bottle']…
    baseline acc:       0.2473
    contrastive acc:    0.2467
    Δ:                  -0.0007
  c08: singleton (['cockroach']) — skip
  c09 (3-way): ['orchid', 'rose', 'tulip']
    baseline acc:       0.5367
    contrastive acc:    0.5467
    Δ:                  +0.0100
  c10 (4-way): ['bee', 'poppy', 'sunflower']…
    baseline acc:       0.6050
    contrastive acc:    0.6175
    Δ:                  +0.0125
  c11 (5-way): ['maple_tree', 'oak_tree', 'palm_tree']…
    baseline acc:       0.4420
    contrastive acc:    0.4600
    Δ:                  +0.0180
  c12 (5-way): ['bus', 'keyboard', 'motorcycle']…
    baseline acc:       0.4880
    contrastive acc:    0.5120
    Δ:                  +0.0240
  c13 (2-way): ['telephone', 'television']
    baseline acc:       0.7050
    contrastive acc:    0.7600
    Δ:                  +0.0550
  c14 (13-way): ['aquarium_fish', 'bear', 'can']…
    baseline acc:       0.3100
    contrastive acc:    0.3508
    Δ:                  +0.0408
  c15 (5-way): ['bridge', 'house', 'seal']…
    baseline acc:       0.4560
    contrastive acc:    0.4820
    Δ:                  +0.0260
  c16 (2-way): ['leopard', 'tiger']
    baseline acc:       0.7150
    contrastive acc:    0.7700
    Δ:                  +0.0550
  c17 (6-way): ['bicycle', 'crab', 'lobster']…
    baseline acc:       0.4750
    contrastive acc:    0.5050
    Δ:                  +0.0300
  c18 (3-way): ['butterfly', 'caterpillar', 'forest']
    baseline acc:       0.6533
    contrastive acc:    0.7033
    Δ:                  +0.0500
  c19 (20-way): ['beaver', 'beetle', 'camel']…
    baseline acc:       0.2025
    contrastive acc:    0.2170
    Δ:                  +0.0145

[full100-c-all] refined 17 experts; skipped 3
