[full100-l2] cluster file: outputs/cifar_taxonomy/cluster_assignment_full100_k20.pt  k=20

[grown_capped_dream] start — arch (128, 32, 2)  params 8546 (trainable 4194)  growth=True dream=True  cap_bytes=64000  K=1  passes=1  epochs/task=8  rehearsal=off  lwf=off  brainstem=off  engrams=off  hippocampus=off  differential=off  manifold=on

[grown_capped_dream] >>> PASS 1/1  grows_per_task=4  (developmental)

[grown_capped_dream] === Pass 1/1 Task 1/1: full100_L2_c0_3way (active [0, 1, 2])  pre-arch=[128, 32, 3] params=8579 (trainable 4227/16000) ===
  [grown_capped_dream] task 1/1 (full100_L2_c0_3way) epoch 1/8 [settle]  avg_loss 1.1521  last_loss 1.0119  steps 24  arch [128, 32, 3]
  [grown_capped_dream] task 1/1 (full100_L2_c0_3way) epoch 2/8 [settle]  avg_loss 1.0254  last_loss 0.8784  steps 48  arch [128, 32, 3]
  [grown_capped_dream] GROWTH after settle: 4/4 allowed, 0 denied  new arch=[128, 36, 3] params=9107 (trainable 4755)
  [grown_capped_dream] task 1/1 (full100_L2_c0_3way) epoch 3/8 [post-grow]  avg_loss 0.9946  last_loss 0.9855  steps 24  arch [128, 36, 3]
  [grown_capped_dream] task 1/1 (full100_L2_c0_3way) epoch 4/8 [post-grow]  avg_loss 0.9527  last_loss 0.8330  steps 48  arch [128, 36, 3]
  [grown_capped_dream] task 1/1 (full100_L2_c0_3way) epoch 5/8 [post-grow]  avg_loss 0.9288  last_loss 0.7740  steps 72  arch [128, 36, 3]
  [grown_capped_dream] task 1/1 (full100_L2_c0_3way) epoch 6/8 [post-grow]  avg_loss 0.9130  last_loss 0.9284  steps 96  arch [128, 36, 3]
  [grown_capped_dream] task 1/1 (full100_L2_c0_3way) epoch 7/8 [post-grow]  avg_loss 0.9015  last_loss 0.9913  steps 120  arch [128, 36, 3]
  [grown_capped_dream] task 1/1 (full100_L2_c0_3way) epoch 8/8 [post-grow]  avg_loss 0.8877  last_loss 1.0282  steps 144  arch [128, 36, 3]
  [grown_capped_dream] post-task DREAM: replay 0.8543→0.9120 on 1p; merges=0 purges=0 latched=0 → arch [128, 36, 3] (9107→9107 params)
[grown_capped_dream] After pass 1 task 1: own=0.5067 (domain 0.5067, task 0.5067)  avg=0.5067 (domain 0.5067, task 0.5067)  arch=[128, 36, 3] params=9107 (trainable 4755)  cum_grows=4 cum_denied=0 cum_purges=0 cum_latched=0

[grown_capped_dream] <<< PASS 1/1 done — full=0.5067  domain=0.5067  task=0.5067
[full100-l2] c00 (3-way, members=['dolphin', 'shark', 'whale']): acc=0.5067  chance=0.3333  (1.5s)

[grown_capped_dream] start — arch (128, 32, 2)  params 8546 (trainable 4194)  growth=True dream=True  cap_bytes=64000  K=1  passes=1  epochs/task=8  rehearsal=off  lwf=off  brainstem=off  engrams=off  hippocampus=off  differential=off  manifold=on

[grown_capped_dream] >>> PASS 1/1  grows_per_task=4  (developmental)

[grown_capped_dream] === Pass 1/1 Task 1/1: full100_L2_c1_2way (active [0, 1])  pre-arch=[128, 32, 2] params=8546 (trainable 4194/16000) ===
  [grown_capped_dream] task 1/1 (full100_L2_c1_2way) epoch 1/8 [settle]  avg_loss 0.7491  last_loss 0.7860  steps 16  arch [128, 32, 2]
  [grown_capped_dream] task 1/1 (full100_L2_c1_2way) epoch 2/8 [settle]  avg_loss 0.6145  last_loss 0.5838  steps 32  arch [128, 32, 2]
  [grown_capped_dream] GROWTH after settle: 4/4 allowed, 0 denied  new arch=[128, 36, 2] params=9070 (trainable 4718)
  [grown_capped_dream] task 1/1 (full100_L2_c1_2way) epoch 3/8 [post-grow]  avg_loss 0.5852  last_loss 0.6844  steps 16  arch [128, 36, 2]
  [grown_capped_dream] task 1/1 (full100_L2_c1_2way) epoch 4/8 [post-grow]  avg_loss 0.5562  last_loss 0.6104  steps 32  arch [128, 36, 2]
  [grown_capped_dream] task 1/1 (full100_L2_c1_2way) epoch 5/8 [post-grow]  avg_loss 0.5416  last_loss 0.4885  steps 48  arch [128, 36, 2]
  [grown_capped_dream] task 1/1 (full100_L2_c1_2way) epoch 6/8 [post-grow]  avg_loss 0.5299  last_loss 0.4961  steps 64  arch [128, 36, 2]
  [grown_capped_dream] task 1/1 (full100_L2_c1_2way) epoch 7/8 [post-grow]  avg_loss 0.5225  last_loss 0.4502  steps 80  arch [128, 36, 2]
  [grown_capped_dream] task 1/1 (full100_L2_c1_2way) epoch 8/8 [post-grow]  avg_loss 0.5170  last_loss 0.5635  steps 96  arch [128, 36, 2]
  [grown_capped_dream] post-task DREAM: replay 0.4826→0.5199 on 1p; merges=0 purges=0 latched=0 → arch [128, 36, 2] (9070→9070 params)
[grown_capped_dream] After pass 1 task 1: own=0.7000 (domain 0.7000, task 0.7000)  avg=0.7000 (domain 0.7000, task 0.7000)  arch=[128, 36, 2] params=9070 (trainable 4718)  cum_grows=4 cum_denied=0 cum_purges=0 cum_latched=0

[grown_capped_dream] <<< PASS 1/1 done — full=0.7000  domain=0.7000  task=0.7000
[full100-l2] c01 (2-way, members=['ray', 'turtle']): acc=0.7000  chance=0.5000  (3.3s)

[grown_capped_dream] start — arch (128, 32, 2)  params 8546 (trainable 4194)  growth=True dream=True  cap_bytes=64000  K=1  passes=1  epochs/task=8  rehearsal=off  lwf=off  brainstem=off  engrams=off  hippocampus=off  differential=off  manifold=on

[grown_capped_dream] >>> PASS 1/1  grows_per_task=4  (developmental)

[grown_capped_dream] === Pass 1/1 Task 1/1: full100_L2_c2_5way (active [0, 1, 2, 3, 4])  pre-arch=[128, 32, 5] params=8645 (trainable 4293/16000) ===
  [grown_capped_dream] task 1/1 (full100_L2_c2_5way) epoch 1/8 [settle]  avg_loss 1.6123  last_loss 1.4114  steps 40  arch [128, 32, 5]
  [grown_capped_dream] task 1/1 (full100_L2_c2_5way) epoch 2/8 [settle]  avg_loss 1.4130  last_loss 1.1717  steps 80  arch [128, 32, 5]
  [grown_capped_dream] GROWTH after settle: 4/4 allowed, 0 denied  new arch=[128, 36, 5] params=9181 (trainable 4829)
  [grown_capped_dream] task 1/1 (full100_L2_c2_5way) epoch 3/8 [post-grow]  avg_loss 1.3438  last_loss 1.2299  steps 40  arch [128, 36, 5]
  [grown_capped_dream] task 1/1 (full100_L2_c2_5way) epoch 4/8 [post-grow]  avg_loss 1.2844  last_loss 0.8453  steps 80  arch [128, 36, 5]
  [grown_capped_dream] task 1/1 (full100_L2_c2_5way) epoch 5/8 [post-grow]  avg_loss 1.2533  last_loss 1.1010  steps 120  arch [128, 36, 5]
  [grown_capped_dream] task 1/1 (full100_L2_c2_5way) epoch 6/8 [post-grow]  avg_loss 1.2395  last_loss 1.4498  steps 160  arch [128, 36, 5]
  [grown_capped_dream] task 1/1 (full100_L2_c2_5way) epoch 7/8 [post-grow]  avg_loss 1.2196  last_loss 1.4936  steps 200  arch [128, 36, 5]
  [grown_capped_dream] task 1/1 (full100_L2_c2_5way) epoch 8/8 [post-grow]  avg_loss 1.2046  last_loss 1.6296  steps 240  arch [128, 36, 5]
  [grown_capped_dream] post-task DREAM: replay 1.0824→1.2465 on 1p; merges=0 purges=0 latched=0 → arch [128, 36, 5] (9181→9181 params)
[grown_capped_dream] After pass 1 task 1: own=0.5020 (domain 0.5020, task 0.5020)  avg=0.5020 (domain 0.5020, task 0.5020)  arch=[128, 36, 5] params=9181 (trainable 4829)  cum_grows=4 cum_denied=0 cum_purges=0 cum_latched=0

[grown_capped_dream] <<< PASS 1/1 done — full=0.5020  domain=0.5020  task=0.5020
[full100-l2] c02 (5-way, members=['cloud', 'mountain', 'rocket']…): acc=0.5020  chance=0.2000  (0.7s)

[grown_capped_dream] start — arch (128, 32, 2)  params 8546 (trainable 4194)  growth=True dream=True  cap_bytes=64000  K=1  passes=1  epochs/task=8  rehearsal=off  lwf=off  brainstem=off  engrams=off  hippocampus=off  differential=off  manifold=on

[grown_capped_dream] >>> PASS 1/1  grows_per_task=4  (developmental)

[grown_capped_dream] === Pass 1/1 Task 1/1: full100_L2_c3_2way (active [0, 1])  pre-arch=[128, 32, 2] params=8546 (trainable 4194/16000) ===
  [grown_capped_dream] task 1/1 (full100_L2_c3_2way) epoch 1/8 [settle]  avg_loss 0.6646  last_loss 0.5846  steps 16  arch [128, 32, 2]
  [grown_capped_dream] task 1/1 (full100_L2_c3_2way) epoch 2/8 [settle]  avg_loss 0.4649  last_loss 0.4151  steps 32  arch [128, 32, 2]
  [grown_capped_dream] GROWTH after settle: 4/4 allowed, 0 denied  new arch=[128, 36, 2] params=9070 (trainable 4718)
  [grown_capped_dream] task 1/1 (full100_L2_c3_2way) epoch 3/8 [post-grow]  avg_loss 0.4001  last_loss 0.5065  steps 16  arch [128, 36, 2]
  [grown_capped_dream] task 1/1 (full100_L2_c3_2way) epoch 4/8 [post-grow]  avg_loss 0.3517  last_loss 0.2933  steps 32  arch [128, 36, 2]
  [grown_capped_dream] task 1/1 (full100_L2_c3_2way) epoch 5/8 [post-grow]  avg_loss 0.3341  last_loss 0.3930  steps 48  arch [128, 36, 2]
  [grown_capped_dream] task 1/1 (full100_L2_c3_2way) epoch 6/8 [post-grow]  avg_loss 0.3187  last_loss 0.3072  steps 64  arch [128, 36, 2]
  [grown_capped_dream] task 1/1 (full100_L2_c3_2way) epoch 7/8 [post-grow]  avg_loss 0.3119  last_loss 0.4196  steps 80  arch [128, 36, 2]
  [grown_capped_dream] task 1/1 (full100_L2_c3_2way) epoch 8/8 [post-grow]  avg_loss 0.3066  last_loss 0.4815  steps 96  arch [128, 36, 2]
  [grown_capped_dream] post-task DREAM: replay 0.2033→0.2726 on 1p; merges=0 purges=0 latched=0 → arch [128, 36, 2] (9070→9070 params)
[grown_capped_dream] After pass 1 task 1: own=0.8500 (domain 0.8500, task 0.8500)  avg=0.8500 (domain 0.8500, task 0.8500)  arch=[128, 36, 2] params=9070 (trainable 4718)  cum_grows=4 cum_denied=0 cum_purges=0 cum_latched=0

[grown_capped_dream] <<< PASS 1/1 done — full=0.8500  domain=0.8500  task=0.8500
[full100-l2] c03 (2-way, members=['plain', 'road']): acc=0.8500  chance=0.5000  (0.4s)
[full100-l2] cluster c4 has 1 members (['castle']) — skipping (singleton)

[grown_capped_dream] start — arch (128, 32, 2)  params 8546 (trainable 4194)  growth=True dream=True  cap_bytes=64000  K=1  passes=1  epochs/task=8  rehearsal=off  lwf=off  brainstem=off  engrams=off  hippocampus=off  differential=off  manifold=on

[grown_capped_dream] >>> PASS 1/1  grows_per_task=4  (developmental)

[grown_capped_dream] === Pass 1/1 Task 1/1: full100_L2_c5_2way (active [0, 1])  pre-arch=[128, 32, 2] params=8546 (trainable 4194/16000) ===
  [grown_capped_dream] task 1/1 (full100_L2_c5_2way) epoch 1/8 [settle]  avg_loss 0.7559  last_loss 0.6584  steps 16  arch [128, 32, 2]
  [grown_capped_dream] task 1/1 (full100_L2_c5_2way) epoch 2/8 [settle]  avg_loss 0.6225  last_loss 0.5602  steps 32  arch [128, 32, 2]
  [grown_capped_dream] GROWTH after settle: 4/4 allowed, 0 denied  new arch=[128, 36, 2] params=9070 (trainable 4718)
  [grown_capped_dream] task 1/1 (full100_L2_c5_2way) epoch 3/8 [post-grow]  avg_loss 0.5679  last_loss 0.5719  steps 16  arch [128, 36, 2]
  [grown_capped_dream] task 1/1 (full100_L2_c5_2way) epoch 4/8 [post-grow]  avg_loss 0.5199  last_loss 0.4225  steps 32  arch [128, 36, 2]
  [grown_capped_dream] task 1/1 (full100_L2_c5_2way) epoch 5/8 [post-grow]  avg_loss 0.4971  last_loss 0.4610  steps 48  arch [128, 36, 2]
  [grown_capped_dream] task 1/1 (full100_L2_c5_2way) epoch 6/8 [post-grow]  avg_loss 0.4801  last_loss 0.4828  steps 64  arch [128, 36, 2]
  [grown_capped_dream] task 1/1 (full100_L2_c5_2way) epoch 7/8 [post-grow]  avg_loss 0.4639  last_loss 0.3584  steps 80  arch [128, 36, 2]
  [grown_capped_dream] task 1/1 (full100_L2_c5_2way) epoch 8/8 [post-grow]  avg_loss 0.4579  last_loss 0.5961  steps 96  arch [128, 36, 2]
  [grown_capped_dream] post-task DREAM: replay 0.4229→0.4912 on 1p; merges=0 purges=0 latched=0 → arch [128, 36, 2] (9070→9070 params)
[grown_capped_dream] After pass 1 task 1: own=0.7700 (domain 0.7700, task 0.7700)  avg=0.7700 (domain 0.7700, task 0.7700)  arch=[128, 36, 2] params=9070 (trainable 4718)  cum_grows=4 cum_denied=0 cum_purges=0 cum_latched=0

[grown_capped_dream] <<< PASS 1/1 done — full=0.7700  domain=0.7700  task=0.7700
[full100-l2] c05 (2-way, members=['orange', 'pear']): acc=0.7700  chance=0.5000  (0.5s)
[full100-l2] cluster c6 has 1 members (['apple']) — skipping (singleton)

[grown_capped_dream] start — arch (128, 32, 2)  params 8546 (trainable 4194)  growth=True dream=True  cap_bytes=64000  K=1  passes=1  epochs/task=8  rehearsal=off  lwf=off  brainstem=off  engrams=off  hippocampus=off  differential=off  manifold=on

[grown_capped_dream] >>> PASS 1/1  grows_per_task=4  (developmental)

[grown_capped_dream] === Pass 1/1 Task 1/1: full100_L2_c7_15way (active [0, 1, 2, 3, 4, 5, 6, 7, 8, 9, 10, 11, 12, 13, 14])  pre-arch=[128, 32, 15] params=8975 (trainable 4623/16000) ===
  [grown_capped_dream] task 1/1 (full100_L2_c7_15way) epoch 1/8 [settle]  avg_loss 2.7086  last_loss 2.5860  steps 118  arch [128, 32, 15]
  [grown_capped_dream] task 1/1 (full100_L2_c7_15way) epoch 2/8 [settle]  avg_loss 2.5465  last_loss 2.1462  steps 236  arch [128, 32, 15]
  [grown_capped_dream] GROWTH after settle: 4/4 allowed, 0 denied  new arch=[128, 36, 15] params=9551 (trainable 5199)
  [grown_capped_dream] task 1/1 (full100_L2_c7_15way) epoch 3/8 [post-grow]  avg_loss 2.4722  last_loss 2.6432  steps 118  arch [128, 36, 15]
  [grown_capped_dream] task 1/1 (full100_L2_c7_15way) epoch 4/8 [post-grow]  avg_loss 2.4089  last_loss 2.2233  steps 236  arch [128, 36, 15]
  [grown_capped_dream] task 1/1 (full100_L2_c7_15way) epoch 5/8 [post-grow]  avg_loss 2.3681  last_loss 2.6223  steps 354  arch [128, 36, 15]
  [grown_capped_dream] task 1/1 (full100_L2_c7_15way) epoch 6/8 [post-grow]  avg_loss 2.3343  last_loss 2.3247  steps 472  arch [128, 36, 15]
  [grown_capped_dream] task 1/1 (full100_L2_c7_15way) epoch 7/8 [post-grow]  avg_loss 2.3076  last_loss 2.2770  steps 590  arch [128, 36, 15]
  [grown_capped_dream] task 1/1 (full100_L2_c7_15way) epoch 8/8 [post-grow]  avg_loss 2.2891  last_loss 2.4323  steps 708  arch [128, 36, 15]
  [grown_capped_dream] post-task DREAM: replay 2.2943→2.3611 on 1p; merges=0 purges=0 latched=0 → arch [128, 36, 15] (9551→9551 params)
[grown_capped_dream] After pass 1 task 1: own=0.2473 (domain 0.2167, task 0.2473)  avg=0.2473 (domain 0.2167, task 0.2473)  arch=[128, 36, 15] params=9551 (trainable 5199)  cum_grows=4 cum_denied=0 cum_purges=0 cum_latched=0

[grown_capped_dream] <<< PASS 1/1 done — full=0.2473  domain=0.2167  task=0.2473
[full100-l2] c07 (15-way, members=['baby', 'bed', 'bottle']…): acc=0.2473  chance=0.0667  (2.8s)
[full100-l2] cluster c8 has 1 members (['cockroach']) — skipping (singleton)

[grown_capped_dream] start — arch (128, 32, 2)  params 8546 (trainable 4194)  growth=True dream=True  cap_bytes=64000  K=1  passes=1  epochs/task=8  rehearsal=off  lwf=off  brainstem=off  engrams=off  hippocampus=off  differential=off  manifold=on

[grown_capped_dream] >>> PASS 1/1  grows_per_task=4  (developmental)

[grown_capped_dream] === Pass 1/1 Task 1/1: full100_L2_c9_3way (active [0, 1, 2])  pre-arch=[128, 32, 3] params=8579 (trainable 4227/16000) ===
  [grown_capped_dream] task 1/1 (full100_L2_c9_3way) epoch 1/8 [settle]  avg_loss 1.1655  last_loss 1.0757  steps 24  arch [128, 32, 3]
  [grown_capped_dream] task 1/1 (full100_L2_c9_3way) epoch 2/8 [settle]  avg_loss 1.0317  last_loss 1.0543  steps 48  arch [128, 32, 3]
  [grown_capped_dream] GROWTH after settle: 4/4 allowed, 0 denied  new arch=[128, 36, 3] params=9107 (trainable 4755)
  [grown_capped_dream] task 1/1 (full100_L2_c9_3way) epoch 3/8 [post-grow]  avg_loss 0.9877  last_loss 0.8740  steps 24  arch [128, 36, 3]
  [grown_capped_dream] task 1/1 (full100_L2_c9_3way) epoch 4/8 [post-grow]  avg_loss 0.9498  last_loss 0.8853  steps 48  arch [128, 36, 3]
  [grown_capped_dream] task 1/1 (full100_L2_c9_3way) epoch 5/8 [post-grow]  avg_loss 0.9291  last_loss 0.7950  steps 72  arch [128, 36, 3]
  [grown_capped_dream] task 1/1 (full100_L2_c9_3way) epoch 6/8 [post-grow]  avg_loss 0.9146  last_loss 0.8762  steps 96  arch [128, 36, 3]
  [grown_capped_dream] task 1/1 (full100_L2_c9_3way) epoch 7/8 [post-grow]  avg_loss 0.9013  last_loss 0.9250  steps 120  arch [128, 36, 3]
  [grown_capped_dream] task 1/1 (full100_L2_c9_3way) epoch 8/8 [post-grow]  avg_loss 0.8851  last_loss 0.9133  steps 144  arch [128, 36, 3]
  [grown_capped_dream] post-task DREAM: replay 0.8684→0.9274 on 1p; merges=0 purges=0 latched=0 → arch [128, 36, 3] (9107→9107 params)
[grown_capped_dream] After pass 1 task 1: own=0.5367 (domain 0.5367, task 0.5367)  avg=0.5367 (domain 0.5367, task 0.5367)  arch=[128, 36, 3] params=9107 (trainable 4755)  cum_grows=4 cum_denied=0 cum_purges=0 cum_latched=0

[grown_capped_dream] <<< PASS 1/1 done — full=0.5367  domain=0.5367  task=0.5367
[full100-l2] c09 (3-way, members=['orchid', 'rose', 'tulip']): acc=0.5367  chance=0.3333  (0.7s)

[grown_capped_dream] start — arch (128, 32, 2)  params 8546 (trainable 4194)  growth=True dream=True  cap_bytes=64000  K=1  passes=1  epochs/task=8  rehearsal=off  lwf=off  brainstem=off  engrams=off  hippocampus=off  differential=off  manifold=on

[grown_capped_dream] >>> PASS 1/1  grows_per_task=4  (developmental)

[grown_capped_dream] === Pass 1/1 Task 1/1: full100_L2_c10_4way (active [0, 1, 2, 3])  pre-arch=[128, 32, 4] params=8612 (trainable 4260/16000) ===
  [grown_capped_dream] task 1/1 (full100_L2_c10_4way) epoch 1/8 [settle]  avg_loss 1.3789  last_loss 1.7213  steps 32  arch [128, 32, 4]
  [grown_capped_dream] task 1/1 (full100_L2_c10_4way) epoch 2/8 [settle]  avg_loss 1.1764  last_loss 1.1783  steps 64  arch [128, 32, 4]
  [grown_capped_dream] GROWTH after settle: 4/4 allowed, 0 denied  new arch=[128, 36, 4] params=9144 (trainable 4792)
  [grown_capped_dream] task 1/1 (full100_L2_c10_4way) epoch 3/8 [post-grow]  avg_loss 1.0824  last_loss 0.9272  steps 32  arch [128, 36, 4]
  [grown_capped_dream] task 1/1 (full100_L2_c10_4way) epoch 4/8 [post-grow]  avg_loss 1.0208  last_loss 1.0625  steps 64  arch [128, 36, 4]
  [grown_capped_dream] task 1/1 (full100_L2_c10_4way) epoch 5/8 [post-grow]  avg_loss 0.9842  last_loss 1.1591  steps 96  arch [128, 36, 4]
  [grown_capped_dream] task 1/1 (full100_L2_c10_4way) epoch 6/8 [post-grow]  avg_loss 0.9528  last_loss 1.1304  steps 128  arch [128, 36, 4]
  [grown_capped_dream] task 1/1 (full100_L2_c10_4way) epoch 7/8 [post-grow]  avg_loss 0.9194  last_loss 0.6827  steps 160  arch [128, 36, 4]
  [grown_capped_dream] task 1/1 (full100_L2_c10_4way) epoch 8/8 [post-grow]  avg_loss 0.9128  last_loss 1.0131  steps 192  arch [128, 36, 4]
  [grown_capped_dream] post-task DREAM: replay 0.9759→0.9281 on 1p; merges=0 purges=0 latched=0 → arch [128, 36, 4] (9144→9144 params)
[grown_capped_dream] After pass 1 task 1: own=0.6050 (domain 0.6050, task 0.6050)  avg=0.6050 (domain 0.6050, task 0.6050)  arch=[128, 36, 4] params=9144 (trainable 4792)  cum_grows=4 cum_denied=0 cum_purges=0 cum_latched=0

[grown_capped_dream] <<< PASS 1/1 done — full=0.6050  domain=0.6050  task=0.6050
[full100-l2] c10 (4-way, members=['bee', 'poppy', 'sunflower']…): acc=0.6050  chance=0.2500  (0.6s)

[grown_capped_dream] start — arch (128, 32, 2)  params 8546 (trainable 4194)  growth=True dream=True  cap_bytes=64000  K=1  passes=1  epochs/task=8  rehearsal=off  lwf=off  brainstem=off  engrams=off  hippocampus=off  differential=off  manifold=on

[grown_capped_dream] >>> PASS 1/1  grows_per_task=4  (developmental)

[grown_capped_dream] === Pass 1/1 Task 1/1: full100_L2_c11_5way (active [0, 1, 2, 3, 4])  pre-arch=[128, 32, 5] params=8645 (trainable 4293/16000) ===
  [grown_capped_dream] task 1/1 (full100_L2_c11_5way) epoch 1/8 [settle]  avg_loss 1.5519  last_loss 1.1979  steps 40  arch [128, 32, 5]
  [grown_capped_dream] task 1/1 (full100_L2_c11_5way) epoch 2/8 [settle]  avg_loss 1.4299  last_loss 1.9815  steps 80  arch [128, 32, 5]
  [grown_capped_dream] GROWTH after settle: 4/4 allowed, 0 denied  new arch=[128, 36, 5] params=9181 (trainable 4829)
  [grown_capped_dream] task 1/1 (full100_L2_c11_5way) epoch 3/8 [post-grow]  avg_loss 1.3718  last_loss 1.3606  steps 40  arch [128, 36, 5]
  [grown_capped_dream] task 1/1 (full100_L2_c11_5way) epoch 4/8 [post-grow]  avg_loss 1.3394  last_loss 1.4318  steps 80  arch [128, 36, 5]
  [grown_capped_dream] task 1/1 (full100_L2_c11_5way) epoch 5/8 [post-grow]  avg_loss 1.3086  last_loss 1.2255  steps 120  arch [128, 36, 5]
  [grown_capped_dream] task 1/1 (full100_L2_c11_5way) epoch 6/8 [post-grow]  avg_loss 1.3040  last_loss 1.7009  steps 160  arch [128, 36, 5]
  [grown_capped_dream] task 1/1 (full100_L2_c11_5way) epoch 7/8 [post-grow]  avg_loss 1.2696  last_loss 0.8967  steps 200  arch [128, 36, 5]
  [grown_capped_dream] task 1/1 (full100_L2_c11_5way) epoch 8/8 [post-grow]  avg_loss 1.2570  last_loss 0.9186  steps 240  arch [128, 36, 5]
  [grown_capped_dream] post-task DREAM: replay 1.2126→1.1881 on 1p; merges=0 purges=0 latched=0 → arch [128, 36, 5] (9181→9181 params)
[grown_capped_dream] After pass 1 task 1: own=0.4420 (domain 0.4420, task 0.4420)  avg=0.4420 (domain 0.4420, task 0.4420)  arch=[128, 36, 5] params=9181 (trainable 4829)  cum_grows=4 cum_denied=0 cum_purges=0 cum_latched=0

[grown_capped_dream] <<< PASS 1/1 done — full=0.4420  domain=0.4420  task=0.4420
[full100-l2] c11 (5-way, members=['maple_tree', 'oak_tree', 'palm_tree']…): acc=0.4420  chance=0.2000  (4.2s)

[grown_capped_dream] start — arch (128, 32, 2)  params 8546 (trainable 4194)  growth=True dream=True  cap_bytes=64000  K=1  passes=1  epochs/task=8  rehearsal=off  lwf=off  brainstem=off  engrams=off  hippocampus=off  differential=off  manifold=on

[grown_capped_dream] >>> PASS 1/1  grows_per_task=4  (developmental)

[grown_capped_dream] === Pass 1/1 Task 1/1: full100_L2_c12_5way (active [0, 1, 2, 3, 4])  pre-arch=[128, 32, 5] params=8645 (trainable 4293/16000) ===
  [grown_capped_dream] task 1/1 (full100_L2_c12_5way) epoch 1/8 [settle]  avg_loss 1.5991  last_loss 1.6546  steps 40  arch [128, 32, 5]
  [grown_capped_dream] task 1/1 (full100_L2_c12_5way) epoch 2/8 [settle]  avg_loss 1.4355  last_loss 1.5034  steps 80  arch [128, 32, 5]
  [grown_capped_dream] GROWTH after settle: 4/4 allowed, 0 denied  new arch=[128, 36, 5] params=9181 (trainable 4829)
  [grown_capped_dream] task 1/1 (full100_L2_c12_5way) epoch 3/8 [post-grow]  avg_loss 1.3708  last_loss 1.4854  steps 40  arch [128, 36, 5]
  [grown_capped_dream] task 1/1 (full100_L2_c12_5way) epoch 4/8 [post-grow]  avg_loss 1.3262  last_loss 1.7617  steps 80  arch [128, 36, 5]
  [grown_capped_dream] task 1/1 (full100_L2_c12_5way) epoch 5/8 [post-grow]  avg_loss 1.2970  last_loss 1.8692  steps 120  arch [128, 36, 5]
  [grown_capped_dream] task 1/1 (full100_L2_c12_5way) epoch 6/8 [post-grow]  avg_loss 1.2568  last_loss 1.4102  steps 160  arch [128, 36, 5]
  [grown_capped_dream] task 1/1 (full100_L2_c12_5way) epoch 7/8 [post-grow]  avg_loss 1.2207  last_loss 0.6691  steps 200  arch [128, 36, 5]
  [grown_capped_dream] task 1/1 (full100_L2_c12_5way) epoch 8/8 [post-grow]  avg_loss 1.2063  last_loss 0.9148  steps 240  arch [128, 36, 5]
  [grown_capped_dream] post-task DREAM: replay 1.0612→1.0912 on 1p; merges=0 purges=0 latched=0 → arch [128, 36, 5] (9181→9181 params)
[grown_capped_dream] After pass 1 task 1: own=0.4880 (domain 0.4880, task 0.4880)  avg=0.4880 (domain 0.4880, task 0.4880)  arch=[128, 36, 5] params=9181 (trainable 4829)  cum_grows=4 cum_denied=0 cum_purges=0 cum_latched=0

[grown_capped_dream] <<< PASS 1/1 done — full=0.4880  domain=0.4880  task=0.4880
[full100-l2] c12 (5-way, members=['bus', 'keyboard', 'motorcycle']…): acc=0.4880  chance=0.2000  (0.8s)

[grown_capped_dream] start — arch (128, 32, 2)  params 8546 (trainable 4194)  growth=True dream=True  cap_bytes=64000  K=1  passes=1  epochs/task=8  rehearsal=off  lwf=off  brainstem=off  engrams=off  hippocampus=off  differential=off  manifold=on

[grown_capped_dream] >>> PASS 1/1  grows_per_task=4  (developmental)

[grown_capped_dream] === Pass 1/1 Task 1/1: full100_L2_c13_2way (active [0, 1])  pre-arch=[128, 32, 2] params=8546 (trainable 4194/16000) ===
  [grown_capped_dream] task 1/1 (full100_L2_c13_2way) epoch 1/8 [settle]  avg_loss 0.7772  last_loss 0.7558  steps 16  arch [128, 32, 2]
  [grown_capped_dream] task 1/1 (full100_L2_c13_2way) epoch 2/8 [settle]  avg_loss 0.6566  last_loss 0.6556  steps 32  arch [128, 32, 2]
  [grown_capped_dream] GROWTH after settle: 4/4 allowed, 0 denied  new arch=[128, 36, 2] params=9070 (trainable 4718)
  [grown_capped_dream] task 1/1 (full100_L2_c13_2way) epoch 3/8 [post-grow]  avg_loss 0.6093  last_loss 0.6815  steps 16  arch [128, 36, 2]
  [grown_capped_dream] task 1/1 (full100_L2_c13_2way) epoch 4/8 [post-grow]  avg_loss 0.5678  last_loss 0.6291  steps 32  arch [128, 36, 2]
  [grown_capped_dream] task 1/1 (full100_L2_c13_2way) epoch 5/8 [post-grow]  avg_loss 0.5399  last_loss 0.4558  steps 48  arch [128, 36, 2]
  [grown_capped_dream] task 1/1 (full100_L2_c13_2way) epoch 6/8 [post-grow]  avg_loss 0.5196  last_loss 0.4851  steps 64  arch [128, 36, 2]
  [grown_capped_dream] task 1/1 (full100_L2_c13_2way) epoch 7/8 [post-grow]  avg_loss 0.5008  last_loss 0.4848  steps 80  arch [128, 36, 2]
  [grown_capped_dream] task 1/1 (full100_L2_c13_2way) epoch 8/8 [post-grow]  avg_loss 0.4893  last_loss 0.5525  steps 96  arch [128, 36, 2]
  [grown_capped_dream] post-task DREAM: replay 0.5037→0.4632 on 1p; merges=0 purges=0 latched=0 → arch [128, 36, 2] (9070→9070 params)
[grown_capped_dream] After pass 1 task 1: own=0.7050 (domain 0.7050, task 0.7050)  avg=0.7050 (domain 0.7050, task 0.7050)  arch=[128, 36, 2] params=9070 (trainable 4718)  cum_grows=4 cum_denied=0 cum_purges=0 cum_latched=0

[grown_capped_dream] <<< PASS 1/1 done — full=0.7050  domain=0.7050  task=0.7050
[full100-l2] c13 (2-way, members=['telephone', 'television']): acc=0.7050  chance=0.5000  (0.4s)

[grown_capped_dream] start — arch (128, 32, 2)  params 8546 (trainable 4194)  growth=True dream=True  cap_bytes=64000  K=1  passes=1  epochs/task=8  rehearsal=off  lwf=off  brainstem=off  engrams=off  hippocampus=off  differential=off  manifold=on

[grown_capped_dream] >>> PASS 1/1  grows_per_task=4  (developmental)

[grown_capped_dream] === Pass 1/1 Task 1/1: full100_L2_c14_13way (active [0, 1, 2, 3, 4, 5, 6, 7, 8, 9, 10, 11, 12])  pre-arch=[128, 32, 13] params=8909 (trainable 4557/16000) ===
  [grown_capped_dream] task 1/1 (full100_L2_c14_13way) epoch 1/8 [settle]  avg_loss 2.5850  last_loss 2.6152  steps 102  arch [128, 32, 13]
  [grown_capped_dream] task 1/1 (full100_L2_c14_13way) epoch 2/8 [settle]  avg_loss 2.3849  last_loss 2.3164  steps 204  arch [128, 32, 13]
  [grown_capped_dream] GROWTH after settle: 4/4 allowed, 0 denied  new arch=[128, 36, 13] params=9477 (trainable 5125)
  [grown_capped_dream] task 1/1 (full100_L2_c14_13way) epoch 3/8 [post-grow]  avg_loss 2.2824  last_loss 2.1489  steps 102  arch [128, 36, 13]
  [grown_capped_dream] task 1/1 (full100_L2_c14_13way) epoch 4/8 [post-grow]  avg_loss 2.1969  last_loss 2.5284  steps 204  arch [128, 36, 13]
  [grown_capped_dream] task 1/1 (full100_L2_c14_13way) epoch 5/8 [post-grow]  avg_loss 2.1368  last_loss 2.0221  steps 306  arch [128, 36, 13]
  [grown_capped_dream] task 1/1 (full100_L2_c14_13way) epoch 6/8 [post-grow]  avg_loss 2.0924  last_loss 1.9874  steps 408  arch [128, 36, 13]
  [grown_capped_dream] task 1/1 (full100_L2_c14_13way) epoch 7/8 [post-grow]  avg_loss 2.0573  last_loss 1.8830  steps 510  arch [128, 36, 13]
  [grown_capped_dream] task 1/1 (full100_L2_c14_13way) epoch 8/8 [post-grow]  avg_loss 2.0258  last_loss 1.9993  steps 612  arch [128, 36, 13]
  [grown_capped_dream] post-task DREAM: replay 1.9993→1.9459 on 1p; merges=0 purges=0 latched=0 → arch [128, 36, 13] (9477→9477 params)
[grown_capped_dream] After pass 1 task 1: own=0.3100 (domain 0.2877, task 0.3100)  avg=0.3100 (domain 0.2877, task 0.3100)  arch=[128, 36, 13] params=9477 (trainable 5125)  cum_grows=4 cum_denied=0 cum_purges=0 cum_latched=0

[grown_capped_dream] <<< PASS 1/1 done — full=0.3100  domain=0.2877  task=0.3100
[full100-l2] c14 (13-way, members=['aquarium_fish', 'bear', 'can']…): acc=0.3100  chance=0.0769  (-0.6s)

[grown_capped_dream] start — arch (128, 32, 2)  params 8546 (trainable 4194)  growth=True dream=True  cap_bytes=64000  K=1  passes=1  epochs/task=8  rehearsal=off  lwf=off  brainstem=off  engrams=off  hippocampus=off  differential=off  manifold=on

[grown_capped_dream] >>> PASS 1/1  grows_per_task=4  (developmental)

[grown_capped_dream] === Pass 1/1 Task 1/1: full100_L2_c15_5way (active [0, 1, 2, 3, 4])  pre-arch=[128, 32, 5] params=8645 (trainable 4293/16000) ===
  [grown_capped_dream] task 1/1 (full100_L2_c15_5way) epoch 1/8 [settle]  avg_loss 1.5616  last_loss 1.5211  steps 40  arch [128, 32, 5]
  [grown_capped_dream] task 1/1 (full100_L2_c15_5way) epoch 2/8 [settle]  avg_loss 1.4432  last_loss 1.8825  steps 80  arch [128, 32, 5]
  [grown_capped_dream] GROWTH after settle: 4/4 allowed, 0 denied  new arch=[128, 36, 5] params=9181 (trainable 4829)
  [grown_capped_dream] task 1/1 (full100_L2_c15_5way) epoch 3/8 [post-grow]  avg_loss 1.3962  last_loss 2.0398  steps 40  arch [128, 36, 5]
  [grown_capped_dream] task 1/1 (full100_L2_c15_5way) epoch 4/8 [post-grow]  avg_loss 1.3376  last_loss 1.3956  steps 80  arch [128, 36, 5]
  [grown_capped_dream] task 1/1 (full100_L2_c15_5way) epoch 5/8 [post-grow]  avg_loss 1.3076  last_loss 1.0565  steps 120  arch [128, 36, 5]
  [grown_capped_dream] task 1/1 (full100_L2_c15_5way) epoch 6/8 [post-grow]  avg_loss 1.2635  last_loss 0.4164  steps 160  arch [128, 36, 5]
  [grown_capped_dream] task 1/1 (full100_L2_c15_5way) epoch 7/8 [post-grow]  avg_loss 1.2623  last_loss 0.9786  steps 200  arch [128, 36, 5]
  [grown_capped_dream] task 1/1 (full100_L2_c15_5way) epoch 8/8 [post-grow]  avg_loss 1.2645  last_loss 1.6701  steps 240  arch [128, 36, 5]
  [grown_capped_dream] post-task DREAM: replay 1.3043→1.1619 on 1p; merges=0 purges=0 latched=0 → arch [128, 36, 5] (9181→9181 params)
[grown_capped_dream] After pass 1 task 1: own=0.4560 (domain 0.4560, task 0.4560)  avg=0.4560 (domain 0.4560, task 0.4560)  arch=[128, 36, 5] params=9181 (trainable 4829)  cum_grows=4 cum_denied=0 cum_purges=0 cum_latched=0

[grown_capped_dream] <<< PASS 1/1 done — full=0.4560  domain=0.4560  task=0.4560
[full100-l2] c15 (5-way, members=['bridge', 'house', 'seal']…): acc=0.4560  chance=0.2000  (0.9s)

[grown_capped_dream] start — arch (128, 32, 2)  params 8546 (trainable 4194)  growth=True dream=True  cap_bytes=64000  K=1  passes=1  epochs/task=8  rehearsal=off  lwf=off  brainstem=off  engrams=off  hippocampus=off  differential=off  manifold=on

[grown_capped_dream] >>> PASS 1/1  grows_per_task=4  (developmental)

[grown_capped_dream] === Pass 1/1 Task 1/1: full100_L2_c16_2way (active [0, 1])  pre-arch=[128, 32, 2] params=8546 (trainable 4194/16000) ===
  [grown_capped_dream] task 1/1 (full100_L2_c16_2way) epoch 1/8 [settle]  avg_loss 0.7334  last_loss 0.5846  steps 16  arch [128, 32, 2]
  [grown_capped_dream] task 1/1 (full100_L2_c16_2way) epoch 2/8 [settle]  avg_loss 0.6175  last_loss 0.6696  steps 32  arch [128, 32, 2]
  [grown_capped_dream] GROWTH after settle: 4/4 allowed, 0 denied  new arch=[128, 36, 2] params=9070 (trainable 4718)
  [grown_capped_dream] task 1/1 (full100_L2_c16_2way) epoch 3/8 [post-grow]  avg_loss 0.5775  last_loss 0.5961  steps 16  arch [128, 36, 2]
  [grown_capped_dream] task 1/1 (full100_L2_c16_2way) epoch 4/8 [post-grow]  avg_loss 0.5506  last_loss 0.5038  steps 32  arch [128, 36, 2]
  [grown_capped_dream] task 1/1 (full100_L2_c16_2way) epoch 5/8 [post-grow]  avg_loss 0.5355  last_loss 0.4802  steps 48  arch [128, 36, 2]
  [grown_capped_dream] task 1/1 (full100_L2_c16_2way) epoch 6/8 [post-grow]  avg_loss 0.5269  last_loss 0.5444  steps 64  arch [128, 36, 2]
  [grown_capped_dream] task 1/1 (full100_L2_c16_2way) epoch 7/8 [post-grow]  avg_loss 0.5169  last_loss 0.5364  steps 80  arch [128, 36, 2]
  [grown_capped_dream] task 1/1 (full100_L2_c16_2way) epoch 8/8 [post-grow]  avg_loss 0.5098  last_loss 0.6074  steps 96  arch [128, 36, 2]
  [grown_capped_dream] post-task DREAM: replay 0.4252→0.4649 on 1p; merges=0 purges=0 latched=0 → arch [128, 36, 2] (9070→9070 params)
[grown_capped_dream] After pass 1 task 1: own=0.7150 (domain 0.7150, task 0.7150)  avg=0.7150 (domain 0.7150, task 0.7150)  arch=[128, 36, 2] params=9070 (trainable 4718)  cum_grows=4 cum_denied=0 cum_purges=0 cum_latched=0

[grown_capped_dream] <<< PASS 1/1 done — full=0.7150  domain=0.7150  task=0.7150
[full100-l2] c16 (2-way, members=['leopard', 'tiger']): acc=0.7150  chance=0.5000  (0.6s)

[grown_capped_dream] start — arch (128, 32, 2)  params 8546 (trainable 4194)  growth=True dream=True  cap_bytes=64000  K=1  passes=1  epochs/task=8  rehearsal=off  lwf=off  brainstem=off  engrams=off  hippocampus=off  differential=off  manifold=on

[grown_capped_dream] >>> PASS 1/1  grows_per_task=4  (developmental)

[grown_capped_dream] === Pass 1/1 Task 1/1: full100_L2_c17_6way (active [0, 1, 2, 3, 4, 5])  pre-arch=[128, 32, 6] params=8678 (trainable 4326/16000) ===
  [grown_capped_dream] task 1/1 (full100_L2_c17_6way) epoch 1/8 [settle]  avg_loss 1.7842  last_loss 1.6030  steps 47  arch [128, 32, 6]
  [grown_capped_dream] task 1/1 (full100_L2_c17_6way) epoch 2/8 [settle]  avg_loss 1.5984  last_loss 1.5553  steps 94  arch [128, 32, 6]
  [grown_capped_dream] GROWTH after settle: 4/4 allowed, 0 denied  new arch=[128, 36, 6] params=9218 (trainable 4866)
  [grown_capped_dream] task 1/1 (full100_L2_c17_6way) epoch 3/8 [post-grow]  avg_loss 1.5063  last_loss 1.4651  steps 47  arch [128, 36, 6]
  [grown_capped_dream] task 1/1 (full100_L2_c17_6way) epoch 4/8 [post-grow]  avg_loss 1.4415  last_loss 1.4280  steps 94  arch [128, 36, 6]
  [grown_capped_dream] task 1/1 (full100_L2_c17_6way) epoch 5/8 [post-grow]  avg_loss 1.3954  last_loss 1.3579  steps 141  arch [128, 36, 6]
  [grown_capped_dream] task 1/1 (full100_L2_c17_6way) epoch 6/8 [post-grow]  avg_loss 1.3570  last_loss 1.4297  steps 188  arch [128, 36, 6]
  [grown_capped_dream] task 1/1 (full100_L2_c17_6way) epoch 7/8 [post-grow]  avg_loss 1.3274  last_loss 1.2814  steps 235  arch [128, 36, 6]
  [grown_capped_dream] task 1/1 (full100_L2_c17_6way) epoch 8/8 [post-grow]  avg_loss 1.3025  last_loss 1.4200  steps 282  arch [128, 36, 6]
  [grown_capped_dream] post-task DREAM: replay 1.2402→1.2528 on 1p; merges=0 purges=0 latched=0 → arch [128, 36, 6] (9218→9218 params)
[grown_capped_dream] After pass 1 task 1: own=0.4750 (domain 0.4750, task 0.4750)  avg=0.4750 (domain 0.4750, task 0.4750)  arch=[128, 36, 6] params=9218 (trainable 4866)  cum_grows=4 cum_denied=0 cum_purges=0 cum_latched=0

[grown_capped_dream] <<< PASS 1/1 done — full=0.4750  domain=0.4750  task=0.4750
[full100-l2] c17 (6-way, members=['bicycle', 'crab', 'lobster']…): acc=0.4750  chance=0.1667  (1.2s)

[grown_capped_dream] start — arch (128, 32, 2)  params 8546 (trainable 4194)  growth=True dream=True  cap_bytes=64000  K=1  passes=1  epochs/task=8  rehearsal=off  lwf=off  brainstem=off  engrams=off  hippocampus=off  differential=off  manifold=on

[grown_capped_dream] >>> PASS 1/1  grows_per_task=4  (developmental)

[grown_capped_dream] === Pass 1/1 Task 1/1: full100_L2_c18_3way (active [0, 1, 2])  pre-arch=[128, 32, 3] params=8579 (trainable 4227/16000) ===
  [grown_capped_dream] task 1/1 (full100_L2_c18_3way) epoch 1/8 [settle]  avg_loss 1.1510  last_loss 0.9874  steps 24  arch [128, 32, 3]
  [grown_capped_dream] task 1/1 (full100_L2_c18_3way) epoch 2/8 [settle]  avg_loss 0.9777  last_loss 1.0264  steps 48  arch [128, 32, 3]
  [grown_capped_dream] GROWTH after settle: 4/4 allowed, 0 denied  new arch=[128, 36, 3] params=9107 (trainable 4755)
  [grown_capped_dream] task 1/1 (full100_L2_c18_3way) epoch 3/8 [post-grow]  avg_loss 0.9151  last_loss 0.8207  steps 24  arch [128, 36, 3]
  [grown_capped_dream] task 1/1 (full100_L2_c18_3way) epoch 4/8 [post-grow]  avg_loss 0.8553  last_loss 0.7078  steps 48  arch [128, 36, 3]
  [grown_capped_dream] task 1/1 (full100_L2_c18_3way) epoch 5/8 [post-grow]  avg_loss 0.8291  last_loss 0.9275  steps 72  arch [128, 36, 3]
  [grown_capped_dream] task 1/1 (full100_L2_c18_3way) epoch 6/8 [post-grow]  avg_loss 0.8044  last_loss 0.8760  steps 96  arch [128, 36, 3]
  [grown_capped_dream] task 1/1 (full100_L2_c18_3way) epoch 7/8 [post-grow]  avg_loss 0.7813  last_loss 0.8198  steps 120  arch [128, 36, 3]
  [grown_capped_dream] task 1/1 (full100_L2_c18_3way) epoch 8/8 [post-grow]  avg_loss 0.7735  last_loss 1.0586  steps 144  arch [128, 36, 3]
  [grown_capped_dream] post-task DREAM: replay 0.8455→0.8815 on 1p; merges=0 purges=0 latched=0 → arch [128, 36, 3] (9107→9107 params)
[grown_capped_dream] After pass 1 task 1: own=0.6533 (domain 0.6533, task 0.6533)  avg=0.6533 (domain 0.6533, task 0.6533)  arch=[128, 36, 3] params=9107 (trainable 4755)  cum_grows=4 cum_denied=0 cum_purges=0 cum_latched=0

[grown_capped_dream] <<< PASS 1/1 done — full=0.6533  domain=0.6533  task=0.6533
[full100-l2] c18 (3-way, members=['butterfly', 'caterpillar', 'forest']): acc=0.6533  chance=0.3333  (0.7s)

[grown_capped_dream] start — arch (128, 32, 2)  params 8546 (trainable 4194)  growth=True dream=True  cap_bytes=64000  K=1  passes=1  epochs/task=8  rehearsal=off  lwf=off  brainstem=off  engrams=off  hippocampus=off  differential=off  manifold=on

[grown_capped_dream] >>> PASS 1/1  grows_per_task=4  (developmental)

[grown_capped_dream] === Pass 1/1 Task 1/1: full100_L2_c19_20way (active [0, 1, 2, 3, 4, 5, 6, 7, 8, 9, 10, 11, 12, 13, 14, 15, 16, 17, 18, 19])  pre-arch=[128, 32, 20] params=9140 (trainable 4788/16000) ===
  [grown_capped_dream] task 1/1 (full100_L2_c19_20way) epoch 1/8 [settle]  avg_loss 2.9897  last_loss 2.7629  steps 157  arch [128, 32, 20]
  [grown_capped_dream] task 1/1 (full100_L2_c19_20way) epoch 2/8 [settle]  avg_loss 2.8205  last_loss 2.8381  steps 314  arch [128, 32, 20]
  [grown_capped_dream] GROWTH after settle: 4/4 allowed, 0 denied  new arch=[128, 36, 20] params=9736 (trainable 5384)
  [grown_capped_dream] task 1/1 (full100_L2_c19_20way) epoch 3/8 [post-grow]  avg_loss 2.7425  last_loss 2.7616  steps 157  arch [128, 36, 20]
  [grown_capped_dream] task 1/1 (full100_L2_c19_20way) epoch 4/8 [post-grow]  avg_loss 2.6893  last_loss 2.9300  steps 314  arch [128, 36, 20]
  [grown_capped_dream] task 1/1 (full100_L2_c19_20way) epoch 5/8 [post-grow]  avg_loss 2.6494  last_loss 2.6709  steps 471  arch [128, 36, 20]
  [grown_capped_dream] task 1/1 (full100_L2_c19_20way) epoch 6/8 [post-grow]  avg_loss 2.6164  last_loss 2.4830  steps 628  arch [128, 36, 20]
  [grown_capped_dream] task 1/1 (full100_L2_c19_20way) epoch 7/8 [post-grow]  avg_loss 2.5941  last_loss 2.5237  steps 785  arch [128, 36, 20]
  [grown_capped_dream] task 1/1 (full100_L2_c19_20way) epoch 8/8 [post-grow]  avg_loss 2.5717  last_loss 2.2314  steps 942  arch [128, 36, 20]
  [grown_capped_dream] post-task DREAM: replay 2.2826→2.4049 on 1p; merges=0 purges=0 latched=0 → arch [128, 36, 20] (9736→9736 params)
[grown_capped_dream] After pass 1 task 1: own=0.2025 (domain 0.1650, task 0.2025)  avg=0.2025 (domain 0.1650, task 0.2025)  arch=[128, 36, 20] params=9736 (trainable 5384)  cum_grows=4 cum_denied=0 cum_purges=0 cum_latched=0

[grown_capped_dream] <<< PASS 1/1 done — full=0.2025  domain=0.1650  task=0.2025
[full100-l2] c19 (20-way, members=['beaver', 'beetle', 'camel']…): acc=0.2025  chance=0.0500  (3.5s)

[full100-l2] trained 17 experts; skipped 3 singletons ([(4, 'castle'), (6, 'apple'), (8, 'cockroach')])
