[L1-δ] donor: outputs/cifar_taxonomy/donor_l1_living_vs_nonliving.pt
[L1-δ]   sense=classical  arch=[128, 36, 2]
[L1-δ]   L0 dim = 128 (layer 0 output)
[L1-δ] sensed train: (8000, 33) (4000 Living, 4000 Non-living)
[L1-δ] L0 activations: (8000, 128)  mean=+0.5293  std=0.8201

[L1-δ] === aggregate δ statistics ===
  ||μ_living||₂       = 6.4988
  ||μ_nonliving||₂    = 5.9977
  ||δ||₂              = 2.4709  (= 38.0% of larger μ)
  cos(μ_l, μ_n)       = +0.9249  (1 = identical centroids → contrast is hard)

[L1-δ] === top-12 L0 dims by |δ_i| ===
   dim       δ_i    μ_l[i]    μ_n[i]   σ_l[i]   σ_n[i]    sep_i
     8   +0.6352   +1.0615   +0.4263   1.3014   0.8078    0.301
     4   +0.5880   +0.9821   +0.3940   1.1369   0.7476    0.312
    81   +0.5272   +0.9157   +0.3884   1.0912   0.6898    0.296
    77   -0.4546   +0.3978   +0.8524   0.7014   1.0335    0.262
    55   +0.4254   +0.8225   +0.3971   0.9212   0.6503    0.271
   120   -0.4050   +0.4719   +0.8769   0.8465   1.0850    0.210
   112   +0.4030   +0.6348   +0.2318   0.7218   0.4430    0.346
    27   +0.4011   +0.7994   +0.3983   1.0490   0.6848    0.231
   101   +0.3941   +0.6953   +0.3012   1.1250   0.5586    0.234
   119   -0.3923   +0.4403   +0.8326   0.9103   1.0643    0.199
    70   +0.3895   +0.8138   +0.4243   0.9783   0.7506    0.225
    39   -0.3666   +0.3316   +0.6982   0.6465   0.8787    0.240

[L1-δ] === separability summary ===
  mean sep over all 128 dims:  0.1109
  max sep:                      0.3460  (at dim 112)
  median sep:                   0.0931
  fraction of dims with sep > 0.5: 0.0%
  fraction of dims with sep > 1.0: 0.0%

[L1-δ] interpretation:
  ~0/128 L0 dimensions carry the Living vs Non-living contrast at sep > 0.5.
  → contrast is sparse: a small subset of L0 dims does the work. Storing δ explicitly would be cheap.
