[L2-c] donor: outputs/cifar_taxonomy/donor_l2_central_object_9way.pt
[L2-c]   sense=classical  arch=[128, 36, 9]
[L2-c] L0 stats: μ (9, 128)  σ (9, 128)
[L2-c]   ‖μ‖ range: 5.721–7.885
[L2-c]   σ range:  0.685–0.872
[L2-c] top-12 confusable pairs:
    clock          → man              23
    butterfly      → mushroom         22
    pickup_truck   → motorcycle       18
    wolf           → mushroom         17
    wolf           → pickup_truck     17
    man            → pickup_truck     15
    spider         → mushroom         14
    wolf           → man              14
    butterfly      → spider           13
    motorcycle     → pickup_truck     13
    clock          → pickup_truck     13
    mushroom       → butterfly        12

[L2-c] baseline test acc: 0.4389 (chance 1/9=0.111)
[L2-c] starting margin-loss refinement: 2000 steps, batch_pairs=64, margin=1.0, lr=0.001
  step     1/2000  loss=0.5062  test_acc=0.4344
  step   200/2000  loss=0.1570  test_acc=0.3067
  step   400/2000  loss=0.1259  test_acc=0.2678
  step   600/2000  loss=0.0297  test_acc=0.2500
  step   800/2000  loss=0.1148  test_acc=0.2433
  step  1000/2000  loss=0.0887  test_acc=0.2456
  step  1200/2000  loss=0.1913  test_acc=0.2333
  step  1400/2000  loss=0.1403  test_acc=0.2211
  step  1600/2000  loss=0.0533  test_acc=0.2100
  step  1800/2000  loss=0.0595  test_acc=0.2067
  step  2000/2000  loss=0.0371  test_acc=0.2122
[L2-c] refinement done (8.6s)

[L2-c] === results ===
  baseline acc:       0.4389
  contrastive acc:    0.2122
  Δ:                  -0.2267

  per-class accuracy (baseline → contrastive):
    wolf            0.3600 → 0.0000  ↓
    man             0.5000 → 0.2800  ↓
    clock           0.2100 → 0.2400  ↑
    motorcycle      0.5500 → 0.5400  ↓
    pickup_truck    0.3900 → 0.0000  ↓
    rose            0.6500 → 0.0900  ↓
    spider          0.5400 → 0.4200  ↓
    butterfly       0.3100 → 0.3200  ↑
    mushroom        0.4400 → 0.0200  ↓

[L2-c] [SAVE] /home/marcrockhat/trioron-project/outputs/cifar_taxonomy/donor_l2_central_object_9way_contrastive.pt
