train_donor: label=emnist_kt  seed=43  arm=grown_uncapped_dream  epochs/task=8
  tasks   = ['emnist_letters_10_11', 'emnist_letters_12_13', 'emnist_letters_14_15', 'emnist_letters_16_17', 'emnist_letters_18_19']
  classes = [30, 31, 32, 33, 34, 35, 36, 37, 38, 39]  dataset=emnist_letters
[datasets] loading emnist_letters (train) ...
[datasets] loading emnist_letters (test)  ...
[grown_uncapped_dream] L0 factored as R_donor · S  (donor_seed=43, protocol_seed=0xFEEDFACE)

[grown_uncapped_dream] start — arch (128, 32, 2)  params 104674 (trainable 4194)  growth=True dream=True  cap_bytes=2147483648  K=5  passes=1  epochs/task=8  rehearsal=off  lwf=off  brainstem=off  engrams=off  hippocampus=off  differential=off  manifold=on

[grown_uncapped_dream] >>> PASS 1/1  grows_per_task=4  (developmental)

[grown_uncapped_dream] === Pass 1/1 Task 1/5: emnist_letters_10_11 (active [30, 31])  pre-arch=[128, 32, 32] params=105664 (trainable 5184/∞) ===
  [grown_uncapped_dream] task 1/5 (emnist_letters_10_11) epoch 1/8 [settle]  avg_loss 0.2898  last_loss 0.1032  steps 150  arch [128, 32, 32]
  [grown_uncapped_dream] task 1/5 (emnist_letters_10_11) epoch 2/8 [settle]  avg_loss 0.1372  last_loss 0.1135  steps 300  arch [128, 32, 32]
  [grown_uncapped_dream] GROWTH after settle: 4/4 allowed, 0 denied  new arch=[128, 36, 32] params=106308 (trainable 5828)
  [grown_uncapped_dream] task 1/5 (emnist_letters_10_11) epoch 3/8 [post-grow]  avg_loss 0.1088  last_loss 0.0519  steps 150  arch [128, 36, 32]
  [grown_uncapped_dream] task 1/5 (emnist_letters_10_11) epoch 4/8 [post-grow]  avg_loss 0.0928  last_loss 0.0735  steps 300  arch [128, 36, 32]
  [grown_uncapped_dream] task 1/5 (emnist_letters_10_11) epoch 5/8 [post-grow]  avg_loss 0.0822  last_loss 0.1116  steps 450  arch [128, 36, 32]
  [grown_uncapped_dream] task 1/5 (emnist_letters_10_11) epoch 6/8 [post-grow]  avg_loss 0.0736  last_loss 0.1145  steps 600  arch [128, 36, 32]
  [grown_uncapped_dream] task 1/5 (emnist_letters_10_11) epoch 7/8 [post-grow]  avg_loss 0.0669  last_loss 0.0550  steps 750  arch [128, 36, 32]
  [grown_uncapped_dream] task 1/5 (emnist_letters_10_11) epoch 8/8 [post-grow]  avg_loss 0.0610  last_loss 0.0251  steps 900  arch [128, 36, 32]
  [grown_uncapped_dream] post-task DREAM: replay 0.0915→0.0478 on 1p; merges=0 purges=0 latched=0 → arch [128, 36, 32] (106308→106308 params)
[grown_uncapped_dream] After pass 1 task 1: own=0.7788 (domain 0.9694, task 0.9694)  avg=0.7788 (domain 0.9694, task 0.9694)  arch=[128, 36, 32] params=106308 (trainable 5828)  cum_grows=4 cum_denied=0 cum_purges=0 cum_latched=0

[grown_uncapped_dream] === Pass 1/1 Task 2/5: emnist_letters_12_13 (active [32, 33])  pre-arch=[128, 36, 34] params=106382 (trainable 5902/∞) ===
  [grown_uncapped_dream] task 2/5 (emnist_letters_12_13) epoch 1/8 [settle]  avg_loss 0.4605  last_loss 0.3508  steps 150  arch [128, 36, 34]
  [grown_uncapped_dream] task 2/5 (emnist_letters_12_13) epoch 2/8 [settle]  avg_loss 0.3199  last_loss 0.2114  steps 300  arch [128, 36, 34]
  [grown_uncapped_dream] GROWTH after settle: 4/4 allowed, 0 denied  new arch=[128, 40, 34] params=107034 (trainable 6554)
  [grown_uncapped_dream] task 2/5 (emnist_letters_12_13) epoch 3/8 [post-grow]  avg_loss 0.2931  last_loss 0.2793  steps 150  arch [128, 40, 34]
  [grown_uncapped_dream] task 2/5 (emnist_letters_12_13) epoch 4/8 [post-grow]  avg_loss 0.2763  last_loss 0.1785  steps 300  arch [128, 40, 34]
  [grown_uncapped_dream] task 2/5 (emnist_letters_12_13) epoch 5/8 [post-grow]  avg_loss 0.2615  last_loss 0.2464  steps 450  arch [128, 40, 34]
  [grown_uncapped_dream] task 2/5 (emnist_letters_12_13) epoch 6/8 [post-grow]  avg_loss 0.2486  last_loss 0.2425  steps 600  arch [128, 40, 34]
  [grown_uncapped_dream] task 2/5 (emnist_letters_12_13) epoch 7/8 [post-grow]  avg_loss 0.2390  last_loss 0.2954  steps 750  arch [128, 40, 34]
  [grown_uncapped_dream] task 2/5 (emnist_letters_12_13) epoch 8/8 [post-grow]  avg_loss 0.2310  last_loss 0.2735  steps 900  arch [128, 40, 34]
  [grown_uncapped_dream] post-task DREAM: replay 0.0839→0.0252 on 1p; merges=0 purges=0 latched=0 → arch [128, 40, 34] (107034→107034 params)
[grown_uncapped_dream] After pass 1 task 2: own=0.0000 (domain 0.0000, task 0.9200)  avg=0.4828 (domain 0.4828, task 0.9428)  arch=[128, 40, 34] params=107034 (trainable 6554)  cum_grows=8 cum_denied=0 cum_purges=0 cum_latched=0

[grown_uncapped_dream] === Pass 1/1 Task 3/5: emnist_letters_14_15 (active [34, 35])  pre-arch=[128, 40, 36] params=107116 (trainable 6636/∞) ===
  [grown_uncapped_dream] task 3/5 (emnist_letters_14_15) epoch 1/8 [settle]  avg_loss 0.4392  last_loss 0.1770  steps 150  arch [128, 40, 36]
  [grown_uncapped_dream] task 3/5 (emnist_letters_14_15) epoch 2/8 [settle]  avg_loss 0.1475  last_loss 0.1530  steps 300  arch [128, 40, 36]
  [grown_uncapped_dream] GROWTH after settle: 4/4 allowed, 0 denied  new arch=[128, 44, 36] params=107776 (trainable 7296)
  [grown_uncapped_dream] task 3/5 (emnist_letters_14_15) epoch 3/8 [post-grow]  avg_loss 0.1047  last_loss 0.0953  steps 150  arch [128, 44, 36]
  [grown_uncapped_dream] task 3/5 (emnist_letters_14_15) epoch 4/8 [post-grow]  avg_loss 0.0789  last_loss 0.0346  steps 300  arch [128, 44, 36]
  [grown_uncapped_dream] task 3/5 (emnist_letters_14_15) epoch 5/8 [post-grow]  avg_loss 0.0650  last_loss 0.1171  steps 450  arch [128, 44, 36]
  [grown_uncapped_dream] task 3/5 (emnist_letters_14_15) epoch 6/8 [post-grow]  avg_loss 0.0567  last_loss 0.0714  steps 600  arch [128, 44, 36]
  [grown_uncapped_dream] task 3/5 (emnist_letters_14_15) epoch 7/8 [post-grow]  avg_loss 0.0501  last_loss 0.1154  steps 750  arch [128, 44, 36]
  [grown_uncapped_dream] task 3/5 (emnist_letters_14_15) epoch 8/8 [post-grow]  avg_loss 0.0465  last_loss 0.0139  steps 900  arch [128, 44, 36]
  [grown_uncapped_dream] post-task DREAM: replay 0.0263→0.0660 on 1p; merges=0 purges=0 latched=0 → arch [128, 44, 36] (107776→107776 params)
[grown_uncapped_dream] After pass 1 task 3: own=0.0000 (domain 0.0000, task 0.9894)  avg=0.5675 (domain 0.5675, task 0.9454)  arch=[128, 44, 36] params=107776 (trainable 7296)  cum_grows=12 cum_denied=0 cum_purges=0 cum_latched=0

[grown_uncapped_dream] === Pass 1/1 Task 4/5: emnist_letters_16_17 (active [36, 37])  pre-arch=[128, 44, 38] params=107866 (trainable 7386/∞) ===
  [grown_uncapped_dream] task 4/5 (emnist_letters_16_17) epoch 1/8 [settle]  avg_loss 0.5483  last_loss 0.3184  steps 150  arch [128, 44, 38]
  [grown_uncapped_dream] task 4/5 (emnist_letters_16_17) epoch 2/8 [settle]  avg_loss 0.2217  last_loss 0.2754  steps 300  arch [128, 44, 38]
  [grown_uncapped_dream] GROWTH after settle: 4/4 allowed, 0 denied  new arch=[128, 48, 38] params=108534 (trainable 8054)
  [grown_uncapped_dream] task 4/5 (emnist_letters_16_17) epoch 3/8 [post-grow]  avg_loss 0.1881  last_loss 0.0843  steps 150  arch [128, 48, 38]
  [grown_uncapped_dream] task 4/5 (emnist_letters_16_17) epoch 4/8 [post-grow]  avg_loss 0.1623  last_loss 0.0976  steps 300  arch [128, 48, 38]
  [grown_uncapped_dream] task 4/5 (emnist_letters_16_17) epoch 5/8 [post-grow]  avg_loss 0.1439  last_loss 0.1683  steps 450  arch [128, 48, 38]
  [grown_uncapped_dream] task 4/5 (emnist_letters_16_17) epoch 6/8 [post-grow]  avg_loss 0.1308  last_loss 0.2576  steps 600  arch [128, 48, 38]
  [grown_uncapped_dream] task 4/5 (emnist_letters_16_17) epoch 7/8 [post-grow]  avg_loss 0.1224  last_loss 0.1308  steps 750  arch [128, 48, 38]
  [grown_uncapped_dream] task 4/5 (emnist_letters_16_17) epoch 8/8 [post-grow]  avg_loss 0.1187  last_loss 0.1832  steps 900  arch [128, 48, 38]
  [grown_uncapped_dream] post-task DREAM: replay 0.1330→0.2573 on 1p; merges=0 purges=0 latched=0 → arch [128, 48, 38] (108534→108534 params)
[grown_uncapped_dream] After pass 1 task 4: own=0.0006 (domain 0.0006, task 0.9481)  avg=0.6297 (domain 0.6297, task 0.9428)  arch=[128, 48, 38] params=108534 (trainable 8054)  cum_grows=16 cum_denied=0 cum_purges=0 cum_latched=0

[grown_uncapped_dream] === Pass 1/1 Task 5/5: emnist_letters_18_19 (active [38, 39])  pre-arch=[128, 48, 40] params=108632 (trainable 8152/∞) ===
  [grown_uncapped_dream] task 5/5 (emnist_letters_18_19) epoch 1/8 [settle]  avg_loss 0.6846  last_loss 0.2311  steps 150  arch [128, 48, 40]
  [grown_uncapped_dream] task 5/5 (emnist_letters_18_19) epoch 2/8 [settle]  avg_loss 0.2189  last_loss 0.1711  steps 300  arch [128, 48, 40]
  [grown_uncapped_dream] GROWTH after settle: 4/4 allowed, 0 denied  new arch=[128, 52, 40] params=109308 (trainable 8828)
  [grown_uncapped_dream] task 5/5 (emnist_letters_18_19) epoch 3/8 [post-grow]  avg_loss 0.1610  last_loss 0.0867  steps 150  arch [128, 52, 40]
  [grown_uncapped_dream] task 5/5 (emnist_letters_18_19) epoch 4/8 [post-grow]  avg_loss 0.1234  last_loss 0.1204  steps 300  arch [128, 52, 40]
  [grown_uncapped_dream] task 5/5 (emnist_letters_18_19) epoch 5/8 [post-grow]  avg_loss 0.1037  last_loss 0.1252  steps 450  arch [128, 52, 40]
  [grown_uncapped_dream] task 5/5 (emnist_letters_18_19) epoch 6/8 [post-grow]  avg_loss 0.0926  last_loss 0.0974  steps 600  arch [128, 52, 40]
  [grown_uncapped_dream] task 5/5 (emnist_letters_18_19) epoch 7/8 [post-grow]  avg_loss 0.0864  last_loss 0.0521  steps 750  arch [128, 52, 40]
  [grown_uncapped_dream] task 5/5 (emnist_letters_18_19) epoch 8/8 [post-grow]  avg_loss 0.0811  last_loss 0.1640  steps 900  arch [128, 52, 40]
  [grown_uncapped_dream] post-task DREAM: replay 0.1383→0.1231 on 1p; merges=0 purges=0 latched=0 → arch [128, 52, 40] (109308→109308 params)
[grown_uncapped_dream] After pass 1 task 5: own=0.0000 (domain 0.0000, task 0.9700)  avg=0.6030 (domain 0.6030, task 0.9469)  arch=[128, 52, 40] params=109308 (trainable 8828)  cum_grows=20 cum_denied=0 cum_purges=0 cum_latched=0

[grown_uncapped_dream] <<< PASS 1/1 done — full=0.6030  domain=0.6030  task=0.9469

[SCORE] emnist_kt  task-aware 0.9469  full 0.6030  domain 0.6030
[SAVE] outputs/seed_population_emnist_kt/seed_43/poc_donor_emnist_kt.pt  (1318.9 KB)  head=40  arch=[128, 52, 40]  archive_classes=[30, 31, 32, 33, 34, 35, 36, 37, 38, 39]
