A.L.E: Arcade Learning Environment (version 0.11.2+ecc1138)
[Powered by Stella]
/home/marcrockhat/.local/lib/python3.10/site-packages/gymnasium/wrappers/rendering.py:292: UserWarning: [33mWARN: Overwriting existing videos at /home/marcrockhat/trioron-project/outputs/atari_primitive_donors/dream_loop_multiseed/seed2_varyseed_buffer folder (try specifying a different `video_folder` for the `RecordVideo` wrapper if this is not desired)[0m
  logger.warn(

[ep 1/10 seed=2] return=-21.0 length=4380 (94.2s)
  celebration: 0 flagged frames, 0 positive-replay examples
    CATCH: 0 reinforcements
    SMASH: 0 reinforcements
    PREPOS: 0 reinforcements
  positive buffer: CATCH=0, SMASH=0, PREPOS=0
  frustration: 630 flagged frames, 43 agent-vs-oracle disagreements
    CATCH: 43 corrections
    SMASH: 0 corrections
    PREPOS: 0 corrections
  retrain set [CATCH]: corr=43 reinf=0 buffer=0
  retraining CATCH with 43 corrections...

[grown_capped_dream] start — arch (64, 32, 2)  params 2786 (trainable 2146)  growth=True dream=True  cap_bytes=4000  K=1  passes=1  epochs/task=6  rehearsal=off  lwf=off  brainstem=off  engrams=off  hippocampus=off  differential=off  manifold=on

[grown_capped_dream] >>> PASS 1/1  grows_per_task=4  (developmental)

[grown_capped_dream] === Pass 1/1 Task 1/1: SKILL_CATCH (active [210, 211, 212])  pre-arch=[64, 32, 213] params=9749 (trainable 9109/1000) ===
  [grown_capped_dream] task 1/1 (SKILL_CATCH) epoch 1/6 [settle]  avg_loss 1.0645  last_loss 0.7851  steps 71  arch [64, 32, 213]
  [grown_capped_dream] task 1/1 (SKILL_CATCH) epoch 2/6 [settle]  avg_loss 0.6834  last_loss 0.5577  steps 142  arch [64, 32, 213]
  [grown_capped_dream] dream-rescue insufficient: purges=4; growth still denied (cap_exceeded(projected=33100B > cap=4000B))
  [grown_capped_dream] task 1/1 (SKILL_CATCH) epoch 3/6 [post-grow]  avg_loss 0.5049  last_loss 0.4540  steps 71  arch [64, 28, 213]
  [grown_capped_dream] task 1/1 (SKILL_CATCH) epoch 4/6 [post-grow]  avg_loss 0.4144  last_loss 0.4238  steps 142  arch [64, 28, 213]
  [grown_capped_dream] task 1/1 (SKILL_CATCH) epoch 5/6 [post-grow]  avg_loss 0.3636  last_loss 0.4372  steps 213  arch [64, 28, 213]
  [grown_capped_dream] task 1/1 (SKILL_CATCH) epoch 6/6 [post-grow]  avg_loss 0.3293  last_loss 0.2763  steps 284  arch [64, 28, 213]
  [grown_capped_dream] post-task DREAM: replay 0.2590→0.2597 on 1p; merges=0 purges=0 latched=0 → arch [64, 28, 213] (8637→8637 params)
[grown_capped_dream] After pass 1 task 1: own=0.2483 (domain 0.8992, task 0.8992)  avg=0.2483 (domain 0.8992, task 0.8992)  arch=[64, 28, 213] params=8637 (trainable 7997)  cum_grows=0 cum_denied=1 cum_purges=4 cum_latched=0

[grown_capped_dream] <<< PASS 1/1 done — full=0.2483  domain=0.8992  task=0.8992

[ep 2/10 seed=3] return=-19.0 length=4710 (12.3s)
  celebration: 60 flagged frames, 60 positive-replay examples
    CATCH: 0 reinforcements
    SMASH: 0 reinforcements
    PREPOS: 60 reinforcements
  positive buffer: CATCH=0, SMASH=0, PREPOS=60
  frustration: 630 flagged frames, 98 agent-vs-oracle disagreements
    CATCH: 98 corrections
    SMASH: 0 corrections
    PREPOS: 0 corrections
  retrain set [CATCH]: corr=98 reinf=0 buffer=0
  retraining CATCH with 98 corrections...

[grown_capped_dream] start — arch (64, 32, 2)  params 2786 (trainable 2146)  growth=True dream=True  cap_bytes=4000  K=1  passes=1  epochs/task=6  rehearsal=off  lwf=off  brainstem=off  engrams=off  hippocampus=off  differential=off  manifold=on

[grown_capped_dream] >>> PASS 1/1  grows_per_task=4  (developmental)

[grown_capped_dream] === Pass 1/1 Task 1/1: SKILL_CATCH (active [210, 211, 212])  pre-arch=[64, 32, 213] params=9749 (trainable 9109/1000) ===
  [grown_capped_dream] task 1/1 (SKILL_CATCH) epoch 1/6 [settle]  avg_loss 1.0527  last_loss 0.8497  steps 72  arch [64, 32, 213]
  [grown_capped_dream] task 1/1 (SKILL_CATCH) epoch 2/6 [settle]  avg_loss 0.6708  last_loss 0.6001  steps 144  arch [64, 32, 213]
  [grown_capped_dream] dream-rescue insufficient: purges=4; growth still denied (cap_exceeded(projected=33100B > cap=4000B))
  [grown_capped_dream] task 1/1 (SKILL_CATCH) epoch 3/6 [post-grow]  avg_loss 0.5018  last_loss 0.4182  steps 72  arch [64, 28, 213]
  [grown_capped_dream] task 1/1 (SKILL_CATCH) epoch 4/6 [post-grow]  avg_loss 0.4100  last_loss 0.3388  steps 144  arch [64, 28, 213]
  [grown_capped_dream] task 1/1 (SKILL_CATCH) epoch 5/6 [post-grow]  avg_loss 0.3576  last_loss 0.3022  steps 216  arch [64, 28, 213]
  [grown_capped_dream] task 1/1 (SKILL_CATCH) epoch 6/6 [post-grow]  avg_loss 0.3250  last_loss 0.2786  steps 288  arch [64, 28, 213]
  [grown_capped_dream] post-task DREAM: replay 0.4441→0.3169 on 1p; merges=0 purges=0 latched=0 → arch [64, 28, 213] (8637→8637 params)
[grown_capped_dream] After pass 1 task 1: own=0.2575 (domain 0.9008, task 0.9008)  avg=0.2575 (domain 0.9008, task 0.9008)  arch=[64, 28, 213] params=8637 (trainable 7997)  cum_grows=0 cum_denied=1 cum_purges=4 cum_latched=0

[grown_capped_dream] <<< PASS 1/1 done — full=0.2575  domain=0.9008  task=0.9008
  retrain set [PREPOS]: corr=0 reinf=60 buffer=60
  retraining PREPOS with 120 corrections...

[grown_capped_dream] start — arch (64, 32, 2)  params 2786 (trainable 2146)  growth=True dream=True  cap_bytes=4000  K=1  passes=1  epochs/task=6  rehearsal=off  lwf=off  brainstem=off  engrams=off  hippocampus=off  differential=off  manifold=on

[grown_capped_dream] >>> PASS 1/1  grows_per_task=4  (developmental)

[grown_capped_dream] === Pass 1/1 Task 1/1: SKILL_PREPOS (active [230, 231, 232])  pre-arch=[64, 32, 233] params=10409 (trainable 9769/1000) ===
  [grown_capped_dream] task 1/1 (SKILL_PREPOS) epoch 1/6 [settle]  avg_loss 0.9647  last_loss 0.8220  steps 73  arch [64, 32, 233]
  [grown_capped_dream] task 1/1 (SKILL_PREPOS) epoch 2/6 [settle]  avg_loss 0.6218  last_loss 0.5252  steps 146  arch [64, 32, 233]
  [grown_capped_dream] dream-rescue insufficient: purges=4; growth still denied (cap_exceeded(projected=35500B > cap=4000B))
  [grown_capped_dream] task 1/1 (SKILL_PREPOS) epoch 3/6 [post-grow]  avg_loss 0.4516  last_loss 0.4279  steps 73  arch [64, 28, 233]
  [grown_capped_dream] task 1/1 (SKILL_PREPOS) epoch 4/6 [post-grow]  avg_loss 0.3559  last_loss 0.4217  steps 146  arch [64, 28, 233]
  [grown_capped_dream] task 1/1 (SKILL_PREPOS) epoch 5/6 [post-grow]  avg_loss 0.2972  last_loss 0.2452  steps 219  arch [64, 28, 233]
  [grown_capped_dream] task 1/1 (SKILL_PREPOS) epoch 6/6 [post-grow]  avg_loss 0.2680  last_loss 0.6411  steps 292  arch [64, 28, 233]
  [grown_capped_dream] post-task DREAM: replay 0.2342→0.1914 on 1p; merges=0 purges=0 latched=0 → arch [64, 28, 233] (9217→9217 params)
[grown_capped_dream] After pass 1 task 1: own=0.2808 (domain 0.9067, task 0.9067)  avg=0.2808 (domain 0.9067, task 0.9067)  arch=[64, 28, 233] params=9217 (trainable 8577)  cum_grows=0 cum_denied=1 cum_purges=4 cum_latched=0

[grown_capped_dream] <<< PASS 1/1 done — full=0.2808  domain=0.9067  task=0.9067

[ep 3/10 seed=4] return=-1.0 length=8000 (20.5s)
  celebration: 120 flagged frames, 120 positive-replay examples
    CATCH: 0 reinforcements
    SMASH: 0 reinforcements
    PREPOS: 120 reinforcements
  positive buffer: CATCH=0, SMASH=0, PREPOS=180
  frustration: 150 flagged frames, 34 agent-vs-oracle disagreements
    CATCH: 33 corrections
    SMASH: 1 corrections
    PREPOS: 0 corrections
  retrain set [CATCH]: corr=33 reinf=0 buffer=0
  retraining CATCH with 33 corrections...

[grown_capped_dream] start — arch (64, 32, 2)  params 2786 (trainable 2146)  growth=True dream=True  cap_bytes=4000  K=1  passes=1  epochs/task=6  rehearsal=off  lwf=off  brainstem=off  engrams=off  hippocampus=off  differential=off  manifold=on

[grown_capped_dream] >>> PASS 1/1  grows_per_task=4  (developmental)

[grown_capped_dream] === Pass 1/1 Task 1/1: SKILL_CATCH (active [210, 211, 212])  pre-arch=[64, 32, 213] params=9749 (trainable 9109/1000) ===
  [grown_capped_dream] task 1/1 (SKILL_CATCH) epoch 1/6 [settle]  avg_loss 1.0501  last_loss 0.8331  steps 71  arch [64, 32, 213]
  [grown_capped_dream] task 1/1 (SKILL_CATCH) epoch 2/6 [settle]  avg_loss 0.6663  last_loss 0.5374  steps 142  arch [64, 32, 213]
  [grown_capped_dream] dream-rescue insufficient: purges=4; growth still denied (cap_exceeded(projected=33100B > cap=4000B))
  [grown_capped_dream] task 1/1 (SKILL_CATCH) epoch 3/6 [post-grow]  avg_loss 0.4945  last_loss 0.4809  steps 71  arch [64, 28, 213]
  [grown_capped_dream] task 1/1 (SKILL_CATCH) epoch 4/6 [post-grow]  avg_loss 0.4088  last_loss 0.3794  steps 142  arch [64, 28, 213]
  [grown_capped_dream] task 1/1 (SKILL_CATCH) epoch 5/6 [post-grow]  avg_loss 0.3579  last_loss 0.3132  steps 213  arch [64, 28, 213]
  [grown_capped_dream] task 1/1 (SKILL_CATCH) epoch 6/6 [post-grow]  avg_loss 0.3254  last_loss 0.3282  steps 284  arch [64, 28, 213]
  [grown_capped_dream] post-task DREAM: replay 0.3713→0.2876 on 1p; merges=0 purges=0 latched=0 → arch [64, 28, 213] (8637→8637 params)
[grown_capped_dream] After pass 1 task 1: own=0.2683 (domain 0.9008, task 0.9008)  avg=0.2683 (domain 0.9008, task 0.9008)  arch=[64, 28, 213] params=8637 (trainable 7997)  cum_grows=0 cum_denied=1 cum_purges=4 cum_latched=0

[grown_capped_dream] <<< PASS 1/1 done — full=0.2683  domain=0.9008  task=0.9008
  retrain set [PREPOS]: corr=0 reinf=120 buffer=180
  retraining PREPOS with 300 corrections...

[grown_capped_dream] start — arch (64, 32, 2)  params 2786 (trainable 2146)  growth=True dream=True  cap_bytes=4000  K=1  passes=1  epochs/task=6  rehearsal=off  lwf=off  brainstem=off  engrams=off  hippocampus=off  differential=off  manifold=on

[grown_capped_dream] >>> PASS 1/1  grows_per_task=4  (developmental)

[grown_capped_dream] === Pass 1/1 Task 1/1: SKILL_PREPOS (active [230, 231, 232])  pre-arch=[64, 32, 233] params=10409 (trainable 9769/1000) ===
  [grown_capped_dream] task 1/1 (SKILL_PREPOS) epoch 1/6 [settle]  avg_loss 0.9666  last_loss 0.7689  steps 75  arch [64, 32, 233]
  [grown_capped_dream] task 1/1 (SKILL_PREPOS) epoch 2/6 [settle]  avg_loss 0.6180  last_loss 0.4497  steps 150  arch [64, 32, 233]
  [grown_capped_dream] dream-rescue insufficient: purges=4; growth still denied (cap_exceeded(projected=35500B > cap=4000B))
  [grown_capped_dream] task 1/1 (SKILL_PREPOS) epoch 3/6 [post-grow]  avg_loss 0.4404  last_loss 0.4528  steps 75  arch [64, 28, 233]
  [grown_capped_dream] task 1/1 (SKILL_PREPOS) epoch 4/6 [post-grow]  avg_loss 0.3460  last_loss 0.2891  steps 150  arch [64, 28, 233]
  [grown_capped_dream] task 1/1 (SKILL_PREPOS) epoch 5/6 [post-grow]  avg_loss 0.2920  last_loss 0.4243  steps 225  arch [64, 28, 233]
  [grown_capped_dream] task 1/1 (SKILL_PREPOS) epoch 6/6 [post-grow]  avg_loss 0.2550  last_loss 0.2737  steps 300  arch [64, 28, 233]
  [grown_capped_dream] post-task DREAM: replay 0.2993→0.2703 on 1p; merges=0 purges=0 latched=0 → arch [64, 28, 233] (9217→9217 params)
[grown_capped_dream] After pass 1 task 1: own=0.3125 (domain 0.9125, task 0.9125)  avg=0.3125 (domain 0.9125, task 0.9125)  arch=[64, 28, 233] params=9217 (trainable 8577)  cum_grows=0 cum_denied=1 cum_purges=4 cum_latched=0

[grown_capped_dream] <<< PASS 1/1 done — full=0.3125  domain=0.9125  task=0.9125

[ep 4/10 seed=5] return=-20.0 length=1461 (4.1s)
  celebration: 30 flagged frames, 30 positive-replay examples
    CATCH: 0 reinforcements
    SMASH: 0 reinforcements
    PREPOS: 30 reinforcements
  positive buffer: CATCH=0, SMASH=0, PREPOS=210
  frustration: 630 flagged frames, 241 agent-vs-oracle disagreements
    CATCH: 153 corrections
    SMASH: 36 corrections
    PREPOS: 52 corrections
  retrain set [CATCH]: corr=153 reinf=0 buffer=0
  retraining CATCH with 153 corrections...

[grown_capped_dream] start — arch (64, 32, 2)  params 2786 (trainable 2146)  growth=True dream=True  cap_bytes=4000  K=1  passes=1  epochs/task=6  rehearsal=off  lwf=off  brainstem=off  engrams=off  hippocampus=off  differential=off  manifold=on

[grown_capped_dream] >>> PASS 1/1  grows_per_task=4  (developmental)

[grown_capped_dream] === Pass 1/1 Task 1/1: SKILL_CATCH (active [210, 211, 212])  pre-arch=[64, 32, 213] params=9749 (trainable 9109/1000) ===
  [grown_capped_dream] task 1/1 (SKILL_CATCH) epoch 1/6 [settle]  avg_loss 1.0510  last_loss 0.8395  steps 73  arch [64, 32, 213]
  [grown_capped_dream] task 1/1 (SKILL_CATCH) epoch 2/6 [settle]  avg_loss 0.6776  last_loss 0.5786  steps 146  arch [64, 32, 213]
  [grown_capped_dream] dream-rescue insufficient: purges=4; growth still denied (cap_exceeded(projected=33100B > cap=4000B))
  [grown_capped_dream] task 1/1 (SKILL_CATCH) epoch 3/6 [post-grow]  avg_loss 0.5106  last_loss 0.4749  steps 73  arch [64, 28, 213]
  [grown_capped_dream] task 1/1 (SKILL_CATCH) epoch 4/6 [post-grow]  avg_loss 0.4226  last_loss 0.4151  steps 146  arch [64, 28, 213]
  [grown_capped_dream] task 1/1 (SKILL_CATCH) epoch 5/6 [post-grow]  avg_loss 0.3694  last_loss 0.5199  steps 219  arch [64, 28, 213]
  [grown_capped_dream] task 1/1 (SKILL_CATCH) epoch 6/6 [post-grow]  avg_loss 0.3329  last_loss 0.2847  steps 292  arch [64, 28, 213]
  [grown_capped_dream] post-task DREAM: replay 0.3567→0.2921 on 1p; merges=0 purges=0 latched=0 → arch [64, 28, 213] (8637→8637 params)
[grown_capped_dream] After pass 1 task 1: own=0.2592 (domain 0.9025, task 0.9025)  avg=0.2592 (domain 0.9025, task 0.9025)  arch=[64, 28, 213] params=8637 (trainable 7997)  cum_grows=0 cum_denied=1 cum_purges=4 cum_latched=0

[grown_capped_dream] <<< PASS 1/1 done — full=0.2592  domain=0.9025  task=0.9025
  retrain set [SMASH]: corr=36 reinf=0 buffer=0
  retraining SMASH with 36 corrections...

[grown_capped_dream] start — arch (64, 32, 2)  params 2786 (trainable 2146)  growth=True dream=True  cap_bytes=4000  K=1  passes=1  epochs/task=6  rehearsal=off  lwf=off  brainstem=off  engrams=off  hippocampus=off  differential=off  manifold=on

[grown_capped_dream] >>> PASS 1/1  grows_per_task=4  (developmental)

[grown_capped_dream] === Pass 1/1 Task 1/1: SKILL_SMASH (active [220, 221])  pre-arch=[64, 32, 222] params=10046 (trainable 9406/1000) ===
  [grown_capped_dream] task 1/1 (SKILL_SMASH) epoch 1/6 [settle]  avg_loss 0.5036  last_loss 0.3343  steps 48  arch [64, 32, 222]
  [grown_capped_dream] task 1/1 (SKILL_SMASH) epoch 2/6 [settle]  avg_loss 0.2610  last_loss 0.1341  steps 96  arch [64, 32, 222]
  [grown_capped_dream] dream-rescue insufficient: purges=4; growth still denied (cap_exceeded(projected=34180B > cap=4000B))
  [grown_capped_dream] task 1/1 (SKILL_SMASH) epoch 3/6 [post-grow]  avg_loss 0.1852  last_loss 0.1451  steps 48  arch [64, 28, 222]
  [grown_capped_dream] task 1/1 (SKILL_SMASH) epoch 4/6 [post-grow]  avg_loss 0.1427  last_loss 0.0525  steps 96  arch [64, 28, 222]
  [grown_capped_dream] task 1/1 (SKILL_SMASH) epoch 5/6 [post-grow]  avg_loss 0.1250  last_loss 0.1313  steps 144  arch [64, 28, 222]
  [grown_capped_dream] task 1/1 (SKILL_SMASH) epoch 6/6 [post-grow]  avg_loss 0.1126  last_loss 0.1695  steps 192  arch [64, 28, 222]
  [grown_capped_dream] post-task DREAM: replay 0.0825→0.0774 on 1p; merges=0 purges=0 latched=0 → arch [64, 28, 222] (8898→8898 params)
[grown_capped_dream] After pass 1 task 1: own=0.1350 (domain 0.9775, task 0.9775)  avg=0.1350 (domain 0.9775, task 0.9775)  arch=[64, 28, 222] params=8898 (trainable 8258)  cum_grows=0 cum_denied=1 cum_purges=4 cum_latched=0

[grown_capped_dream] <<< PASS 1/1 done — full=0.1350  domain=0.9775  task=0.9775
  retrain set [PREPOS]: corr=52 reinf=30 buffer=210
  retraining PREPOS with 292 corrections...

[grown_capped_dream] start — arch (64, 32, 2)  params 2786 (trainable 2146)  growth=True dream=True  cap_bytes=4000  K=1  passes=1  epochs/task=6  rehearsal=off  lwf=off  brainstem=off  engrams=off  hippocampus=off  differential=off  manifold=on

[grown_capped_dream] >>> PASS 1/1  grows_per_task=4  (developmental)

[grown_capped_dream] === Pass 1/1 Task 1/1: SKILL_PREPOS (active [230, 231, 232])  pre-arch=[64, 32, 233] params=10409 (trainable 9769/1000) ===
  [grown_capped_dream] task 1/1 (SKILL_PREPOS) epoch 1/6 [settle]  avg_loss 0.9679  last_loss 0.7208  steps 75  arch [64, 32, 233]
  [grown_capped_dream] task 1/1 (SKILL_PREPOS) epoch 2/6 [settle]  avg_loss 0.6174  last_loss 0.4741  steps 150  arch [64, 32, 233]
  [grown_capped_dream] dream-rescue insufficient: purges=4; growth still denied (cap_exceeded(projected=35500B > cap=4000B))
  [grown_capped_dream] task 1/1 (SKILL_PREPOS) epoch 3/6 [post-grow]  avg_loss 0.4651  last_loss 0.3633  steps 75  arch [64, 28, 233]
  [grown_capped_dream] task 1/1 (SKILL_PREPOS) epoch 4/6 [post-grow]  avg_loss 0.3685  last_loss 0.3515  steps 150  arch [64, 28, 233]
  [grown_capped_dream] task 1/1 (SKILL_PREPOS) epoch 5/6 [post-grow]  avg_loss 0.3134  last_loss 0.3435  steps 225  arch [64, 28, 233]
  [grown_capped_dream] task 1/1 (SKILL_PREPOS) epoch 6/6 [post-grow]  avg_loss 0.2758  last_loss 0.1494  steps 300  arch [64, 28, 233]
  [grown_capped_dream] post-task DREAM: replay 0.2588→0.2455 on 1p; merges=0 purges=0 latched=0 → arch [64, 28, 233] (9217→9217 params)
[grown_capped_dream] After pass 1 task 1: own=0.2292 (domain 0.8983, task 0.8983)  avg=0.2292 (domain 0.8983, task 0.8983)  arch=[64, 28, 233] params=9217 (trainable 8577)  cum_grows=0 cum_denied=1 cum_purges=4 cum_latched=0

[grown_capped_dream] <<< PASS 1/1 done — full=0.2292  domain=0.8983  task=0.8983

[ep 5/10 seed=6] return=-18.0 length=3675 (9.9s)
  celebration: 90 flagged frames, 90 positive-replay examples
    CATCH: 0 reinforcements
    SMASH: 0 reinforcements
    PREPOS: 90 reinforcements
  positive buffer: CATCH=0, SMASH=0, PREPOS=300
  frustration: 630 flagged frames, 43 agent-vs-oracle disagreements
    CATCH: 43 corrections
    SMASH: 0 corrections
    PREPOS: 0 corrections
  retrain set [CATCH]: corr=43 reinf=0 buffer=0
  retraining CATCH with 43 corrections...

[grown_capped_dream] start — arch (64, 32, 2)  params 2786 (trainable 2146)  growth=True dream=True  cap_bytes=4000  K=1  passes=1  epochs/task=6  rehearsal=off  lwf=off  brainstem=off  engrams=off  hippocampus=off  differential=off  manifold=on

[grown_capped_dream] >>> PASS 1/1  grows_per_task=4  (developmental)

[grown_capped_dream] === Pass 1/1 Task 1/1: SKILL_CATCH (active [210, 211, 212])  pre-arch=[64, 32, 213] params=9749 (trainable 9109/1000) ===
  [grown_capped_dream] task 1/1 (SKILL_CATCH) epoch 1/6 [settle]  avg_loss 1.0647  last_loss 0.7857  steps 71  arch [64, 32, 213]
  [grown_capped_dream] task 1/1 (SKILL_CATCH) epoch 2/6 [settle]  avg_loss 0.6834  last_loss 0.5607  steps 142  arch [64, 32, 213]
  [grown_capped_dream] dream-rescue insufficient: purges=4; growth still denied (cap_exceeded(projected=33100B > cap=4000B))
  [grown_capped_dream] task 1/1 (SKILL_CATCH) epoch 3/6 [post-grow]  avg_loss 0.5038  last_loss 0.4470  steps 71  arch [64, 28, 213]
  [grown_capped_dream] task 1/1 (SKILL_CATCH) epoch 4/6 [post-grow]  avg_loss 0.4138  last_loss 0.4256  steps 142  arch [64, 28, 213]
  [grown_capped_dream] task 1/1 (SKILL_CATCH) epoch 5/6 [post-grow]  avg_loss 0.3626  last_loss 0.4351  steps 213  arch [64, 28, 213]
  [grown_capped_dream] task 1/1 (SKILL_CATCH) epoch 6/6 [post-grow]  avg_loss 0.3297  last_loss 0.2764  steps 284  arch [64, 28, 213]
  [grown_capped_dream] post-task DREAM: replay 0.2578→0.2574 on 1p; merges=0 purges=0 latched=0 → arch [64, 28, 213] (8637→8637 params)
[grown_capped_dream] After pass 1 task 1: own=0.2467 (domain 0.8992, task 0.8992)  avg=0.2467 (domain 0.8992, task 0.8992)  arch=[64, 28, 213] params=8637 (trainable 7997)  cum_grows=0 cum_denied=1 cum_purges=4 cum_latched=0

[grown_capped_dream] <<< PASS 1/1 done — full=0.2467  domain=0.8992  task=0.8992
  retrain set [PREPOS]: corr=0 reinf=90 buffer=300
  retraining PREPOS with 390 corrections...

[grown_capped_dream] start — arch (64, 32, 2)  params 2786 (trainable 2146)  growth=True dream=True  cap_bytes=4000  K=1  passes=1  epochs/task=6  rehearsal=off  lwf=off  brainstem=off  engrams=off  hippocampus=off  differential=off  manifold=on

[grown_capped_dream] >>> PASS 1/1  grows_per_task=4  (developmental)

[grown_capped_dream] === Pass 1/1 Task 1/1: SKILL_PREPOS (active [230, 231, 232])  pre-arch=[64, 32, 233] params=10409 (trainable 9769/1000) ===
  [grown_capped_dream] task 1/1 (SKILL_PREPOS) epoch 1/6 [settle]  avg_loss 0.9603  last_loss 0.8179  steps 77  arch [64, 32, 233]
  [grown_capped_dream] task 1/1 (SKILL_PREPOS) epoch 2/6 [settle]  avg_loss 0.6099  last_loss 0.5446  steps 154  arch [64, 32, 233]
  [grown_capped_dream] dream-rescue insufficient: purges=4; growth still denied (cap_exceeded(projected=35500B > cap=4000B))
  [grown_capped_dream] task 1/1 (SKILL_PREPOS) epoch 3/6 [post-grow]  avg_loss 0.4355  last_loss 0.3405  steps 77  arch [64, 28, 233]
  [grown_capped_dream] task 1/1 (SKILL_PREPOS) epoch 4/6 [post-grow]  avg_loss 0.3410  last_loss 0.2905  steps 154  arch [64, 28, 233]
  [grown_capped_dream] task 1/1 (SKILL_PREPOS) epoch 5/6 [post-grow]  avg_loss 0.2891  last_loss 0.3141  steps 231  arch [64, 28, 233]
  [grown_capped_dream] task 1/1 (SKILL_PREPOS) epoch 6/6 [post-grow]  avg_loss 0.2526  last_loss 0.2222  steps 308  arch [64, 28, 233]
  [grown_capped_dream] post-task DREAM: replay 0.2557→0.1942 on 1p; merges=0 purges=0 latched=0 → arch [64, 28, 233] (9217→9217 params)
[grown_capped_dream] After pass 1 task 1: own=0.3125 (domain 0.9175, task 0.9175)  avg=0.3125 (domain 0.9175, task 0.9175)  arch=[64, 28, 233] params=9217 (trainable 8577)  cum_grows=0 cum_denied=1 cum_purges=4 cum_latched=0

[grown_capped_dream] <<< PASS 1/1 done — full=0.3125  domain=0.9175  task=0.9175

[ep 6/10 seed=7] return=+19.0 length=3898 (10.3s)
  celebration: 630 flagged frames, 630 positive-replay examples
    CATCH: 0 reinforcements
    SMASH: 0 reinforcements
    PREPOS: 630 reinforcements
  positive buffer: CATCH=0, SMASH=0, PREPOS=500
  net win (return=+19.0) — skipping dream

[ep 7/10 seed=8] return=-19.0 length=4715 (10.4s)
  celebration: 60 flagged frames, 60 positive-replay examples
    CATCH: 0 reinforcements
    SMASH: 0 reinforcements
    PREPOS: 60 reinforcements
  positive buffer: CATCH=0, SMASH=0, PREPOS=500
  frustration: 630 flagged frames, 83 agent-vs-oracle disagreements
    CATCH: 82 corrections
    SMASH: 1 corrections
    PREPOS: 0 corrections
  retrain set [CATCH]: corr=82 reinf=0 buffer=0
  retraining CATCH with 82 corrections...

[grown_capped_dream] start — arch (64, 32, 2)  params 2786 (trainable 2146)  growth=True dream=True  cap_bytes=4000  K=1  passes=1  epochs/task=6  rehearsal=off  lwf=off  brainstem=off  engrams=off  hippocampus=off  differential=off  manifold=on

[grown_capped_dream] >>> PASS 1/1  grows_per_task=4  (developmental)

[grown_capped_dream] === Pass 1/1 Task 1/1: SKILL_CATCH (active [210, 211, 212])  pre-arch=[64, 32, 213] params=9749 (trainable 9109/1000) ===
  [grown_capped_dream] task 1/1 (SKILL_CATCH) epoch 1/6 [settle]  avg_loss 1.0555  last_loss 0.9270  steps 72  arch [64, 32, 213]
  [grown_capped_dream] task 1/1 (SKILL_CATCH) epoch 2/6 [settle]  avg_loss 0.6685  last_loss 0.4243  steps 144  arch [64, 32, 213]
  [grown_capped_dream] dream-rescue insufficient: purges=4; growth still denied (cap_exceeded(projected=33100B > cap=4000B))
  [grown_capped_dream] task 1/1 (SKILL_CATCH) epoch 3/6 [post-grow]  avg_loss 0.4943  last_loss 0.5016  steps 72  arch [64, 28, 213]
  [grown_capped_dream] task 1/1 (SKILL_CATCH) epoch 4/6 [post-grow]  avg_loss 0.4074  last_loss 0.3912  steps 144  arch [64, 28, 213]
  [grown_capped_dream] task 1/1 (SKILL_CATCH) epoch 5/6 [post-grow]  avg_loss 0.3596  last_loss 0.4785  steps 216  arch [64, 28, 213]
  [grown_capped_dream] task 1/1 (SKILL_CATCH) epoch 6/6 [post-grow]  avg_loss 0.3264  last_loss 0.3961  steps 288  arch [64, 28, 213]
  [grown_capped_dream] post-task DREAM: replay 0.2491→0.1927 on 1p; merges=0 purges=0 latched=0 → arch [64, 28, 213] (8637→8637 params)
[grown_capped_dream] After pass 1 task 1: own=0.2600 (domain 0.9033, task 0.9033)  avg=0.2600 (domain 0.9033, task 0.9033)  arch=[64, 28, 213] params=8637 (trainable 7997)  cum_grows=0 cum_denied=1 cum_purges=4 cum_latched=0

[grown_capped_dream] <<< PASS 1/1 done — full=0.2600  domain=0.9033  task=0.9033
  retrain set [PREPOS]: corr=0 reinf=60 buffer=500
  retraining PREPOS with 560 corrections...

[grown_capped_dream] start — arch (64, 32, 2)  params 2786 (trainable 2146)  growth=True dream=True  cap_bytes=4000  K=1  passes=1  epochs/task=6  rehearsal=off  lwf=off  brainstem=off  engrams=off  hippocampus=off  differential=off  manifold=on

[grown_capped_dream] >>> PASS 1/1  grows_per_task=4  (developmental)

[grown_capped_dream] === Pass 1/1 Task 1/1: SKILL_PREPOS (active [230, 231, 232])  pre-arch=[64, 32, 233] params=10409 (trainable 9769/1000) ===
  [grown_capped_dream] task 1/1 (SKILL_PREPOS) epoch 1/6 [settle]  avg_loss 0.9476  last_loss 0.8110  steps 80  arch [64, 32, 233]
  [grown_capped_dream] task 1/1 (SKILL_PREPOS) epoch 2/6 [settle]  avg_loss 0.5951  last_loss 0.2246  steps 160  arch [64, 32, 233]
  [grown_capped_dream] dream-rescue insufficient: purges=4; growth still denied (cap_exceeded(projected=35500B > cap=4000B))
  [grown_capped_dream] task 1/1 (SKILL_PREPOS) epoch 3/6 [post-grow]  avg_loss 0.4277  last_loss 0.3797  steps 80  arch [64, 28, 233]
  [grown_capped_dream] task 1/1 (SKILL_PREPOS) epoch 4/6 [post-grow]  avg_loss 0.3372  last_loss 0.2787  steps 160  arch [64, 28, 233]
  [grown_capped_dream] task 1/1 (SKILL_PREPOS) epoch 5/6 [post-grow]  avg_loss 0.2864  last_loss 0.3004  steps 240  arch [64, 28, 233]
  [grown_capped_dream] task 1/1 (SKILL_PREPOS) epoch 6/6 [post-grow]  avg_loss 0.2513  last_loss 0.2698  steps 320  arch [64, 28, 233]
  [grown_capped_dream] post-task DREAM: replay 0.1619→0.2166 on 1p; merges=0 purges=0 latched=0 → arch [64, 28, 233] (9217→9217 params)
[grown_capped_dream] After pass 1 task 1: own=0.3033 (domain 0.9092, task 0.9092)  avg=0.3033 (domain 0.9092, task 0.9092)  arch=[64, 28, 233] params=9217 (trainable 8577)  cum_grows=0 cum_denied=1 cum_purges=4 cum_latched=0

[grown_capped_dream] <<< PASS 1/1 done — full=0.3033  domain=0.9092  task=0.9092

[ep 8/10 seed=9] return=-19.0 length=4894 (12.1s)
  celebration: 60 flagged frames, 60 positive-replay examples
    CATCH: 0 reinforcements
    SMASH: 0 reinforcements
    PREPOS: 60 reinforcements
  positive buffer: CATCH=0, SMASH=0, PREPOS=500
  frustration: 630 flagged frames, 23 agent-vs-oracle disagreements
    CATCH: 23 corrections
    SMASH: 0 corrections
    PREPOS: 0 corrections
  retrain set [CATCH]: corr=23 reinf=0 buffer=0
  retraining CATCH with 23 corrections...

[grown_capped_dream] start — arch (64, 32, 2)  params 2786 (trainable 2146)  growth=True dream=True  cap_bytes=4000  K=1  passes=1  epochs/task=6  rehearsal=off  lwf=off  brainstem=off  engrams=off  hippocampus=off  differential=off  manifold=on

[grown_capped_dream] >>> PASS 1/1  grows_per_task=4  (developmental)

[grown_capped_dream] === Pass 1/1 Task 1/1: SKILL_CATCH (active [210, 211, 212])  pre-arch=[64, 32, 213] params=9749 (trainable 9109/1000) ===
  [grown_capped_dream] task 1/1 (SKILL_CATCH) epoch 1/6 [settle]  avg_loss 1.0542  last_loss 0.8998  steps 71  arch [64, 32, 213]
  [grown_capped_dream] task 1/1 (SKILL_CATCH) epoch 2/6 [settle]  avg_loss 0.6721  last_loss 0.5735  steps 142  arch [64, 32, 213]
  [grown_capped_dream] dream-rescue insufficient: purges=4; growth still denied (cap_exceeded(projected=33100B > cap=4000B))
  [grown_capped_dream] task 1/1 (SKILL_CATCH) epoch 3/6 [post-grow]  avg_loss 0.5094  last_loss 0.4335  steps 71  arch [64, 28, 213]
  [grown_capped_dream] task 1/1 (SKILL_CATCH) epoch 4/6 [post-grow]  avg_loss 0.4197  last_loss 0.4113  steps 142  arch [64, 28, 213]
  [grown_capped_dream] task 1/1 (SKILL_CATCH) epoch 5/6 [post-grow]  avg_loss 0.3655  last_loss 0.3427  steps 213  arch [64, 28, 213]
  [grown_capped_dream] task 1/1 (SKILL_CATCH) epoch 6/6 [post-grow]  avg_loss 0.3310  last_loss 0.2246  steps 284  arch [64, 28, 213]
  [grown_capped_dream] post-task DREAM: replay 0.2591→0.3000 on 1p; merges=0 purges=0 latched=0 → arch [64, 28, 213] (8637→8637 params)
[grown_capped_dream] After pass 1 task 1: own=0.2408 (domain 0.8883, task 0.8883)  avg=0.2408 (domain 0.8883, task 0.8883)  arch=[64, 28, 213] params=8637 (trainable 7997)  cum_grows=0 cum_denied=1 cum_purges=4 cum_latched=0

[grown_capped_dream] <<< PASS 1/1 done — full=0.2408  domain=0.8883  task=0.8883
  retrain set [PREPOS]: corr=0 reinf=60 buffer=500
  retraining PREPOS with 560 corrections...

[grown_capped_dream] start — arch (64, 32, 2)  params 2786 (trainable 2146)  growth=True dream=True  cap_bytes=4000  K=1  passes=1  epochs/task=6  rehearsal=off  lwf=off  brainstem=off  engrams=off  hippocampus=off  differential=off  manifold=on

[grown_capped_dream] >>> PASS 1/1  grows_per_task=4  (developmental)

[grown_capped_dream] === Pass 1/1 Task 1/1: SKILL_PREPOS (active [230, 231, 232])  pre-arch=[64, 32, 233] params=10409 (trainable 9769/1000) ===
  [grown_capped_dream] task 1/1 (SKILL_PREPOS) epoch 1/6 [settle]  avg_loss 0.9471  last_loss 0.8087  steps 80  arch [64, 32, 233]
  [grown_capped_dream] task 1/1 (SKILL_PREPOS) epoch 2/6 [settle]  avg_loss 0.5941  last_loss 0.2238  steps 160  arch [64, 32, 233]
  [grown_capped_dream] dream-rescue insufficient: purges=4; growth still denied (cap_exceeded(projected=35500B > cap=4000B))
  [grown_capped_dream] task 1/1 (SKILL_PREPOS) epoch 3/6 [post-grow]  avg_loss 0.4472  last_loss 0.4078  steps 80  arch [64, 28, 233]
  [grown_capped_dream] task 1/1 (SKILL_PREPOS) epoch 4/6 [post-grow]  avg_loss 0.3484  last_loss 0.2681  steps 160  arch [64, 28, 233]
  [grown_capped_dream] task 1/1 (SKILL_PREPOS) epoch 5/6 [post-grow]  avg_loss 0.2953  last_loss 0.3226  steps 240  arch [64, 28, 233]
  [grown_capped_dream] task 1/1 (SKILL_PREPOS) epoch 6/6 [post-grow]  avg_loss 0.2578  last_loss 0.2743  steps 320  arch [64, 28, 233]
  [grown_capped_dream] post-task DREAM: replay 0.1610→0.2158 on 1p; merges=0 purges=0 latched=0 → arch [64, 28, 233] (9217→9217 params)
[grown_capped_dream] After pass 1 task 1: own=0.3008 (domain 0.9058, task 0.9058)  avg=0.3008 (domain 0.9058, task 0.9058)  arch=[64, 28, 233] params=9217 (trainable 8577)  cum_grows=0 cum_denied=1 cum_purges=4 cum_latched=0

[grown_capped_dream] <<< PASS 1/1 done — full=0.3008  domain=0.9058  task=0.9058

[ep 9/10 seed=10] return=-21.0 length=1978 (4.8s)
  celebration: 0 flagged frames, 0 positive-replay examples
    CATCH: 0 reinforcements
    SMASH: 0 reinforcements
    PREPOS: 0 reinforcements
  positive buffer: CATCH=0, SMASH=0, PREPOS=500
  frustration: 630 flagged frames, 421 agent-vs-oracle disagreements
    CATCH: 401 corrections
    SMASH: 20 corrections
    PREPOS: 0 corrections
  retrain set [CATCH]: corr=401 reinf=0 buffer=0
  retraining CATCH with 401 corrections...

[grown_capped_dream] start — arch (64, 32, 2)  params 2786 (trainable 2146)  growth=True dream=True  cap_bytes=4000  K=1  passes=1  epochs/task=6  rehearsal=off  lwf=off  brainstem=off  engrams=off  hippocampus=off  differential=off  manifold=on

[grown_capped_dream] >>> PASS 1/1  grows_per_task=4  (developmental)

[grown_capped_dream] === Pass 1/1 Task 1/1: SKILL_CATCH (active [210, 211, 212])  pre-arch=[64, 32, 213] params=9749 (trainable 9109/1000) ===
  [grown_capped_dream] task 1/1 (SKILL_CATCH) epoch 1/6 [settle]  avg_loss 1.0397  last_loss 0.8518  steps 77  arch [64, 32, 213]
  [grown_capped_dream] task 1/1 (SKILL_CATCH) epoch 2/6 [settle]  avg_loss 0.6533  last_loss 0.5907  steps 154  arch [64, 32, 213]
  [grown_capped_dream] dream-rescue insufficient: purges=4; growth still denied (cap_exceeded(projected=33100B > cap=4000B))
  [grown_capped_dream] task 1/1 (SKILL_CATCH) epoch 3/6 [post-grow]  avg_loss 0.4890  last_loss 0.3531  steps 77  arch [64, 28, 213]
  [grown_capped_dream] task 1/1 (SKILL_CATCH) epoch 4/6 [post-grow]  avg_loss 0.4070  last_loss 0.3311  steps 154  arch [64, 28, 213]
  [grown_capped_dream] task 1/1 (SKILL_CATCH) epoch 5/6 [post-grow]  avg_loss 0.3556  last_loss 0.2369  steps 231  arch [64, 28, 213]
  [grown_capped_dream] task 1/1 (SKILL_CATCH) epoch 6/6 [post-grow]  avg_loss 0.3214  last_loss 0.3083  steps 308  arch [64, 28, 213]
  [grown_capped_dream] post-task DREAM: replay 0.3475→0.2782 on 1p; merges=0 purges=0 latched=0 → arch [64, 28, 213] (8637→8637 params)
[grown_capped_dream] After pass 1 task 1: own=0.2583 (domain 0.9017, task 0.9017)  avg=0.2583 (domain 0.9017, task 0.9017)  arch=[64, 28, 213] params=8637 (trainable 7997)  cum_grows=0 cum_denied=1 cum_purges=4 cum_latched=0

[grown_capped_dream] <<< PASS 1/1 done — full=0.2583  domain=0.9017  task=0.9017
  retrain set [SMASH]: corr=20 reinf=0 buffer=0
  retraining SMASH with 20 corrections...
/home/marcrockhat/.local/lib/python3.10/site-packages/gymnasium/wrappers/rendering.py:292: UserWarning: [33mWARN: Overwriting existing videos at /home/marcrockhat/trioron-project/outputs/atari_primitive_donors/dream_loop_multiseed/seed2_varyseed_buffer folder (try specifying a different `video_folder` for the `RecordVideo` wrapper if this is not desired)[0m
  logger.warn(

[grown_capped_dream] start — arch (64, 32, 2)  params 2786 (trainable 2146)  growth=True dream=True  cap_bytes=4000  K=1  passes=1  epochs/task=6  rehearsal=off  lwf=off  brainstem=off  engrams=off  hippocampus=off  differential=off  manifold=on

[grown_capped_dream] >>> PASS 1/1  grows_per_task=4  (developmental)

[grown_capped_dream] === Pass 1/1 Task 1/1: SKILL_SMASH (active [220, 221])  pre-arch=[64, 32, 222] params=10046 (trainable 9406/1000) ===
  [grown_capped_dream] task 1/1 (SKILL_SMASH) epoch 1/6 [settle]  avg_loss 0.4985  last_loss 0.4266  steps 48  arch [64, 32, 222]
  [grown_capped_dream] task 1/1 (SKILL_SMASH) epoch 2/6 [settle]  avg_loss 0.2580  last_loss 0.2798  steps 96  arch [64, 32, 222]
  [grown_capped_dream] dream-rescue insufficient: purges=4; growth still denied (cap_exceeded(projected=34180B > cap=4000B))
  [grown_capped_dream] task 1/1 (SKILL_SMASH) epoch 3/6 [post-grow]  avg_loss 0.1872  last_loss 0.0944  steps 48  arch [64, 28, 222]
  [grown_capped_dream] task 1/1 (SKILL_SMASH) epoch 4/6 [post-grow]  avg_loss 0.1417  last_loss 0.1476  steps 96  arch [64, 28, 222]
  [grown_capped_dream] task 1/1 (SKILL_SMASH) epoch 5/6 [post-grow]  avg_loss 0.1230  last_loss 0.1728  steps 144  arch [64, 28, 222]
  [grown_capped_dream] task 1/1 (SKILL_SMASH) epoch 6/6 [post-grow]  avg_loss 0.1086  last_loss 0.1529  steps 192  arch [64, 28, 222]
  [grown_capped_dream] post-task DREAM: replay 0.1116→0.1232 on 1p; merges=0 purges=0 latched=0 → arch [64, 28, 222] (8898→8898 params)
[grown_capped_dream] After pass 1 task 1: own=0.1100 (domain 0.9775, task 0.9775)  avg=0.1100 (domain 0.9775, task 0.9775)  arch=[64, 28, 222] params=8898 (trainable 8258)  cum_grows=0 cum_denied=1 cum_purges=4 cum_latched=0

[grown_capped_dream] <<< PASS 1/1 done — full=0.1100  domain=0.9775  task=0.9775

[ep 10/10 seed=11] return=-21.0 length=4382 (92.5s)
  celebration: 0 flagged frames, 0 positive-replay examples
    CATCH: 0 reinforcements
    SMASH: 0 reinforcements
    PREPOS: 0 reinforcements
  positive buffer: CATCH=0, SMASH=0, PREPOS=500
  frustration: 630 flagged frames, 21 agent-vs-oracle disagreements
    CATCH: 21 corrections
    SMASH: 0 corrections
    PREPOS: 0 corrections
  retrain set [CATCH]: corr=21 reinf=0 buffer=0
  retraining CATCH with 21 corrections...

[grown_capped_dream] start — arch (64, 32, 2)  params 2786 (trainable 2146)  growth=True dream=True  cap_bytes=4000  K=1  passes=1  epochs/task=6  rehearsal=off  lwf=off  brainstem=off  engrams=off  hippocampus=off  differential=off  manifold=on

[grown_capped_dream] >>> PASS 1/1  grows_per_task=4  (developmental)

[grown_capped_dream] === Pass 1/1 Task 1/1: SKILL_CATCH (active [210, 211, 212])  pre-arch=[64, 32, 213] params=9749 (trainable 9109/1000) ===
  [grown_capped_dream] task 1/1 (SKILL_CATCH) epoch 1/6 [settle]  avg_loss 1.0457  last_loss 0.7583  steps 71  arch [64, 32, 213]
  [grown_capped_dream] task 1/1 (SKILL_CATCH) epoch 2/6 [settle]  avg_loss 0.6625  last_loss 0.5961  steps 142  arch [64, 32, 213]
  [grown_capped_dream] dream-rescue insufficient: purges=4; growth still denied (cap_exceeded(projected=33100B > cap=4000B))
  [grown_capped_dream] task 1/1 (SKILL_CATCH) epoch 3/6 [post-grow]  avg_loss 0.4985  last_loss 0.4673  steps 71  arch [64, 28, 213]
  [grown_capped_dream] task 1/1 (SKILL_CATCH) epoch 4/6 [post-grow]  avg_loss 0.4096  last_loss 0.3435  steps 142  arch [64, 28, 213]
  [grown_capped_dream] task 1/1 (SKILL_CATCH) epoch 5/6 [post-grow]  avg_loss 0.3599  last_loss 0.3705  steps 213  arch [64, 28, 213]
  [grown_capped_dream] task 1/1 (SKILL_CATCH) epoch 6/6 [post-grow]  avg_loss 0.3240  last_loss 0.3441  steps 284  arch [64, 28, 213]
  [grown_capped_dream] post-task DREAM: replay 0.3436→0.2807 on 1p; merges=0 purges=0 latched=0 → arch [64, 28, 213] (8637→8637 params)
[grown_capped_dream] After pass 1 task 1: own=0.2617 (domain 0.8992, task 0.8992)  avg=0.2617 (domain 0.8992, task 0.8992)  arch=[64, 28, 213] params=8637 (trainable 7997)  cum_grows=0 cum_denied=1 cum_purges=4 cum_latched=0

[grown_capped_dream] <<< PASS 1/1 done — full=0.2617  domain=0.8992  task=0.8992

=== Dream-loop trajectory ===
  ep 1: -21.0
  ep 2: -19.0
  ep 3: -1.0
  ep 4: -20.0
  ep 5: -18.0
  ep 6: +19.0
  ep 7: -19.0
  ep 8: -19.0
  ep 9: -21.0
  ep 10: -21.0
  delta (last - first): +0.0
