Dream-cycle calibration — donors=['digits', 'fashion', 'emnist']
  steps=400 batch=128 lr=0.05 noise_scale=1.0
  loaded digits     arch=[128, 52, 10]  classes=[0, 1, 2, 3, 4, 5, 6, 7, 8, 9]
  loaded fashion    arch=[128, 52, 20]  classes=[10, 11, 12, 13, 14, 15, 16, 17, 18, 19]
  loaded emnist     arch=[128, 52, 30]  classes=[20, 21, 22, 23, 24, 25, 26, 27, 28, 29]
  union_classes=[0, 1, 2, 3, 4, 5, 6, 7, 8, 9, 10, 11, 12, 13, 14, 15, 16, 17, 18, 19, 20, 21, 22, 23, 24, 25, 26, 27, 28, 29]
  n_union=30
[datasets] loading mnist (train) ...
[datasets] loading mnist (test)  ...
[datasets] loading fashion_mnist (train) ...
[datasets] loading fashion_mnist (test)  ...
[datasets] loading emnist_letters (train) ...
[datasets] loading emnist_letters (test)  ...

==============================================================================
BEFORE dream-cycle (per-branch log-softmax only)
==============================================================================
  soft + per-branch log-softmax task-aware=0.9695  full-union=0.5314

==============================================================================
DREAM CYCLE  bias_mode=per_branch  (400 steps, params=3)
==============================================================================
  step    1/400  loss 1.4571  archive_acc 0.7188  ||bias||=0.049  max|bias|=0.035
  step   40/400  loss 1.4366  archive_acc 0.7266  ||bias||=0.283  max|bias|=0.191
  step   80/400  loss 1.2662  archive_acc 0.7031  ||bias||=0.195  max|bias|=0.139
  step  120/400  loss 1.4698  archive_acc 0.7656  ||bias||=0.407  max|bias|=0.396
  step  160/400  loss 1.1377  archive_acc 0.7734  ||bias||=0.672  max|bias|=0.397
  step  200/400  loss 1.4199  archive_acc 0.7500  ||bias||=0.636  max|bias|=0.398
  step  240/400  loss 1.5530  archive_acc 0.7344  ||bias||=1.451  max|bias|=1.012
  step  280/400  loss 1.4137  archive_acc 0.7344  ||bias||=1.364  max|bias|=0.963
  step  320/400  loss 1.7454  archive_acc 0.6484  ||bias||=1.352  max|bias|=0.957
  step  360/400  loss 1.1800  archive_acc 0.7578  ||bias||=1.301  max|bias|=0.921
  step  400/400  loss 1.0531  archive_acc 0.7969  ||bias||=1.174  max|bias|=0.831

==============================================================================
AFTER dream-cycle (per-branch log-softmax + global bias)
==============================================================================
  soft + log-softmax + bias    task-aware=0.9695  full-union=0.5332

Per-task full-union delta (before → after):
  task                        before     after         Δ
  mnist_0_1                   0.9215    0.9158   -0.0057
  mnist_2_3                   0.7478    0.7380   -0.0098
  mnist_4_5                   0.7161    0.7054   -0.0107
  mnist_6_7                   0.8046    0.8041   -0.0005
  mnist_8_9                   0.0015    0.0015   +0.0000
  fashion_mnist_0_1           0.8665    0.8665   +0.0000
  fashion_mnist_2_3           0.6490    0.6495   +0.0005
  fashion_mnist_4_5           0.6150    0.6150   +0.0000
  fashion_mnist_6_7           0.5665    0.5665   +0.0000
  fashion_mnist_8_9           0.0000    0.0000   +0.0000
  emnist_letters_0_1          0.5194    0.5344   +0.0150
  emnist_letters_2_3          0.5619    0.5700   +0.0081
  emnist_letters_4_5          0.5869    0.5994   +0.0125
  emnist_letters_6_7          0.4150    0.4325   +0.0175
  emnist_letters_8_9          0.0000    0.0000   +0.0000

Learned bias offsets:
  branch digits     → bias -0.8284
  branch fashion    → bias -0.0399
  branch emnist     → bias +0.8315

Calibration storage: bias_param 3 floats × 4 B = 12 B (<0.002% of organism)

==============================================================================
HEADLINE
==============================================================================
  before  task-aware=0.9695  full-union=0.5314
  after   task-aware=0.9695  full-union=0.5332  (Δfull = +0.0018, Δta = +0.0000)

Done.
