Dream-cycle calibration — donors=['digits', 'fashion', 'emnist']
  steps=400 batch=128 lr=0.05 noise_scale=1.0
  loaded digits     arch=[128, 52, 10]  classes=[0, 1, 2, 3, 4, 5, 6, 7, 8, 9]
  loaded fashion    arch=[128, 52, 20]  classes=[10, 11, 12, 13, 14, 15, 16, 17, 18, 19]
  loaded emnist     arch=[128, 52, 30]  classes=[20, 21, 22, 23, 24, 25, 26, 27, 28, 29]
  union_classes=[0, 1, 2, 3, 4, 5, 6, 7, 8, 9, 10, 11, 12, 13, 14, 15, 16, 17, 18, 19, 20, 21, 22, 23, 24, 25, 26, 27, 28, 29]
  n_union=30
[datasets] loading mnist (train) ...
[datasets] loading mnist (test)  ...
[datasets] loading fashion_mnist (train) ...
[datasets] loading fashion_mnist (test)  ...
[datasets] loading emnist_letters (train) ...
[datasets] loading emnist_letters (test)  ...

==============================================================================
BEFORE dream-cycle (per-branch log-softmax only)
==============================================================================
  soft + per-branch log-softmax task-aware=0.9695  full-union=0.5314

==============================================================================
DREAM CYCLE  (400 steps, params=30)
==============================================================================
  step    1/400  loss 1.4571  archive_acc 0.7188  ||bias||=0.274  max|bias|=0.050
  step   40/400  loss 0.8092  archive_acc 0.8047  ||bias||=7.431  max|bias|=1.905
  step   80/400  loss 0.5812  archive_acc 0.8047  ||bias||=11.856  max|bias|=3.431
  step  120/400  loss 0.5961  archive_acc 0.7812  ||bias||=13.056  max|bias|=4.771
  step  160/400  loss 0.4342  archive_acc 0.8125  ||bias||=13.550  max|bias|=5.145
  step  200/400  loss 0.4835  archive_acc 0.8203  ||bias||=13.684  max|bias|=5.209
  step  240/400  loss 0.4811  archive_acc 0.8359  ||bias||=13.619  max|bias|=5.076
  step  280/400  loss 0.4460  archive_acc 0.8516  ||bias||=13.670  max|bias|=5.226
  step  320/400  loss 0.4724  archive_acc 0.8750  ||bias||=13.599  max|bias|=5.170
  step  360/400  loss 0.4812  archive_acc 0.8438  ||bias||=13.693  max|bias|=5.271
  step  400/400  loss 0.4084  archive_acc 0.8906  ||bias||=13.449  max|bias|=5.073

==============================================================================
AFTER dream-cycle (per-branch log-softmax + global bias)
==============================================================================
  soft + log-softmax + bias    task-aware=0.9674  full-union=0.5553

Per-task full-union delta (before → after):
  task                        before     after         Δ
  mnist_0_1                   0.9215    0.8993   -0.0222
  mnist_2_3                   0.7478    0.7204   -0.0274
  mnist_4_5                   0.7161    0.6163   -0.0998
  mnist_6_7                   0.8046    0.7472   -0.0574
  mnist_8_9                   0.0015    0.4327   +0.4312
  fashion_mnist_0_1           0.8665    0.8000   -0.0665
  fashion_mnist_2_3           0.6490    0.6690   +0.0200
  fashion_mnist_4_5           0.6150    0.3765   -0.2385
  fashion_mnist_6_7           0.5665    0.5115   -0.0550
  fashion_mnist_8_9           0.0000    0.3710   +0.3710
  emnist_letters_0_1          0.5194    0.5081   -0.0113
  emnist_letters_2_3          0.5619    0.5369   -0.0250
  emnist_letters_4_5          0.5869    0.5575   -0.0294
  emnist_letters_6_7          0.4150    0.3756   -0.0394
  emnist_letters_8_9          0.0000    0.2069   +0.2069

Learned bias offsets (per union class):
  class   0 → bias -2.0604
  class   1 → bias -1.5752
  class   2 → bias -1.7701
  class   3 → bias -2.0689
  class   4 → bias -2.3843
  class   5 → bias -1.7353
  class   6 → bias -1.9620
  class   7 → bias -1.9728
  class   8 → bias +1.9751
  class   9 → bias +2.8662
  class  10 → bias -1.8434
  class  11 → bias -2.4783
  class  12 → bias -1.3628
  class  13 → bias -0.5453
  class  14 → bias -1.9440
  class  15 → bias -4.7094
  class  16 → bias -1.4708
  class  17 → bias -3.6675
  class  18 → bias +3.2938
  class  19 → bias +5.0729
  class  20 → bias -2.0823
  class  21 → bias -2.0146
  class  22 → bias -0.9920
  class  23 → bias -2.6213
  class  24 → bias -1.4170
  class  25 → bias -2.0153
  class  26 → bias -2.1603
  class  27 → bias -1.7674
  class  28 → bias +3.3799
  class  29 → bias +2.6084

Calibration storage: bias 30 floats × 4 B = 120 B (<0.023% of organism)

==============================================================================
HEADLINE
==============================================================================
  before  task-aware=0.9695  full-union=0.5314
  after   task-aware=0.9674  full-union=0.5553  (Δfull = +0.0238, Δta = -0.0021)

Done.
