==============================================================================
L0 class-prototype separation probe
==============================================================================
seed: 0   L0: 784 → 128 (frozen Kaiming)

[datasets] loading mnist (train) ...
[datasets] loading mnist (test)  ...
[datasets] loading fashion_mnist (train) ...
[datasets] loading fashion_mnist (test)  ...
[datasets] loading emnist_letters (train) ...
[datasets] loading emnist_letters (test)  ...
class  domain        n     ||μ||    mean σ  feat-min σ  feat-max σ
    0  MNIST      5923     3.831    0.1995      0.0084      0.5417
    1  MNIST      6742     2.579    0.1420      0.0043      0.3492
    2  MNIST      5958     3.541    0.2079      0.0176      0.4790
    3  MNIST      6131     3.273    0.2011      0.0039      0.4329
    4  MNIST      5842     2.931    0.1835      0.0106      0.4480
    5  MNIST      5421     2.877    0.1990      0.0130      0.4093
    6  MNIST      5918     3.343    0.1851      0.0066      0.4446
    7  MNIST      6265     2.909    0.1803      0.0025      0.4043
    8  MNIST      5851     3.418    0.1983      0.0032      0.4549
    9  MNIST      5949     2.962    0.1794      0.0032      0.4240
   10  Fashion    6000     4.813    0.1667      0.0000      0.6173
   11  Fashion    6000     4.069    0.1375      0.0000      0.3872
   12  Fashion    6000     5.682    0.1836      0.0000      0.7705
   13  Fashion    6000     4.467    0.1626      0.0000      0.5310
   14  Fashion    6000     5.972    0.1756      0.0000      0.6217
   15  Fashion    6000     2.678    0.1798      0.0112      0.4934
   16  Fashion    6000     4.861    0.1840      0.0000      0.7172
   17  Fashion    6000     3.665    0.1361      0.0000      0.3884
   18  Fashion    6000     5.328    0.2160      0.0000      0.6846
   19  Fashion    6000     5.301    0.1829      0.0000      0.4817
   20  EMNIST     4800     3.924    0.2266      0.0095      0.5628
   21  EMNIST     4800     3.696    0.2240      0.0057      0.4940
   22  EMNIST     4800     3.317    0.2023      0.0034      0.4859
   23  EMNIST     4800     3.531    0.2265      0.0158      0.5362
   24  EMNIST     4800     3.832    0.2041      0.0000      0.4714
   25  EMNIST     4800     2.736    0.1922      0.0111      0.4089
   26  EMNIST     4800     3.435    0.2311      0.0094      0.4923
   27  EMNIST     4800     3.290    0.2083      0.0152      0.4308
   28  EMNIST     4800     3.013    0.1570      0.0061      0.3572
   29  EMNIST     4800     2.838    0.2133      0.0194      0.4639

Aggregate statistics:
  Mean inter-class distance       = 2.2789
  Mean intra-class spread (σ̄)     = 0.1895
  Mean intra-class dist (√d × σ̄) = 2.1445
  Discriminability ratio          = 1.063

  Closest pair  : class 1 (MNIST) ↔ class 28 (EMNIST)  d = 0.7413
  Furthest pair : class 1 (MNIST) ↔ class 14 (Fashion)  d = 4.6417

PROTOTYPE REHEARSAL MARGINAL — prototypes separable but noise envelope must be tuned carefully.

Domain breakdown:
  MNIST     within-domain μ = 1.6520  cross-domain μ = 2.3001  ratio = 1.392
  Fashion   within-domain μ = 2.6702  cross-domain μ = 2.7696  ratio = 1.037
  EMNIST    within-domain μ = 1.5662  cross-domain μ = 2.1936  ratio = 1.401

