==============================================================================
Fisher / λ probe — chained-15 grown_capped_dream, single seed
==============================================================================
seed: 0   epochs/task: 4 (smoke)
LAMBDA_FLOOR (current): 0.1
EWC_INTERTASK: 30.0

[datasets] loading mnist (train) ...
[datasets] loading mnist (test)  ...
[datasets] loading fashion_mnist (train) ...
[datasets] loading fashion_mnist (test)  ...
[datasets] loading emnist_letters (train) ...
[datasets] loading emnist_letters (test)  ...

[grown_capped_dream] start — arch (128, 32, 2)  params 104674 (trainable 4194)  growth=True dream=True  cap_bytes=32000  K=15  passes=1  epochs/task=4

[grown_capped_dream] >>> PASS 1/1  grows_per_task=4  (developmental)

[grown_capped_dream] === Pass 1/1 Task 1/15: mnist_0_1 (active [0, 1])  pre-arch=[128, 32, 2] params=104674 (trainable 4194/8000) ===
  [grown_capped_dream] task 1/15 (mnist_0_1) epoch 1/4 [settle]  avg_loss 0.1351  last_loss 0.0062  steps 197  arch [128, 32, 2]
  [grown_capped_dream] task 1/15 (mnist_0_1) epoch 2/4 [settle]  avg_loss 0.0122  last_loss 0.0214  steps 394  arch [128, 32, 2]
  [grown_capped_dream] GROWTH after settle: 4/4 allowed, 0 denied  new arch=[128, 36, 2] params=105198 (trainable 4718)
  [grown_capped_dream] task 1/15 (mnist_0_1) epoch 3/4 [post-grow]  avg_loss 0.0076  last_loss 0.0025  steps 197  arch [128, 36, 2]
  [grown_capped_dream] task 1/15 (mnist_0_1) epoch 4/4 [post-grow]  avg_loss 0.0056  last_loss 0.0002  steps 394  arch [128, 36, 2]
  [PROBE consol task  1 mnist_0_1              active=[0, 1]]
    head (2 cls): lam min=0.1  p50=0.1  max=0.1  @floor=100%  max_drift=0.0000
    L1   (36 nodes): lam min=0.1  p50=0.1  p90=0.1  max=0.1  @floor=100%  >10×floor=0%  max_drift=0.0000
    head fisher_W (per-weight): p50=4.32e-07  p90=1.12e-06  p99=1.76e-06  max=1.76e-06  >1e-4=0%  >1e-3=0%  >1e-2=0%
    L1   fisher_W (per-weight): p50=1.09e-09  p90=4.32e-08  p99=2.28e-07  max=8.23e-07  >1e-4=0%  >1e-3=0%  >1e-2=0%
  [grown_capped_dream] post-task DREAM: replay 0.0250→0.0021 on 1p; merges=0 purges=0 latched=0 → arch [128, 36, 2] (105198→105198 params)
[grown_capped_dream] After pass 1 task 1: own=0.9991 (domain 0.9991, task 0.9991)  avg=0.9991 (domain 0.9991, task 0.9991)  arch=[128, 36, 2] params=105198 (trainable 4718)  cum_grows=4 cum_denied=0 cum_purges=0 cum_latched=0

[grown_capped_dream] === Pass 1/1 Task 2/15: mnist_2_3 (active [2, 3])  pre-arch=[128, 36, 4] params=105272 (trainable 4792/8000) ===
  [grown_capped_dream] task 2/15 (mnist_2_3) epoch 1/4 [settle]  avg_loss 0.5031  last_loss 0.4192  steps 188  arch [128, 36, 4]
  [grown_capped_dream] task 2/15 (mnist_2_3) epoch 2/4 [settle]  avg_loss 0.4001  last_loss 0.5687  steps 376  arch [128, 36, 4]
  [grown_capped_dream] GROWTH after settle: 4/4 allowed, 0 denied  new arch=[128, 40, 4] params=105804 (trainable 5324)
  [grown_capped_dream] task 2/15 (mnist_2_3) epoch 3/4 [post-grow]  avg_loss 0.2920  last_loss 0.2072  steps 188  arch [128, 40, 4]
  [grown_capped_dream] task 2/15 (mnist_2_3) epoch 4/4 [post-grow]  avg_loss 0.1701  last_loss 0.0881  steps 376  arch [128, 40, 4]
  [PROBE consol task  2 mnist_2_3              active=[2, 3]]
    head (4 cls): lam min=0.1  p50=0.1  max=0.1  @floor=100%  max_drift=0.0000
    L1   (40 nodes): lam min=0.1  p50=0.1  p90=0.1  max=0.1  @floor=100%  >10×floor=0%  max_drift=0.0000
    head fisher_W (per-weight): p50=6.86e-13  p90=0.000418  p99=0.00126  max=0.00126  >1e-4=40%  >1e-3=4%  >1e-2=0%
    L1   fisher_W (per-weight): p50=1.22e-06  p90=2.35e-05  p99=0.00011  max=0.00049  >1e-4=1%  >1e-3=0%  >1e-2=0%
  [grown_capped_dream] post-task DREAM: replay 0.0002→0.0014 on 1p; merges=0 purges=0 latched=0 → arch [128, 40, 4] (105804→105804 params)
[grown_capped_dream] After pass 1 task 2: own=0.5152 (domain 0.5152, task 0.9540)  avg=0.7564 (domain 0.7564, task 0.9765)  arch=[128, 40, 4] params=105804 (trainable 5324)  cum_grows=8 cum_denied=0 cum_purges=0 cum_latched=0

[grown_capped_dream] === Pass 1/1 Task 3/15: mnist_4_5 (active [4, 5])  pre-arch=[128, 40, 6] params=105886 (trainable 5406/8000) ===
  [grown_capped_dream] task 3/15 (mnist_4_5) epoch 1/4 [settle]  avg_loss 0.5445  last_loss 0.5137  steps 175  arch [128, 40, 6]
  [grown_capped_dream] task 3/15 (mnist_4_5) epoch 2/4 [settle]  avg_loss 0.4432  last_loss 0.3789  steps 350  arch [128, 40, 6]
  [grown_capped_dream] GROWTH after settle: 4/4 allowed, 0 denied  new arch=[128, 44, 6] params=106426 (trainable 5946)
  [grown_capped_dream] task 3/15 (mnist_4_5) epoch 3/4 [post-grow]  avg_loss 0.3142  last_loss 0.2092  steps 175  arch [128, 44, 6]
  [grown_capped_dream] task 3/15 (mnist_4_5) epoch 4/4 [post-grow]  avg_loss 0.1335  last_loss 0.1617  steps 350  arch [128, 44, 6]
  [PROBE consol task  3 mnist_4_5              active=[4, 5]]
    head (6 cls): lam min=0.1  p50=0.1  max=0.1  @floor=100%  max_drift=0.0000
    L1   (44 nodes): lam min=0.1  p50=0.1  p90=0.1  max=0.1  @floor=100%  >10×floor=0%  max_drift=0.0000
    head fisher_W (per-weight): p50=0  p90=0.000358  p99=0.00164  max=0.0019  >1e-4=25%  >1e-3=3%  >1e-2=0%
    L1   fisher_W (per-weight): p50=4.99e-07  p90=1.03e-05  p99=5.11e-05  max=0.000251  >1e-4=0%  >1e-3=0%  >1e-2=0%
  [grown_capped_dream] post-task DREAM: replay 0.1685→0.0992 on 1p; merges=0 purges=0 latched=0 → arch [128, 44, 6] (106426→106426 params)
[grown_capped_dream] After pass 1 task 3: own=0.5395 (domain 0.5395, task 0.9701)  avg=0.6146 (domain 0.6146, task 0.9750)  arch=[128, 44, 6] params=106426 (trainable 5946)  cum_grows=12 cum_denied=0 cum_purges=0 cum_latched=0

[grown_capped_dream] === Pass 1/1 Task 4/15: mnist_6_7 (active [6, 7])  pre-arch=[128, 44, 8] params=106516 (trainable 6036/8000) ===
  [grown_capped_dream] task 4/15 (mnist_6_7) epoch 1/4 [settle]  avg_loss 0.4622  last_loss 0.3136  steps 189  arch [128, 44, 8]
  [grown_capped_dream] task 4/15 (mnist_6_7) epoch 2/4 [settle]  avg_loss 0.2813  last_loss 0.2407  steps 378  arch [128, 44, 8]
  [grown_capped_dream] GROWTH after settle: 4/4 allowed, 0 denied  new arch=[128, 48, 8] params=107064 (trainable 6584)
  [grown_capped_dream] task 4/15 (mnist_6_7) epoch 3/4 [post-grow]  avg_loss 0.1452  last_loss 0.0525  steps 189  arch [128, 48, 8]
  [grown_capped_dream] task 4/15 (mnist_6_7) epoch 4/4 [post-grow]  avg_loss 0.0455  last_loss 0.0096  steps 378  arch [128, 48, 8]
  [PROBE consol task  4 mnist_6_7              active=[6, 7]]
    head (8 cls): lam min=0.1  p50=0.1  max=0.1  @floor=100%  max_drift=0.0000
    L1   (48 nodes): lam min=0.1  p50=0.1  p90=0.1  max=0.1  @floor=100%  >10×floor=0%  max_drift=0.0000
    head fisher_W (per-weight): p50=0  p90=7.58e-05  p99=0.000506  max=0.00116  >1e-4=8%  >1e-3=1%  >1e-2=0%
    L1   fisher_W (per-weight): p50=1.79e-07  p90=4.16e-06  p99=2.53e-05  max=0.000101  >1e-4=0%  >1e-3=0%  >1e-2=0%
  [grown_capped_dream] post-task DREAM: replay 0.0566→0.1155 on 1p; merges=0 purges=0 latched=0 → arch [128, 48, 8] (107064→107064 params)
[grown_capped_dream] After pass 1 task 4: own=0.6581 (domain 0.6581, task 0.9884)  avg=0.5763 (domain 0.5763, task 0.9793)  arch=[128, 48, 8] params=107064 (trainable 6584)  cum_grows=16 cum_denied=0 cum_purges=0 cum_latched=0

[grown_capped_dream] === Pass 1/1 Task 5/15: mnist_8_9 (active [8, 9])  pre-arch=[128, 48, 10] params=107162 (trainable 6682/8000) ===
  [grown_capped_dream] task 5/15 (mnist_8_9) epoch 1/4 [settle]  avg_loss 0.4389  last_loss 0.3024  steps 183  arch [128, 48, 10]
  [grown_capped_dream] task 5/15 (mnist_8_9) epoch 2/4 [settle]  avg_loss 0.2710  last_loss 0.3579  steps 366  arch [128, 48, 10]
  [grown_capped_dream] GROWTH after settle: 4/4 allowed, 0 denied  new arch=[128, 52, 10] params=107718 (trainable 7238)
  [grown_capped_dream] task 5/15 (mnist_8_9) epoch 3/4 [post-grow]  avg_loss 0.2010  last_loss 0.2134  steps 183  arch [128, 52, 10]
  [grown_capped_dream] task 5/15 (mnist_8_9) epoch 4/4 [post-grow]  avg_loss 0.1325  last_loss 0.0404  steps 366  arch [128, 52, 10]
  [PROBE consol task  5 mnist_8_9              active=[8, 9]]
    head (10 cls): lam min=0.1  p50=0.1  max=0.1  @floor=100%  max_drift=0.0000
    L1   (52 nodes): lam min=0.1  p50=0.1  p90=0.1  max=0.1  @floor=100%  >10×floor=0%  max_drift=0.0000
    head fisher_W (per-weight): p50=0  p90=0.000959  p99=0.00324  max=0.00645  >1e-4=17%  >1e-3=8%  >1e-2=0%
    L1   fisher_W (per-weight): p50=1.01e-06  p90=3.73e-05  p99=0.000251  max=0.000733  >1e-4=4%  >1e-3=0%  >1e-2=0%
  [grown_capped_dream] post-task DREAM: replay 0.0013→0.0007 on 1p; merges=0 purges=0 latched=0 → arch [128, 52, 10] (107718→107718 params)
[grown_capped_dream] After pass 1 task 5: own=0.7398 (domain 0.7398, task 0.9602)  avg=0.4719 (domain 0.4719, task 0.9742)  arch=[128, 52, 10] params=107718 (trainable 7238)  cum_grows=20 cum_denied=0 cum_purges=0 cum_latched=0

[grown_capped_dream] === Pass 1/1 Task 6/15: fashion_mnist_0_1 (active [10, 11])  pre-arch=[128, 52, 12] params=107824 (trainable 7344/8000) ===
  [grown_capped_dream] task 6/15 (fashion_mnist_0_1) epoch 1/4 [settle]  avg_loss 0.4917  last_loss 0.3626  steps 186  arch [128, 52, 12]
  [grown_capped_dream] task 6/15 (fashion_mnist_0_1) epoch 2/4 [settle]  avg_loss 0.3364  last_loss 0.3244  steps 372  arch [128, 52, 12]
  [grown_capped_dream] GROWTH after settle: 4/4 allowed, 0 denied  new arch=[128, 56, 12] params=108388 (trainable 7908)
  [grown_capped_dream] task 6/15 (fashion_mnist_0_1) epoch 3/4 [post-grow]  avg_loss 0.2253  last_loss 0.1245  steps 186  arch [128, 56, 12]
  [grown_capped_dream] task 6/15 (fashion_mnist_0_1) epoch 4/4 [post-grow]  avg_loss 0.1089  last_loss 0.1114  steps 372  arch [128, 56, 12]
  [PROBE consol task  6 fashion_mnist_0_1      active=[10, 11]]
    head (12 cls): lam min=0.1  p50=0.1  max=0.1  @floor=100%  max_drift=0.0000
    L1   (56 nodes): lam min=0.1  p50=0.1  p90=0.1  max=0.1  @floor=100%  >10×floor=0%  max_drift=0.0000
    head fisher_W (per-weight): p50=0  p90=0.000149  p99=0.000853  max=0.00117  >1e-4=12%  >1e-3=0%  >1e-2=0%
    L1   fisher_W (per-weight): p50=1.91e-07  p90=8.04e-06  p99=4.56e-05  max=0.000193  >1e-4=0%  >1e-3=0%  >1e-2=0%
  [grown_capped_dream] post-task DREAM: replay 0.0472→0.0678 on 2p; merges=0 purges=0 latched=0 → arch [128, 56, 12] (108388→108388 params)
[grown_capped_dream] After pass 1 task 6: own=0.6115 (domain 0.9695, task 0.9695)  avg=0.4776 (domain 0.5532, task 0.9735)  arch=[128, 56, 12] params=108388 (trainable 7908)  cum_grows=24 cum_denied=0 cum_purges=0 cum_latched=0

[grown_capped_dream] === Pass 1/1 Task 7/15: fashion_mnist_2_3 (active [12, 13])  pre-arch=[128, 56, 14] params=108502 (trainable 8022/8000) ===
  [grown_capped_dream] task 7/15 (fashion_mnist_2_3) epoch 1/4 [settle]  avg_loss 0.2916  last_loss 0.1652  steps 186  arch [128, 56, 14]
  [grown_capped_dream] task 7/15 (fashion_mnist_2_3) epoch 2/4 [settle]  avg_loss 0.1862  last_loss 0.1008  steps 372  arch [128, 56, 14]
  [grown_capped_dream] dream-rescue freed room: purges=4 → grow OK
  [grown_capped_dream] dream-rescue freed room: purges=4 → grow OK
  [grown_capped_dream] GROWTH after settle: 4/4 allowed, 0 denied  new arch=[128, 52, 14] params=107930 (trainable 7450)
  [grown_capped_dream] task 7/15 (fashion_mnist_2_3) epoch 3/4 [post-grow]  avg_loss 0.1621  last_loss 0.1687  steps 186  arch [128, 52, 14]
  [grown_capped_dream] task 7/15 (fashion_mnist_2_3) epoch 4/4 [post-grow]  avg_loss 0.1471  last_loss 0.0788  steps 372  arch [128, 52, 14]
  [PROBE consol task  7 fashion_mnist_2_3      active=[12, 13]]
    head (14 cls): lam min=0.1  p50=0.1  max=0.1  @floor=100%  max_drift=0.0000
    L1   (52 nodes): lam min=0.1  p50=0.1  p90=0.1  max=0.1  @floor=100%  >10×floor=0%  max_drift=0.0000
    head fisher_W (per-weight): p50=0  p90=0.000713  p99=0.00465  max=0.00649  >1e-4=12%  >1e-3=9%  >1e-2=0%
    L1   fisher_W (per-weight): p50=3.78e-07  p90=4.58e-05  p99=0.000395  max=0.00355  >1e-4=5%  >1e-3=0%  >1e-2=0%
  [grown_capped_dream] post-task DREAM: replay 0.1702→0.1570 on 2p; merges=0 purges=0 latched=0 → arch [128, 52, 14] (107930→107930 params)
[grown_capped_dream] After pass 1 task 7: own=0.2595 (domain 0.6855, task 0.9480)  avg=0.4157 (domain 0.5507, task 0.9697)  arch=[128, 52, 14] params=107930 (trainable 7450)  cum_grows=28 cum_denied=0 cum_purges=8 cum_latched=0

[grown_capped_dream] === Pass 1/1 Task 8/15: fashion_mnist_4_5 (active [14, 15])  pre-arch=[128, 52, 16] params=108036 (trainable 7556/8000) ===
  [grown_capped_dream] task 8/15 (fashion_mnist_4_5) epoch 1/4 [settle]  avg_loss 0.4302  last_loss 0.2489  steps 186  arch [128, 52, 16]
  [grown_capped_dream] task 8/15 (fashion_mnist_4_5) epoch 2/4 [settle]  avg_loss 0.1586  last_loss 0.1027  steps 372  arch [128, 52, 16]
  [grown_capped_dream] dream-rescue freed room: purges=4 → grow OK
  [grown_capped_dream] GROWTH after settle: 4/4 allowed, 0 denied  new arch=[128, 52, 16] params=108036 (trainable 7556)
  [grown_capped_dream] task 8/15 (fashion_mnist_4_5) epoch 3/4 [post-grow]  avg_loss 0.0795  last_loss 0.0295  steps 186  arch [128, 52, 16]
  [grown_capped_dream] task 8/15 (fashion_mnist_4_5) epoch 4/4 [post-grow]  avg_loss 0.0373  last_loss 0.0503  steps 372  arch [128, 52, 16]
  [PROBE consol task  8 fashion_mnist_4_5      active=[14, 15]]
    head (16 cls): lam min=0.1  p50=0.1  max=0.1  @floor=100%  max_drift=0.0000
    L1   (52 nodes): lam min=0.1  p50=0.1  p90=0.1  max=0.1  @floor=100%  >10×floor=0%  max_drift=0.0000
    head fisher_W (per-weight): p50=0  p90=2.74e-05  p99=0.000608  max=0.00228  >1e-4=7%  >1e-3=0%  >1e-2=0%
    L1   fisher_W (per-weight): p50=7.17e-08  p90=5.55e-06  p99=4.06e-05  max=0.000267  >1e-4=0%  >1e-3=0%  >1e-2=0%
  [grown_capped_dream] post-task DREAM: replay 0.0572→0.1526 on 2p; merges=0 purges=0 latched=0 → arch [128, 52, 16] (108036→108036 params)
[grown_capped_dream] After pass 1 task 8: own=0.0535 (domain 0.2390, task 0.9935)  avg=0.3609 (domain 0.5106, task 0.9704)  arch=[128, 52, 16] params=108036 (trainable 7556)  cum_grows=32 cum_denied=0 cum_purges=12 cum_latched=0

[grown_capped_dream] === Pass 1/1 Task 9/15: fashion_mnist_6_7 (active [16, 17])  pre-arch=[128, 52, 18] params=108142 (trainable 7662/8000) ===
  [grown_capped_dream] task 9/15 (fashion_mnist_6_7) epoch 1/4 [settle]  avg_loss 0.3909  last_loss 0.1428  steps 186  arch [128, 52, 18]
  [grown_capped_dream] task 9/15 (fashion_mnist_6_7) epoch 2/4 [settle]  avg_loss 0.1108  last_loss 0.0971  steps 372  arch [128, 52, 18]
  [grown_capped_dream] dream-rescue freed room: purges=4 → grow OK
  [grown_capped_dream] GROWTH after settle: 4/4 allowed, 0 denied  new arch=[128, 52, 18] params=108142 (trainable 7662)
  [grown_capped_dream] task 9/15 (fashion_mnist_6_7) epoch 3/4 [post-grow]  avg_loss 0.0602  last_loss 0.0248  steps 186  arch [128, 52, 18]
  [grown_capped_dream] task 9/15 (fashion_mnist_6_7) epoch 4/4 [post-grow]  avg_loss 0.0224  last_loss 0.0056  steps 372  arch [128, 52, 18]
  [PROBE consol task  9 fashion_mnist_6_7      active=[16, 17]]
    head (18 cls): lam min=0.1  p50=0.1  max=0.1  @floor=100%  max_drift=0.0000
    L1   (52 nodes): lam min=0.1  p50=0.1  p90=0.1  max=0.1  @floor=100%  >10×floor=0%  max_drift=0.0000
    head fisher_W (per-weight): p50=0  p90=7.68e-06  p99=0.000202  max=0.000389  >1e-4=3%  >1e-3=0%  >1e-2=0%
    L1   fisher_W (per-weight): p50=7.18e-08  p90=2.99e-06  p99=1.65e-05  max=5.06e-05  >1e-4=0%  >1e-3=0%  >1e-2=0%
  [grown_capped_dream] post-task DREAM: replay 0.0827→0.0852 on 2p; merges=0 purges=0 latched=0 → arch [128, 52, 18] (108142→108142 params)
[grown_capped_dream] After pass 1 task 9: own=0.2975 (domain 0.7710, task 0.9960)  avg=0.3312 (domain 0.4567, task 0.9711)  arch=[128, 52, 18] params=108142 (trainable 7662)  cum_grows=36 cum_denied=0 cum_purges=16 cum_latched=0

[grown_capped_dream] === Pass 1/1 Task 10/15: fashion_mnist_8_9 (active [18, 19])  pre-arch=[128, 52, 20] params=108248 (trainable 7768/8000) ===
  [grown_capped_dream] task 10/15 (fashion_mnist_8_9) epoch 1/4 [settle]  avg_loss 0.2733  last_loss 0.1289  steps 187  arch [128, 52, 20]
  [grown_capped_dream] task 10/15 (fashion_mnist_8_9) epoch 2/4 [settle]  avg_loss 0.1459  last_loss 0.0242  steps 374  arch [128, 52, 20]
  [grown_capped_dream] dream-rescue freed room: purges=4 → grow OK
  [grown_capped_dream] GROWTH after settle: 4/4 allowed, 0 denied  new arch=[128, 52, 20] params=108248 (trainable 7768)
  [grown_capped_dream] task 10/15 (fashion_mnist_8_9) epoch 3/4 [post-grow]  avg_loss 0.0908  last_loss 0.0287  steps 187  arch [128, 52, 20]
  [grown_capped_dream] task 10/15 (fashion_mnist_8_9) epoch 4/4 [post-grow]  avg_loss 0.0381  last_loss 0.0170  steps 374  arch [128, 52, 20]
  [PROBE consol task 10 fashion_mnist_8_9      active=[18, 19]]
    head (20 cls): lam min=0.1  p50=0.1  max=0.1  @floor=100%  max_drift=0.0000
    L1   (52 nodes): lam min=0.1  p50=0.1  p90=0.1  max=0.1  @floor=100%  >10×floor=0%  max_drift=0.0000
    head fisher_W (per-weight): p50=0  p90=7.55e-08  p99=0.000489  max=0.0012  >1e-4=7%  >1e-3=0%  >1e-2=0%
    L1   fisher_W (per-weight): p50=1.48e-07  p90=6.11e-06  p99=3.22e-05  max=0.000116  >1e-4=0%  >1e-3=0%  >1e-2=0%
  [grown_capped_dream] post-task DREAM: replay 0.0701→0.1195 on 2p; merges=0 purges=0 latched=0 → arch [128, 52, 20] (108248→108248 params)
[grown_capped_dream] After pass 1 task 10: own=0.1305 (domain 0.5125, task 0.9915)  avg=0.2762 (domain 0.4070, task 0.9732)  arch=[128, 52, 20] params=108248 (trainable 7768)  cum_grows=40 cum_denied=0 cum_purges=20 cum_latched=0

[grown_capped_dream] === Pass 1/1 Task 11/15: emnist_letters_0_1 (active [20, 21])  pre-arch=[128, 52, 22] params=108354 (trainable 7874/8000) ===
  [grown_capped_dream] task 11/15 (emnist_letters_0_1) epoch 1/4 [settle]  avg_loss 0.5197  last_loss 0.4987  steps 150  arch [128, 52, 22]
  [grown_capped_dream] task 11/15 (emnist_letters_0_1) epoch 2/4 [settle]  avg_loss 0.3684  last_loss 0.2880  steps 300  arch [128, 52, 22]
  [grown_capped_dream] dream-rescue freed room: purges=4 → grow OK
  [grown_capped_dream] GROWTH after settle: 4/4 allowed, 0 denied  new arch=[128, 52, 22] params=108354 (trainable 7874)
  [grown_capped_dream] task 11/15 (emnist_letters_0_1) epoch 3/4 [post-grow]  avg_loss 0.3158  last_loss 0.3380  steps 150  arch [128, 52, 22]
  [grown_capped_dream] task 11/15 (emnist_letters_0_1) epoch 4/4 [post-grow]  avg_loss 0.2388  last_loss 0.3287  steps 300  arch [128, 52, 22]
  [PROBE consol task 11 emnist_letters_0_1     active=[20, 21]]
    head (22 cls): lam min=0.1  p50=0.1  max=0.1281  @floor=91%  max_drift=0.0000
    L1   (52 nodes): lam min=0.1  p50=0.1  p90=0.1  max=0.1  @floor=100%  >10×floor=0%  max_drift=0.0000
    head fisher_W (per-weight): p50=0  p90=0  p99=0.00493  max=0.00957  >1e-4=8%  >1e-3=6%  >1e-2=0%
    L1   fisher_W (per-weight): p50=1.06e-06  p90=4.74e-05  p99=0.000272  max=0.00146  >1e-4=4%  >1e-3=0%  >1e-2=0%
  [grown_capped_dream] post-task DREAM: replay 0.0933→0.0594 on 3p; merges=0 purges=0 latched=0 → arch [128, 52, 22] (108354→108354 params)
[grown_capped_dream] After pass 1 task 11: own=0.1262 (domain 0.9231, task 0.9231)  avg=0.2560 (domain 0.4585, task 0.9571)  arch=[128, 52, 22] params=108354 (trainable 7874)  cum_grows=44 cum_denied=0 cum_purges=24 cum_latched=0

[grown_capped_dream] === Pass 1/1 Task 12/15: emnist_letters_2_3 (active [22, 23])  pre-arch=[128, 52, 24] params=108460 (trainable 7980/8000) ===
  [grown_capped_dream] task 12/15 (emnist_letters_2_3) epoch 1/4 [settle]  avg_loss 0.5489  last_loss 0.3984  steps 150  arch [128, 52, 24]
  [grown_capped_dream] task 12/15 (emnist_letters_2_3) epoch 2/4 [settle]  avg_loss 0.3918  last_loss 0.3061  steps 300  arch [128, 52, 24]
  [grown_capped_dream] dream-rescue freed room: purges=4 → grow OK
  [grown_capped_dream] GROWTH after settle: 4/4 allowed, 0 denied  new arch=[128, 52, 24] params=108460 (trainable 7980)
  [grown_capped_dream] task 12/15 (emnist_letters_2_3) epoch 3/4 [post-grow]  avg_loss 0.3486  last_loss 0.2244  steps 150  arch [128, 52, 24]
  [grown_capped_dream] task 12/15 (emnist_letters_2_3) epoch 4/4 [post-grow]  avg_loss 0.2226  last_loss 0.1106  steps 300  arch [128, 52, 24]
  [PROBE consol task 12 emnist_letters_2_3     active=[22, 23]]
    head (24 cls): lam min=0.1  p50=0.1  max=0.1  @floor=100%  max_drift=0.0000
    L1   (52 nodes): lam min=0.1  p50=0.1  p90=0.1  max=0.1  @floor=100%  >10×floor=0%  max_drift=0.0000
    head fisher_W (per-weight): p50=0  p90=0  p99=0.00358  max=0.00677  >1e-4=8%  >1e-3=5%  >1e-2=0%
    L1   fisher_W (per-weight): p50=9.97e-07  p90=2.56e-05  p99=0.000202  max=0.00116  >1e-4=3%  >1e-3=0%  >1e-2=0%
  [grown_capped_dream] post-task DREAM: replay 0.3439→0.2025 on 3p; merges=0 purges=0 latched=0 → arch [128, 52, 24] (108460→108460 params)
[grown_capped_dream] After pass 1 task 12: own=0.1525 (domain 0.6288, task 0.9175)  avg=0.2349 (domain 0.4542, task 0.9470)  arch=[128, 52, 24] params=108460 (trainable 7980)  cum_grows=48 cum_denied=0 cum_purges=28 cum_latched=0

[grown_capped_dream] === Pass 1/1 Task 13/15: emnist_letters_4_5 (active [24, 25])  pre-arch=[128, 52, 26] params=108566 (trainable 8086/8000) ===
  [grown_capped_dream] task 13/15 (emnist_letters_4_5) epoch 1/4 [settle]  avg_loss 0.4125  last_loss 0.3209  steps 150  arch [128, 52, 26]
  [grown_capped_dream] task 13/15 (emnist_letters_4_5) epoch 2/4 [settle]  avg_loss 0.2690  last_loss 0.3389  steps 300  arch [128, 52, 26]
  [grown_capped_dream] dream-rescue freed room: purges=4 → grow OK
  [grown_capped_dream] dream-rescue freed room: purges=4 → grow OK
  [grown_capped_dream] GROWTH after settle: 4/4 allowed, 0 denied  new arch=[128, 48, 26] params=107946 (trainable 7466)
  [grown_capped_dream] task 13/15 (emnist_letters_4_5) epoch 3/4 [post-grow]  avg_loss 0.2387  last_loss 0.3305  steps 150  arch [128, 48, 26]
  [grown_capped_dream] task 13/15 (emnist_letters_4_5) epoch 4/4 [post-grow]  avg_loss 0.1822  last_loss 0.1077  steps 300  arch [128, 48, 26]
  [PROBE consol task 13 emnist_letters_4_5     active=[24, 25]]
    head (26 cls): lam min=0.1  p50=0.1  max=0.1945  @floor=92%  max_drift=0.0000
    L1   (48 nodes): lam min=0.1  p50=0.1  p90=0.1  max=0.1  @floor=100%  >10×floor=0%  max_drift=0.0000
    head fisher_W (per-weight): p50=0  p90=0  p99=0.0058  max=0.0223  >1e-4=7%  >1e-3=6%  >1e-2=1%
    L1   fisher_W (per-weight): p50=2.99e-06  p90=7.34e-05  p99=0.000421  max=0.00256  >1e-4=7%  >1e-3=0%  >1e-2=0%
  [grown_capped_dream] post-task DREAM: replay 0.1969→0.1469 on 3p; merges=0 purges=0 latched=0 → arch [128, 48, 26] (107946→107946 params)
[grown_capped_dream] After pass 1 task 13: own=0.0538 (domain 0.3544, task 0.9431)  avg=0.2081 (domain 0.3842, task 0.9218)  arch=[128, 48, 26] params=107946 (trainable 7466)  cum_grows=52 cum_denied=0 cum_purges=36 cum_latched=0

[grown_capped_dream] === Pass 1/1 Task 14/15: emnist_letters_6_7 (active [26, 27])  pre-arch=[128, 48, 28] params=108044 (trainable 7564/8000) ===
  [grown_capped_dream] task 14/15 (emnist_letters_6_7) epoch 1/4 [settle]  avg_loss 0.6372  last_loss 0.4530  steps 150  arch [128, 48, 28]
  [grown_capped_dream] task 14/15 (emnist_letters_6_7) epoch 2/4 [settle]  avg_loss 0.4272  last_loss 0.5184  steps 300  arch [128, 48, 28]
  [grown_capped_dream] dream-rescue freed room: purges=4 → grow OK
  [grown_capped_dream] GROWTH after settle: 4/4 allowed, 0 denied  new arch=[128, 48, 28] params=108044 (trainable 7564)
  [grown_capped_dream] task 14/15 (emnist_letters_6_7) epoch 3/4 [post-grow]  avg_loss 0.3366  last_loss 0.2576  steps 150  arch [128, 48, 28]
  [grown_capped_dream] task 14/15 (emnist_letters_6_7) epoch 4/4 [post-grow]  avg_loss 0.2314  last_loss 0.1949  steps 300  arch [128, 48, 28]
  [PROBE consol task 14 emnist_letters_6_7     active=[26, 27]]
    head (28 cls): lam min=0.1  p50=0.1  max=0.1  @floor=100%  max_drift=0.0000
    L1   (48 nodes): lam min=0.1  p50=0.1  p90=0.1  max=0.1  @floor=100%  >10×floor=0%  max_drift=0.0000
    head fisher_W (per-weight): p50=0  p90=0  p99=0.00265  max=0.00769  >1e-4=7%  >1e-3=3%  >1e-2=0%
    L1   fisher_W (per-weight): p50=1.69e-06  p90=2.55e-05  p99=0.000141  max=0.00101  >1e-4=2%  >1e-3=0%  >1e-2=0%
  [grown_capped_dream] post-task DREAM: replay 0.2876→0.1632 on 4p; merges=0 purges=0 latched=0 → arch [128, 48, 28] (108044→108044 params)
[grown_capped_dream] After pass 1 task 14: own=0.0200 (domain 0.1281, task 0.9331)  avg=0.2109 (domain 0.4028, task 0.9338)  arch=[128, 48, 28] params=108044 (trainable 7564)  cum_grows=56 cum_denied=0 cum_purges=40 cum_latched=0

[grown_capped_dream] === Pass 1/1 Task 15/15: emnist_letters_8_9 (active [28, 29])  pre-arch=[128, 48, 30] params=108142 (trainable 7662/8000) ===
  [grown_capped_dream] task 15/15 (emnist_letters_8_9) epoch 1/4 [settle]  avg_loss 0.5063  last_loss 0.3926  steps 150  arch [128, 48, 30]
  [grown_capped_dream] task 15/15 (emnist_letters_8_9) epoch 2/4 [settle]  avg_loss 0.3239  last_loss 0.2074  steps 300  arch [128, 48, 30]
  [grown_capped_dream] dream-rescue freed room: purges=4 → grow OK
  [grown_capped_dream] GROWTH after settle: 4/4 allowed, 0 denied  new arch=[128, 48, 30] params=108142 (trainable 7662)
  [grown_capped_dream] task 15/15 (emnist_letters_8_9) epoch 3/4 [post-grow]  avg_loss 0.2917  last_loss 0.2697  steps 150  arch [128, 48, 30]
  [grown_capped_dream] task 15/15 (emnist_letters_8_9) epoch 4/4 [post-grow]  avg_loss 0.2456  last_loss 0.6624  steps 300  arch [128, 48, 30]
  [PROBE consol task 15 emnist_letters_8_9     active=[28, 29]]
    head (30 cls): lam min=0.1  p50=0.1  max=0.1  @floor=100%  max_drift=0.0000
    L1   (48 nodes): lam min=0.1  p50=0.1  p90=0.1  max=0.1  @floor=100%  >10×floor=0%  max_drift=0.0000
    head fisher_W (per-weight): p50=0  p90=0  p99=0.00195  max=0.00537  >1e-4=6%  >1e-3=3%  >1e-2=0%
    L1   fisher_W (per-weight): p50=1.53e-06  p90=2.51e-05  p99=0.000115  max=0.000361  >1e-4=1%  >1e-3=0%  >1e-2=0%
  [grown_capped_dream] post-task DREAM: replay 0.1570→0.1430 on 4p; merges=0 purges=0 latched=0 → arch [128, 48, 30] (108142→108142 params)
[grown_capped_dream] After pass 1 task 15: own=0.0300 (domain 0.4412, task 0.9069)  avg=0.1953 (domain 0.3750, task 0.9169)  arch=[128, 48, 30] params=108142 (trainable 7662)  cum_grows=60 cum_denied=0 cum_purges=44 cum_latched=0

[grown_capped_dream] <<< PASS 1/1 done — full=0.1953  domain=0.3750  task=0.9169

==============================================================================
End-of-curriculum head λ per class (n_classes=30):
==============================================================================
  class  0 (MNIST   ): lam = 0.1  ← AT FLOOR
  class  1 (MNIST   ): lam = 0.1  ← AT FLOOR
  class  2 (MNIST   ): lam = 0.1  ← AT FLOOR
  class  3 (MNIST   ): lam = 0.1  ← AT FLOOR
  class  4 (MNIST   ): lam = 0.1  ← AT FLOOR
  class  5 (MNIST   ): lam = 0.1  ← AT FLOOR
  class  6 (MNIST   ): lam = 0.1  ← AT FLOOR
  class  7 (MNIST   ): lam = 0.1  ← AT FLOOR
  class  8 (MNIST   ): lam = 0.1  ← AT FLOOR
  class  9 (MNIST   ): lam = 0.1  ← AT FLOOR
  class 10 (Fashion ): lam = 0.1  ← AT FLOOR
  class 11 (Fashion ): lam = 0.1  ← AT FLOOR
  class 12 (Fashion ): lam = 0.1  ← AT FLOOR
  class 13 (Fashion ): lam = 0.1  ← AT FLOOR
  class 14 (Fashion ): lam = 0.1  ← AT FLOOR
  class 15 (Fashion ): lam = 0.1  ← AT FLOOR
  class 16 (Fashion ): lam = 0.1  ← AT FLOOR
  class 17 (Fashion ): lam = 0.1  ← AT FLOOR
  class 18 (Fashion ): lam = 0.1  ← AT FLOOR
  class 19 (Fashion ): lam = 0.1  ← AT FLOOR
  class 20 (EMNIST  ): lam = 0.1  ← AT FLOOR
  class 21 (EMNIST  ): lam = 0.1  ← AT FLOOR
  class 22 (EMNIST  ): lam = 0.1  ← AT FLOOR
  class 23 (EMNIST  ): lam = 0.1  ← AT FLOOR
  class 24 (EMNIST  ): lam = 0.1  ← AT FLOOR
  class 25 (EMNIST  ): lam = 0.1  ← AT FLOOR
  class 26 (EMNIST  ): lam = 0.1  ← AT FLOOR
  class 27 (EMNIST  ): lam = 0.1  ← AT FLOOR
  class 28 (EMNIST  ): lam = 0.1  ← AT FLOOR
  class 29 (EMNIST  ): lam = 0.1  ← AT FLOOR

==============================================================================
Per-task evolution: head λ summary
==============================================================================
  tk  task_name             n_cls         min         p50         max  @floor  max_drift
   1  mnist_0_1                 2         0.1         0.1         0.1    100%     0.0000
   2  mnist_2_3                 4         0.1         0.1         0.1    100%     0.0000
   3  mnist_4_5                 6         0.1         0.1         0.1    100%     0.0000
   4  mnist_6_7                 8         0.1         0.1         0.1    100%     0.0000
   5  mnist_8_9                10         0.1         0.1         0.1    100%     0.0000
   6  fashion_mnist_0_1        12         0.1         0.1         0.1    100%     0.0000
   7  fashion_mnist_2_3        14         0.1         0.1         0.1    100%     0.0000
   8  fashion_mnist_4_5        16         0.1         0.1         0.1    100%     0.0000
   9  fashion_mnist_6_7        18         0.1         0.1         0.1    100%     0.0000
  10  fashion_mnist_8_9        20         0.1         0.1         0.1    100%     0.0000
  11  emnist_letters_0_1       22         0.1         0.1      0.1281     91%     0.0000
  12  emnist_letters_2_3       24         0.1         0.1         0.1    100%     0.0000
  13  emnist_letters_4_5       26         0.1         0.1      0.1945     92%     0.0000
  14  emnist_letters_6_7       28         0.1         0.1         0.1    100%     0.0000
  15  emnist_letters_8_9       30         0.1         0.1         0.1    100%     0.0000

==============================================================================
Per-task evolution: L1 (growth-target hidden) λ summary
==============================================================================
  tk  task_name              n_h         min         p50         p90         max  @floor   >10x
   1  mnist_0_1               36         0.1         0.1         0.1         0.1    100%     0%
   2  mnist_2_3               40         0.1         0.1         0.1         0.1    100%     0%
   3  mnist_4_5               44         0.1         0.1         0.1         0.1    100%     0%
   4  mnist_6_7               48         0.1         0.1         0.1         0.1    100%     0%
   5  mnist_8_9               52         0.1         0.1         0.1         0.1    100%     0%
   6  fashion_mnist_0_1       56         0.1         0.1         0.1         0.1    100%     0%
   7  fashion_mnist_2_3       52         0.1         0.1         0.1         0.1    100%     0%
   8  fashion_mnist_4_5       52         0.1         0.1         0.1         0.1    100%     0%
   9  fashion_mnist_6_7       52         0.1         0.1         0.1         0.1    100%     0%
  10  fashion_mnist_8_9       52         0.1         0.1         0.1         0.1    100%     0%
  11  emnist_letters_0_1      52         0.1         0.1         0.1         0.1    100%     0%
  12  emnist_letters_2_3      52         0.1         0.1         0.1         0.1    100%     0%
  13  emnist_letters_4_5      48         0.1         0.1         0.1         0.1    100%     0%
  14  emnist_letters_6_7      48         0.1         0.1         0.1         0.1    100%     0%
  15  emnist_letters_8_9      48         0.1         0.1         0.1         0.1    100%     0%

==============================================================================
Per-task evolution: raw fisher_W (per-weight, BEFORE mean-collapse)
==============================================================================
  tk  task_name             layer        p50        p90        p99        max  >1e-4  >1e-3  >1e-2
   1  mnist_0_1             head   4.32e-07   1.12e-06   1.76e-06   1.76e-06     0%     0%     0%
   1  mnist_0_1             L1     1.09e-09   4.32e-08   2.28e-07   8.23e-07     0%     0%     0%
   2  mnist_2_3             head   6.86e-13   0.000418    0.00126    0.00126    40%     4%     0%
   2  mnist_2_3             L1     1.22e-06   2.35e-05    0.00011    0.00049     1%     0%     0%
   3  mnist_4_5             head          0   0.000358    0.00164     0.0019    25%     3%     0%
   3  mnist_4_5             L1     4.99e-07   1.03e-05   5.11e-05   0.000251     0%     0%     0%
   4  mnist_6_7             head          0   7.58e-05   0.000506    0.00116     8%     1%     0%
   4  mnist_6_7             L1     1.79e-07   4.16e-06   2.53e-05   0.000101     0%     0%     0%
   5  mnist_8_9             head          0   0.000959    0.00324    0.00645    17%     8%     0%
   5  mnist_8_9             L1     1.01e-06   3.73e-05   0.000251   0.000733     4%     0%     0%
   6  fashion_mnist_0_1     head          0   0.000149   0.000853    0.00117    12%     0%     0%
   6  fashion_mnist_0_1     L1     1.91e-07   8.04e-06   4.56e-05   0.000193     0%     0%     0%
   7  fashion_mnist_2_3     head          0   0.000713    0.00465    0.00649    12%     9%     0%
   7  fashion_mnist_2_3     L1     3.78e-07   4.58e-05   0.000395    0.00355     5%     0%     0%
   8  fashion_mnist_4_5     head          0   2.74e-05   0.000608    0.00228     7%     0%     0%
   8  fashion_mnist_4_5     L1     7.17e-08   5.55e-06   4.06e-05   0.000267     0%     0%     0%
   9  fashion_mnist_6_7     head          0   7.68e-06   0.000202   0.000389     3%     0%     0%
   9  fashion_mnist_6_7     L1     7.18e-08   2.99e-06   1.65e-05   5.06e-05     0%     0%     0%
  10  fashion_mnist_8_9     head          0   7.55e-08   0.000489     0.0012     7%     0%     0%
  10  fashion_mnist_8_9     L1     1.48e-07   6.11e-06   3.22e-05   0.000116     0%     0%     0%
  11  emnist_letters_0_1    head          0          0    0.00493    0.00957     8%     6%     0%
  11  emnist_letters_0_1    L1     1.06e-06   4.74e-05   0.000272    0.00146     4%     0%     0%
  12  emnist_letters_2_3    head          0          0    0.00358    0.00677     8%     5%     0%
  12  emnist_letters_2_3    L1     9.97e-07   2.56e-05   0.000202    0.00116     3%     0%     0%
  13  emnist_letters_4_5    head          0          0     0.0058     0.0223     7%     6%     1%
  13  emnist_letters_4_5    L1     2.99e-06   7.34e-05   0.000421    0.00256     7%     0%     0%
  14  emnist_letters_6_7    head          0          0    0.00265    0.00769     7%     3%     0%
  14  emnist_letters_6_7    L1     1.69e-06   2.55e-05   0.000141    0.00101     2%     0%     0%
  15  emnist_letters_8_9    head          0          0    0.00195    0.00537     6%     3%     0%
  15  emnist_letters_8_9    L1     1.53e-06   2.51e-05   0.000115   0.000361     1%     0%     0%

Headline result on this seed (sanity-check vs n=12 means):
  full   0.1953
  domain 0.3750
  task   0.9169
