==============================================================================
Trioron — Step 6 verification: pruning on overcapacity network
==============================================================================
Network:    TrioronNetwork(8->16(relu) → 16->16(relu) → 16->8(tanh))
Params:     552
Pruner:     PruningController(u_threshold=0.0001, T_prune=1000, prune_clock=200, protect_layers=[])
Warmup before pruning: 1500 steps
u_decay (EMA β):       0.99

  step     0  loss 0.1739  nodes [16, 16, 8]  L0=[0.0, 1e-05, 0.0, 1e-05]… L1=[0.0, 0.0, 0.0, 0.0]… L2=[1e-05, 1e-05, 0.0, 0.0]…
  step   200  loss 0.0000  nodes [16, 16, 8]  L0=[0.0, 3e-05, 0.0, 3e-05]… L1=[1e-05, 1e-05, 1e-05, 1e-05]… L2=[2e-05, 2e-05, 1e-05, 2e-05]…
  step   400  loss 0.0000  nodes [16, 16, 8]  L0=[0.0, 1e-05, 0.0, 1e-05]… L1=[0.0, 0.0, 0.0, 1e-05]… L2=[0.0, 0.0, 0.0, 0.0]…
  step   600  loss 0.0000  nodes [16, 16, 8]  L0=[0.0, 0.0, 0.0, 0.0]… L1=[0.0, 0.0, 0.0, 0.0]… L2=[0.0, 0.0, 0.0, 0.0]…
  step   800  loss 0.0000  nodes [16, 16, 8]  L0=[0.0, 0.0, 0.0, 0.0]… L1=[0.0, 0.0, 0.0, 0.0]… L2=[0.0, 0.0, 0.0, 0.0]…
  step  1000  loss 0.0000  nodes [16, 16, 8]  L0=[0.0, 0.0, 0.0, 0.0]… L1=[0.0, 0.0, 0.0, 0.0]… L2=[0.0, 0.0, 0.0, 0.0]…
  step  1200  loss 0.0000  nodes [16, 16, 8]  L0=[0.0, 0.0, 0.0, 0.0]… L1=[0.0, 0.0, 0.0, 0.0]… L2=[0.0, 0.0, 0.0, 0.0]…
  step  1400  loss 0.0000  nodes [16, 16, 8]  L0=[0.0, 0.0, 0.0, 0.0]… L1=[0.0, 0.0, 0.0, 0.0]… L2=[0.0, 0.0, 0.0, 0.0]…
  step  1600  loss 0.0000  nodes [16, 16, 8]  L0=[0.0, 0.0, 0.0, 0.0]… L1=[0.0, 0.0, 0.0, 0.0]… L2=[0.0, 0.0, 0.0, 0.0]…
  step  1800  loss 0.0000  nodes [16, 16, 8]  L0=[0.0, 0.0, 0.0, 0.0]… L1=[0.0, 0.0, 0.0, 0.0]… L2=[0.0, 0.0, 0.0, 0.0]…
  step  2000  loss 0.0000  nodes [16, 16, 8]  L0=[0.0, 0.0, 0.0, 0.0]… L1=[0.0, 0.0, 0.0, 0.0]… L2=[0.0, 0.0, 0.0, 0.0]…
  step  2200  loss 0.0000  nodes [16, 16, 8]  L0=[0.0, 0.0, 0.0, 0.0]… L1=[0.0, 0.0, 0.0, 0.0]… L2=[0.0, 0.0, 0.0, 0.0]…
  step  2400  loss 0.0000  nodes [16, 16, 8]  L0=[0.0, 0.0, 0.0, 0.0]… L1=[0.0, 0.0, 0.0, 0.0]… L2=[0.0, 0.0, 0.0, 0.0]…
  step  2600  loss 0.0000  nodes [1, 1, 1]  L0=[0.0] L1=[0.0] L2=[0.0]  PRUNED: [(0, 15), (0, 14), (0, 13), (0, 12), (0, 11), (0, 10), (0, 9), (0, 8), (0, 7), (0, 6), (0, 5), (0, 4), (0, 3), (0, 2), (0, 1), (1, 15), (1, 14), (1, 13), (1, 12), (1, 11), (1, 10), (1, 9), (1, 8), (1, 7), (1, 6), (1, 5), (1, 4), (1, 3), (1, 2), (1, 1), (2, 7), (2, 6), (2, 5), (2, 4), (2, 3), (2, 2), (2, 1)]
  step  2800  loss 0.3737  nodes [1, 1, 1]  L0=[0.00243] L1=[0.00227] L2=[0.0013]
  step  3000  loss 0.3284  nodes [1, 1, 1]  L0=[0.00318] L1=[0.0027] L2=[0.00188]
  step  3200  loss 0.3466  nodes [1, 1, 1]  L0=[0.00322] L1=[0.00271] L2=[0.00197]
  step  3400  loss 0.2980  nodes [1, 1, 1]  L0=[0.00321] L1=[0.00272] L2=[0.00194]
  step  3600  loss 0.3039  nodes [1, 1, 1]  L0=[0.00327] L1=[0.00282] L2=[0.00195]
  step  3800  loss 0.2735  nodes [1, 1, 1]  L0=[0.00336] L1=[0.00296] L2=[0.00192]
  step  4000  loss 0.2911  nodes [1, 1, 1]  L0=[0.00328] L1=[0.00297] L2=[0.00189]
  step  4200  loss 0.3070  nodes [1, 1, 1]  L0=[0.0033] L1=[0.00305] L2=[0.00184]
  step  4400  loss 0.2437  nodes [1, 1, 1]  L0=[0.0032] L1=[0.00302] L2=[0.00184]
  step  4600  loss 0.2112  nodes [1, 1, 1]  L0=[0.0031] L1=[0.00301] L2=[0.00181]
  step  4800  loss 0.2737  nodes [1, 1, 1]  L0=[0.00303] L1=[0.00302] L2=[0.00179]
  step  5000  loss 0.2571  nodes [1, 1, 1]  L0=[0.00305] L1=[0.00304] L2=[0.00176]
  step  5200  loss 0.2409  nodes [1, 1, 1]  L0=[0.00299] L1=[0.003] L2=[0.00174]
  step  5400  loss 0.2298  nodes [1, 1, 1]  L0=[0.00305] L1=[0.00305] L2=[0.00172]
  step  5600  loss 0.2565  nodes [1, 1, 1]  L0=[0.00308] L1=[0.00308] L2=[0.00172]
  step  5800  loss 0.2486  nodes [1, 1, 1]  L0=[0.00298] L1=[0.00299] L2=[0.00169]
  step  6000  loss 0.2363  nodes [1, 1, 1]  L0=[0.00293] L1=[0.00296] L2=[0.0017]
  step  6200  loss 0.2959  nodes [1, 1, 1]  L0=[0.00301] L1=[0.00301] L2=[0.00171]
  step  6400  loss 0.2413  nodes [1, 1, 1]  L0=[0.00302] L1=[0.00303] L2=[0.0017]
  step  6600  loss 0.2193  nodes [1, 1, 1]  L0=[0.00304] L1=[0.00305] L2=[0.0017]
  step  6800  loss 0.2740  nodes [1, 1, 1]  L0=[0.00306] L1=[0.00307] L2=[0.00171]
  step  7000  loss 0.2566  nodes [1, 1, 1]  L0=[0.00307] L1=[0.00308] L2=[0.00172]
  step  7200  loss 0.3247  nodes [1, 1, 1]  L0=[0.00316] L1=[0.00317] L2=[0.00171]
  step  7400  loss 0.2625  nodes [1, 1, 1]  L0=[0.00318] L1=[0.00318] L2=[0.00172]
  step  7600  loss 0.2412  nodes [1, 1, 1]  L0=[0.0032] L1=[0.0032] L2=[0.00171]
  step  7800  loss 0.2607  nodes [1, 1, 1]  L0=[0.00325] L1=[0.00325] L2=[0.00174]
  step  7999  loss 0.2455  nodes [1, 1, 1]  L0=[0.00328] L1=[0.00327] L2=[0.00172]

==============================================================================
Pruning summary
==============================================================================
  Initial nodes per layer:  [16, 16, 8]
  Final nodes per layer:    [1, 1, 1]
  Latent dim shrunk from 8 → 1
  Pruning events:
    step 2600: [(0, 15), (0, 14), (0, 13), (0, 12), (0, 11), (0, 10), (0, 9), (0, 8), (0, 7), (0, 6), (0, 5), (0, 4), (0, 3), (0, 2), (0, 1), (1, 15), (1, 14), (1, 13), (1, 12), (1, 11), (1, 10), (1, 9), (1, 8), (1, 7), (1, 6), (1, 5), (1, 4), (1, 3), (1, 2), (1, 1), (2, 7), (2, 6), (2, 5), (2, 4), (2, 3), (2, 2), (2, 1)]

  Early-training loss (steps 100–200):  0.0012
  End-of-run loss (last 500 steps):     0.2535

  Calibration sweep references (outputs/capacity_sweep.csv):
    latent=5 plateau ≈ 0.0002    latent=8 plateau ≈ 0.0000

  PARTIAL: latent shrunk to 1, end-of-run loss 0.2535 did not stay below 0.01. Pruning may be too aggressive or redistribution is hurting.
  log: /home/marcrockhat/trioron-project/outputs/pruning_demo_log.csv
