==============================================================================
Trioron — Step 6 verification: pruning on overcapacity network
==============================================================================
Network:    TrioronNetwork(8->16(relu) → 16->16(relu) → 16->8(tanh))
Params:     552
Pruner:     PruningController(u_threshold=0.0001, T_prune=1000, prune_clock=200, protect_layers=[])
Warmup before pruning: 1500 steps
u_decay (EMA β):       0.99

  step     0  loss 0.1739  nodes [16, 16, 8]  L0=[0.0, 0.00108, 0.00034, 0.00159]… L1=[0.00013, 0.00055, 4e-05, 0.00022]… L2=[0.00028, 0.00026, 0.00019, 0.00022]…
  step   200  loss 0.0000  nodes [16, 16, 8]  L0=[0.00012, 0.08604, 0.07734, 0.17753]… L1=[0.12156, 0.0703, 0.07746, 0.22095]… L2=[0.16528, 0.14312, 0.16332, 0.11972]…
  step   400  loss 0.0000  nodes [16, 16, 8]  L0=[0.00013, 0.10085, 0.12305, 0.20917]… L1=[0.15335, 0.08361, 0.09778, 0.29723]… L2=[0.22759, 0.171, 0.22178, 0.17948]…
  step   600  loss 0.0000  nodes [16, 16, 8]  L0=[9e-05, 0.10693, 0.14171, 0.21658]… L1=[0.16893, 0.08244, 0.09314, 0.32327]… L2=[0.2506, 0.17918, 0.2325, 0.21442]…
  step   800  loss 0.0000  nodes [16, 16, 8]  L0=[8e-05, 0.10991, 0.14813, 0.21848]… L1=[0.18342, 0.09622, 0.09008, 0.35494]… L2=[0.27044, 0.17817, 0.22866, 0.22982]…
  step  1000  loss 0.0000  nodes [16, 16, 8]  L0=[5e-05, 0.11393, 0.15248, 0.22009]… L1=[0.17889, 0.10315, 0.08906, 0.3607]… L2=[0.28192, 0.16604, 0.23513, 0.2347]…
  step  1200  loss 0.0000  nodes [16, 16, 8]  L0=[7e-05, 0.11329, 0.15683, 0.21819]… L1=[0.17961, 0.10271, 0.08523, 0.35971]… L2=[0.29106, 0.16712, 0.23401, 0.24713]…
  step  1400  loss 0.0000  nodes [16, 16, 8]  L0=[8e-05, 0.11386, 0.16472, 0.2166]… L1=[0.17741, 0.10012, 0.08592, 0.34841]… L2=[0.29703, 0.17592, 0.24128, 0.25241]…
  step  1600  loss 0.0000  nodes [16, 16, 8]  L0=[8e-05, 0.10949, 0.16235, 0.21484]… L1=[0.17544, 0.09508, 0.08431, 0.37214]… L2=[0.31031, 0.17531, 0.22436, 0.25535]…
  step  1800  loss 0.0000  nodes [16, 16, 8]  L0=[8e-05, 0.11153, 0.16099, 0.21575]… L1=[0.16676, 0.08119, 0.08849, 0.36582]… L2=[0.30778, 0.18932, 0.2336, 0.23943]…
  step  2000  loss 0.0000  nodes [16, 16, 8]  L0=[9e-05, 0.11197, 0.15246, 0.21544]… L1=[0.16627, 0.07264, 0.08672, 0.38093]… L2=[0.30931, 0.19529, 0.2142, 0.22899]…
  step  2200  loss 0.0000  nodes [16, 16, 8]  L0=[8e-05, 0.11883, 0.14952, 0.21649]… L1=[0.15935, 0.07254, 0.08115, 0.37072]… L2=[0.30871, 0.17304, 0.22525, 0.22808]…
  step  2400  loss 0.0000  nodes [16, 16, 8]  L0=[6e-05, 0.12014, 0.15524, 0.21629]… L1=[0.15808, 0.06096, 0.07951, 0.38684]… L2=[0.32784, 0.20482, 0.20875, 0.22317]…
  step  2600  loss 0.0000  nodes [15, 15, 8]  L0=[0.11969, 0.16293, 0.21915, 0.06575]… L1=[0.16163, 0.08552, 0.08935, 0.36976]… L2=[0.31703, 0.20752, 0.20992, 0.24622]…  PRUNED: [(0, 0), (1, 9)]
  step  2800  loss 0.0000  nodes [15, 15, 8]  L0=[0.12316, 0.16967, 0.21298, 0.06547]… L1=[0.17444, 0.07758, 0.10843, 0.34609]… L2=[0.16423, 0.27788, 0.19033, 0.26979]…
  step  3000  loss 0.0000  nodes [15, 15, 8]  L0=[0.12221, 0.17688, 0.21115, 0.06067]… L1=[0.18505, 0.09178, 0.12009, 0.35353]… L2=[0.13835, 0.32371, 0.25254, 0.28714]…
  step  3200  loss 0.0010  nodes [15, 15, 8]  L0=[0.12073, 0.19011, 0.20614, 0.0578]… L1=[0.18508, 0.10493, 0.13894, 0.344]… L2=[0.18804, 0.33392, 0.27282, 0.2922]…
  step  3400  loss 0.0000  nodes [15, 15, 8]  L0=[0.11562, 0.1955, 0.20924, 0.05682]… L1=[0.17531, 0.11582, 0.14563, 0.31638]… L2=[0.19367, 0.3432, 0.26854, 0.26396]…
  step  3600  loss 0.0000  nodes [15, 14, 8]  L0=[0.11751, 0.1978, 0.1977, 0.05606]… L1=[0.18061, 0.106, 0.13288, 0.3108]… L2=[0.2023, 0.35742, 0.24849, 0.27769]…  PRUNED: [(1, 10)]
  step  3800  loss 0.0000  nodes [15, 14, 8]  L0=[0.1277, 0.19704, 0.1945, 0.05736]… L1=[0.20235, 0.09388, 0.1226, 0.37888]… L2=[0.25048, 0.3171, 0.28732, 0.2886]…
  step  4000  loss 0.0000  nodes [15, 14, 8]  L0=[0.13438, 0.20314, 0.18517, 0.05288]… L1=[0.21283, 0.07828, 0.11182, 0.31456]… L2=[0.25918, 0.26116, 0.30521, 0.28721]…
  step  4200  loss 0.0000  nodes [15, 14, 8]  L0=[0.13237, 0.20714, 0.18895, 0.05329]… L1=[0.22289, 0.09171, 0.12542, 0.31523]… L2=[0.28251, 0.31371, 0.29725, 0.23681]…
  step  4400  loss 0.0000  nodes [15, 14, 8]  L0=[0.13548, 0.20738, 0.19471, 0.0574]… L1=[0.21941, 0.09556, 0.12797, 0.37141]… L2=[0.27155, 0.34016, 0.29077, 0.29986]…
  step  4600  loss 0.0000  nodes [15, 13, 8]  L0=[0.1424, 0.20602, 0.20047, 0.05952]… L1=[0.20193, 0.09555, 0.1314, 0.42215]… L2=[0.25116, 0.35892, 0.30236, 0.28882]…  PRUNED: [(1, 9)]
  step  4800  loss 0.0000  nodes [15, 13, 8]  L0=[0.13052, 0.19825, 0.20796, 0.05711]… L1=[0.2012, 0.09926, 0.09468, 0.39343]… L2=[0.22365, 0.35051, 0.31354, 0.31807]…
  step  5000  loss 0.0000  nodes [15, 13, 8]  L0=[0.1163, 0.1889, 0.20388, 0.05335]… L1=[0.22335, 0.115, 0.06162, 0.39943]… L2=[0.27724, 0.31328, 0.28029, 0.32935]…
  step  5200  loss 0.0000  nodes [15, 13, 8]  L0=[0.12704, 0.1868, 0.19284, 0.05171]… L1=[0.21882, 0.10661, 0.05099, 0.40771]… L2=[0.31929, 0.34076, 0.28434, 0.33837]…
  step  5400  loss 0.0000  nodes [15, 13, 8]  L0=[0.12268, 0.20047, 0.19438, 0.05801]… L1=[0.24057, 0.06074, 0.052, 0.45477]… L2=[0.31756, 0.33957, 0.25017, 0.321]…
  step  5600  loss 0.0000  nodes [15, 13, 8]  L0=[0.1249, 0.20939, 0.17872, 0.05419]… L1=[0.21305, 0.02409, 0.0693, 0.41055]… L2=[0.35385, 0.35236, 0.27386, 0.31321]…
  step  5800  loss 0.0000  nodes [15, 13, 8]  L0=[0.12781, 0.20904, 0.17575, 0.05195]… L1=[0.21132, 0.0121, 0.0843, 0.43082]… L2=[0.37699, 0.36375, 0.27836, 0.31249]…
  step  6000  loss 0.0000  nodes [15, 13, 8]  L0=[0.14009, 0.20497, 0.18914, 0.05146]… L1=[0.22553, 0.05013, 0.06421, 0.41507]… L2=[0.34656, 0.36012, 0.28555, 0.32365]…
  step  6200  loss 0.0000  nodes [15, 13, 8]  L0=[0.15091, 0.20317, 0.19063, 0.05249]… L1=[0.27505, 0.08782, 0.10637, 0.35581]… L2=[0.40738, 0.32988, 0.27826, 0.35899]…
  step  6400  loss 0.0000  nodes [14, 13, 8]  L0=[0.14892, 0.1965, 0.18983, 0.05291]… L1=[0.30149, 0.08731, 0.08028, 0.368]… L2=[0.40488, 0.38724, 0.27209, 0.36762]…  PRUNED: [(0, 13)]
  step  6600  loss 0.0000  nodes [14, 13, 8]  L0=[0.13141, 0.19433, 0.17275, 0.05197]… L1=[0.26019, 0.14108, 0.09606, 0.30818]… L2=[0.36884, 0.39246, 0.30931, 0.37142]…
  step  6800  loss 0.0000  nodes [14, 13, 8]  L0=[0.12692, 0.19204, 0.16857, 0.05146]… L1=[0.25819, 0.14716, 0.10017, 0.30291]… L2=[0.36295, 0.38755, 0.31277, 0.37453]…
  step  7000  loss 0.0000  nodes [14, 13, 8]  L0=[0.12597, 0.19187, 0.16821, 0.0511]… L1=[0.25773, 0.14879, 0.10221, 0.30635]… L2=[0.36443, 0.38483, 0.316, 0.37392]…
  step  7200  loss 0.0000  nodes [14, 13, 8]  L0=[0.17141, 0.1655, 0.14192, 0.05048]… L1=[0.29102, 0.0683, 0.04343, 0.3111]… L2=[0.40386, 0.40057, 0.31419, 0.34028]…
  step  7400  loss 0.0000  nodes [14, 13, 8]  L0=[0.17248, 0.17007, 0.12269, 0.0489]… L1=[0.27489, 0.05502, 0.05056, 0.26151]… L2=[0.43805, 0.33316, 0.33234, 0.25532]…
  step  7600  loss 0.0000  nodes [14, 13, 8]  L0=[0.17473, 0.17125, 0.12904, 0.05395]… L1=[0.25813, 0.04699, 0.03815, 0.301]… L2=[0.42529, 0.2744, 0.37791, 0.36137]…
  step  7800  loss 0.0000  nodes [14, 13, 8]  L0=[0.16659, 0.17886, 0.11177, 0.04897]… L1=[0.27238, 0.03579, 0.02807, 0.27151]… L2=[0.45305, 0.31028, 0.35066, 0.30274]…
  step  7999  loss 0.0000  nodes [14, 13, 8]  L0=[0.15564, 0.18886, 0.12547, 0.05181]… L1=[0.25343, 0.04913, 0.02244, 0.27579]… L2=[0.45583, 0.36903, 0.2764, 0.32549]…

==============================================================================
Pruning summary
==============================================================================
  Initial nodes per layer:  [16, 16, 8]
  Final nodes per layer:    [14, 13, 8]
  Latent dim shrunk from 8 → 8
  Pruning events:
    step 2600: [(0, 0), (1, 9)]
    step 3600: [(1, 10)]
    step 4600: [(1, 9)]
    step 6400: [(0, 13)]

  Early-training loss (steps 100–200):  0.0012
  End-of-run loss (last 500 steps):     0.0000

  Calibration sweep references (outputs/capacity_sweep.csv):
    latent=5 plateau ≈ 0.0002    latent=8 plateau ≈ 0.0000

  PARTIAL: no latent-layer pruning occurred. Either the network is using all 8 dims (capacity isn't actually overallocated for this seed/init) or threshold/T_prune need tuning.
  log: /home/marcrockhat/trioron-project/outputs/pruning_demo_log.csv
