A.L.E: Arcade Learning Environment (version 0.11.2+ecc1138)
[Powered by Stella]
/home/marcrockhat/.local/lib/python3.10/site-packages/gymnasium/wrappers/rendering.py:292: UserWarning: [33mWARN: Overwriting existing videos at /home/marcrockhat/trioron-project/outputs/atari_primitive_donors/dream_loop_multiseed_v2/seed3 folder (try specifying a different `video_folder` for the `RecordVideo` wrapper if this is not desired)[0m
  logger.warn(
/home/marcrockhat/.local/lib/python3.10/site-packages/gymnasium/wrappers/rendering.py:292: UserWarning: [33mWARN: Overwriting existing videos at /home/marcrockhat/trioron-project/outputs/atari_primitive_donors/dream_loop_multiseed_v2/seed3 folder (try specifying a different `video_folder` for the `RecordVideo` wrapper if this is not desired)[0m
  logger.warn(

[ep 1/10 seed=3] return=-20.0 length=2295 (33.2s)
  celebration: 77 flagged frames, 77 positive-replay examples
    CATCH: 28 reinforcements
    SMASH: 2 reinforcements
    PREPOS: 47 reinforcements
  positive buffer: CATCH=28, SMASH=2, PREPOS=47
  frustration: 630 flagged frames, 104 agent-vs-oracle disagreements
    CATCH: 104 corrections
    SMASH: 0 corrections
    PREPOS: 0 corrections
  retrain set [CATCH]: corr=104 reinf=28 buffer=28
  retraining CATCH with 160 corrections...

[grown_capped_dream] start — arch (64, 32, 2)  params 2786 (trainable 2146)  growth=True dream=True  cap_bytes=4000  K=1  passes=1  epochs/task=6  rehearsal=off  lwf=off  brainstem=off  engrams=off  hippocampus=off  differential=off  manifold=on

[grown_capped_dream] >>> PASS 1/1  grows_per_task=4  (developmental)

[grown_capped_dream] === Pass 1/1 Task 1/1: SKILL_CATCH (active [210, 211, 212])  pre-arch=[64, 32, 213] params=9749 (trainable 9109/1000) ===
  [grown_capped_dream] task 1/1 (SKILL_CATCH) epoch 1/6 [settle]  avg_loss 1.0527  last_loss 0.7657  steps 73  arch [64, 32, 213]
  [grown_capped_dream] task 1/1 (SKILL_CATCH) epoch 2/6 [settle]  avg_loss 0.6695  last_loss 0.5235  steps 146  arch [64, 32, 213]
  [grown_capped_dream] dream-rescue insufficient: purges=4; growth still denied (cap_exceeded(projected=33100B > cap=4000B))
  [grown_capped_dream] task 1/1 (SKILL_CATCH) epoch 3/6 [post-grow]  avg_loss 0.5006  last_loss 0.4219  steps 73  arch [64, 28, 213]
  [grown_capped_dream] task 1/1 (SKILL_CATCH) epoch 4/6 [post-grow]  avg_loss 0.4123  last_loss 0.3741  steps 146  arch [64, 28, 213]
  [grown_capped_dream] task 1/1 (SKILL_CATCH) epoch 5/6 [post-grow]  avg_loss 0.3616  last_loss 0.3645  steps 219  arch [64, 28, 213]
  [grown_capped_dream] task 1/1 (SKILL_CATCH) epoch 6/6 [post-grow]  avg_loss 0.3253  last_loss 0.2683  steps 292  arch [64, 28, 213]
  [grown_capped_dream] post-task DREAM: replay 0.3204→0.3100 on 1p; merges=0 purges=0 latched=0 → arch [64, 28, 213] (8637→8637 params)
[grown_capped_dream] After pass 1 task 1: own=0.2592 (domain 0.8983, task 0.8983)  avg=0.2592 (domain 0.8983, task 0.8983)  arch=[64, 28, 213] params=8637 (trainable 7997)  cum_grows=0 cum_denied=1 cum_purges=4 cum_latched=0

[grown_capped_dream] <<< PASS 1/1 done — full=0.2592  domain=0.8983  task=0.8983
  retrain set [PREPOS]: corr=0 reinf=47 buffer=47
  retraining PREPOS with 94 corrections...

[grown_capped_dream] start — arch (64, 32, 2)  params 2786 (trainable 2146)  growth=True dream=True  cap_bytes=4000  K=1  passes=1  epochs/task=6  rehearsal=off  lwf=off  brainstem=off  engrams=off  hippocampus=off  differential=off  manifold=on

[grown_capped_dream] >>> PASS 1/1  grows_per_task=4  (developmental)

[grown_capped_dream] === Pass 1/1 Task 1/1: SKILL_PREPOS (active [230, 231, 232])  pre-arch=[64, 32, 233] params=10409 (trainable 9769/1000) ===
  [grown_capped_dream] task 1/1 (SKILL_PREPOS) epoch 1/6 [settle]  avg_loss 0.9747  last_loss 0.7430  steps 72  arch [64, 32, 233]
  [grown_capped_dream] task 1/1 (SKILL_PREPOS) epoch 2/6 [settle]  avg_loss 0.6242  last_loss 0.5256  steps 144  arch [64, 32, 233]
  [grown_capped_dream] dream-rescue insufficient: purges=4; growth still denied (cap_exceeded(projected=35500B > cap=4000B))
  [grown_capped_dream] task 1/1 (SKILL_PREPOS) epoch 3/6 [post-grow]  avg_loss 0.4718  last_loss 0.5245  steps 72  arch [64, 28, 233]
  [grown_capped_dream] task 1/1 (SKILL_PREPOS) epoch 4/6 [post-grow]  avg_loss 0.3688  last_loss 0.3234  steps 144  arch [64, 28, 233]
  [grown_capped_dream] task 1/1 (SKILL_PREPOS) epoch 5/6 [post-grow]  avg_loss 0.3098  last_loss 0.2704  steps 216  arch [64, 28, 233]
  [grown_capped_dream] task 1/1 (SKILL_PREPOS) epoch 6/6 [post-grow]  avg_loss 0.2706  last_loss 0.2401  steps 288  arch [64, 28, 233]
  [grown_capped_dream] post-task DREAM: replay 0.2758→0.2608 on 1p; merges=0 purges=0 latched=0 → arch [64, 28, 233] (9217→9217 params)
[grown_capped_dream] After pass 1 task 1: own=0.3000 (domain 0.9033, task 0.9033)  avg=0.3000 (domain 0.9033, task 0.9033)  arch=[64, 28, 233] params=9217 (trainable 8577)  cum_grows=0 cum_denied=1 cum_purges=4 cum_latched=0

[grown_capped_dream] <<< PASS 1/1 done — full=0.3000  domain=0.9033  task=0.9033

[ep 2/10 seed=3] return=+1.0 length=8000 (19.1s)
  celebration: 77 flagged frames, 77 positive-replay examples
    CATCH: 28 reinforcements
    SMASH: 2 reinforcements
    PREPOS: 47 reinforcements
  positive buffer: CATCH=56, SMASH=4, PREPOS=94
  net win (return=+1.0) — skipping dream

[ep 3/10 seed=3] return=+1.0 length=8000 (18.9s)
  celebration: 77 flagged frames, 77 positive-replay examples
    CATCH: 28 reinforcements
    SMASH: 2 reinforcements
    PREPOS: 47 reinforcements
  positive buffer: CATCH=84, SMASH=6, PREPOS=141
  net win (return=+1.0) — skipping dream

[ep 4/10 seed=3] return=+1.0 length=8000 (19.4s)
  celebration: 77 flagged frames, 77 positive-replay examples
    CATCH: 28 reinforcements
    SMASH: 2 reinforcements
    PREPOS: 47 reinforcements
  positive buffer: CATCH=112, SMASH=8, PREPOS=188
  net win (return=+1.0) — skipping dream

[ep 5/10 seed=3] return=+1.0 length=8000 (17.4s)
  celebration: 77 flagged frames, 77 positive-replay examples
    CATCH: 28 reinforcements
    SMASH: 2 reinforcements
    PREPOS: 47 reinforcements
  positive buffer: CATCH=140, SMASH=10, PREPOS=235
  net win (return=+1.0) — skipping dream

[ep 6/10 seed=3] return=+1.0 length=8000 (19.5s)
  celebration: 77 flagged frames, 77 positive-replay examples
    CATCH: 28 reinforcements
    SMASH: 2 reinforcements
    PREPOS: 47 reinforcements
  positive buffer: CATCH=168, SMASH=12, PREPOS=282
  net win (return=+1.0) — skipping dream

[ep 7/10 seed=3] return=+1.0 length=8000 (17.6s)
  celebration: 77 flagged frames, 77 positive-replay examples
    CATCH: 28 reinforcements
    SMASH: 2 reinforcements
    PREPOS: 47 reinforcements
  positive buffer: CATCH=196, SMASH=14, PREPOS=329
  net win (return=+1.0) — skipping dream

[ep 8/10 seed=3] return=+1.0 length=8000 (17.5s)
  celebration: 77 flagged frames, 77 positive-replay examples
    CATCH: 28 reinforcements
    SMASH: 2 reinforcements
    PREPOS: 47 reinforcements
  positive buffer: CATCH=224, SMASH=16, PREPOS=376
  net win (return=+1.0) — skipping dream

[ep 9/10 seed=3] return=+1.0 length=8000 (19.2s)
  celebration: 77 flagged frames, 77 positive-replay examples
    CATCH: 28 reinforcements
    SMASH: 2 reinforcements
    PREPOS: 47 reinforcements
  positive buffer: CATCH=252, SMASH=18, PREPOS=423
  net win (return=+1.0) — skipping dream

[ep 10/10 seed=3] return=+1.0 length=8000 (267.4s)
  celebration: 77 flagged frames, 77 positive-replay examples
    CATCH: 28 reinforcements
    SMASH: 2 reinforcements
    PREPOS: 47 reinforcements
  positive buffer: CATCH=280, SMASH=20, PREPOS=470
  net win (return=+1.0) — skipping dream

=== Dream-loop trajectory ===
  ep 1: -20.0
  ep 2: +1.0
  ep 3: +1.0
  ep 4: +1.0
  ep 5: +1.0
  ep 6: +1.0
  ep 7: +1.0
  ep 8: +1.0
  ep 9: +1.0
  ep 10: +1.0
  delta (last - first): +21.0
